-- The C compiler identification is GNU 9.3.0
-- The CXX compiler identification is GNU 9.3.0
-- Check for working C compiler: /usr/bin/cc
-- Check for working C compiler: /usr/bin/cc -- works
-- Detecting C compiler ABI info
-- Detecting C compiler ABI info - done
-- Detecting C compile features
-- Detecting C compile features - done
-- Check for working CXX compiler: /usr/bin/c++
-- Check for working CXX compiler: /usr/bin/c++ -- works
-- Detecting CXX compiler ABI info
-- Detecting CXX compiler ABI info - done
-- Detecting CXX compile features
-- Detecting CXX compile features - done
-- Found ament_cmake: 0.9.8 (/home/jzn/ros2_foxy/ros2-linux/share/ament_cmake/cmake)
-- Found PythonInterp: /usr/bin/python3 (found suitable version "3.8.5", minimum required is "3") 
-- Using PYTHON_EXECUTABLE: /usr/bin/python3
-- Found rclcpp: 2.3.0 (/home/jzn/ros2_foxy/ros2-linux/share/rclcpp/cmake)
-- Using all available rosidl_typesupport_c: rosidl_typesupport_connext_c;rosidl_typesupport_fastrtps_c;rosidl_typesupport_introspection_c
-- Found rosidl_adapter: 1.2.0 (/home/jzn/ros2_foxy/ros2-linux/share/rosidl_adapter/cmake)
-- Could not find RTI Connext - skipping rosidl_typesupport_connext_c
-- Could not find RTI Connext - skipping rosidl_typesupport_connext_cpp
-- Found OpenSSL: /usr/lib/x86_64-linux-gnu/libcrypto.so (found version "1.1.1f")  
-- Found FastRTPS: /home/jzn/ros2_foxy/ros2-linux/include  
-- Using all available rosidl_typesupport_cpp: rosidl_typesupport_connext_cpp;rosidl_typesupport_fastrtps_cpp;rosidl_typesupport_introspection_cpp
-- Found rmw_implementation_cmake: 1.0.2 (/home/jzn/ros2_foxy/ros2-linux/share/rmw_implementation_cmake/cmake)
-- Using RMW implementation 'rmw_fastrtps_cpp' as default
-- Looking for pthread.h
-- Looking for pthread.h - found
-- Performing Test CMAKE_HAVE_LIBC_PTHREAD
-- Performing Test CMAKE_HAVE_LIBC_PTHREAD - Failed
-- Looking for pthread_create in pthreads
-- Looking for pthread_create in pthreads - not found
-- Looking for pthread_create in pthread
-- Looking for pthread_create in pthread - found
-- Found Threads: TRUE  
-- Found rclpy: 1.0.4 (/home/jzn/ros2_foxy/ros2-linux/share/rclpy/cmake)
-- Found ament_lint_auto: 0.9.6 (/home/jzn/ros2_foxy/ros2-linux/share/ament_lint_auto/cmake)
-- Added test 'copyright' to check source files copyright and LICENSE
-- Added test 'cppcheck' to perform static code analysis on C / C++ code
-- Configured cppcheck include dirs: 
-- Configured cppcheck exclude dirs and/or files: 
-- Added test 'cpplint' to check C / C++ code against the Google style
-- Configured cpplint exclude dirs and/or files: 
-- Added test 'flake8' to check Python code syntax and style conventions
-- Added test 'lint_cmake' to check CMake code style
-- Added test 'pep257' to check Python code against some of the style conventions in PEP 257
-- Added test 'uncrustify' to check C / C++ code style
-- Configured uncrustify additional arguments: 
-- Added test 'xmllint' to check XML markup files
-- Configuring done
-- Generating done
-- Build files have been written to: /home/jzn/hal/HAL/HAL/src/hydrophone_processor_pkg/build/hydrophone_processor_pkg
-- Install configuration: ""
-- Installing: /home/jzn/hal/HAL/HAL/src/hydrophone_processor_pkg/install/hydrophone_processor_pkg/share/hydrophone_processor_pkg/environment/pythonpath.sh
-- Installing: /home/jzn/hal/HAL/HAL/src/hydrophone_processor_pkg/install/hydrophone_processor_pkg/share/hydrophone_processor_pkg/environment/pythonpath.dsv
-- Installing: /home/jzn/hal/HAL/HAL/src/hydrophone_processor_pkg/install/hydrophone_processor_pkg/lib/python3.8/site-packages/hydrophone_processor_pkg
-- Installing: /home/jzn/hal/HAL/HAL/src/hydrophone_processor_pkg/install/hydrophone_processor_pkg/lib/python3.8/site-packages/hydrophone_processor_pkg/__init__.py
Listing '/home/jzn/hal/HAL/HAL/src/hydrophone_processor_pkg/install/hydrophone_processor_pkg/lib/python3.8/site-packages/hydrophone_processor_pkg'...
Compiling '/home/jzn/hal/HAL/HAL/src/hydrophone_processor_pkg/install/hydrophone_processor_pkg/lib/python3.8/site-packages/hydrophone_processor_pkg/__init__.py'...
-- Installing: /home/jzn/hal/HAL/HAL/src/hydrophone_processor_pkg/install/hydrophone_processor_pkg/lib/hydrophone_processor_pkg/hydrophone_processor_aclient.py
-- Installing: /home/jzn/hal/HAL/HAL/src/hydrophone_processor_pkg/install/hydrophone_processor_pkg/lib/hydrophone_processor_pkg/hydrophone_processor_aserver.py
-- Installing: /home/jzn/hal/HAL/HAL/src/hydrophone_processor_pkg/install/hydrophone_processor_pkg/share/ament_index/resource_index/package_run_dependencies/hydrophone_processor_pkg
-- Installing: /home/jzn/hal/HAL/HAL/src/hydrophone_processor_pkg/install/hydrophone_processor_pkg/share/ament_index/resource_index/parent_prefix_path/hydrophone_processor_pkg
-- Installing: /home/jzn/hal/HAL/HAL/src/hydrophone_processor_pkg/install/hydrophone_processor_pkg/share/hydrophone_processor_pkg/environment/ament_prefix_path.sh
-- Installing: /home/jzn/hal/HAL/HAL/src/hydrophone_processor_pkg/install/hydrophone_processor_pkg/share/hydrophone_processor_pkg/environment/ament_prefix_path.dsv
-- Installing: /home/jzn/hal/HAL/HAL/src/hydrophone_processor_pkg/install/hydrophone_processor_pkg/share/hydrophone_processor_pkg/environment/path.sh
-- Installing: /home/jzn/hal/HAL/HAL/src/hydrophone_processor_pkg/install/hydrophone_processor_pkg/share/hydrophone_processor_pkg/environment/path.dsv
-- Installing: /home/jzn/hal/HAL/HAL/src/hydrophone_processor_pkg/install/hydrophone_processor_pkg/share/hydrophone_processor_pkg/local_setup.bash
-- Installing: /home/jzn/hal/HAL/HAL/src/hydrophone_processor_pkg/install/hydrophone_processor_pkg/share/hydrophone_processor_pkg/local_setup.sh
-- Installing: /home/jzn/hal/HAL/HAL/src/hydrophone_processor_pkg/install/hydrophone_processor_pkg/share/hydrophone_processor_pkg/local_setup.zsh
-- Installing: /home/jzn/hal/HAL/HAL/src/hydrophone_processor_pkg/install/hydrophone_processor_pkg/share/hydrophone_processor_pkg/local_setup.dsv
-- Installing: /home/jzn/hal/HAL/HAL/src/hydrophone_processor_pkg/install/hydrophone_processor_pkg/share/hydrophone_processor_pkg/package.dsv
-- Installing: /home/jzn/hal/HAL/HAL/src/hydrophone_processor_pkg/install/hydrophone_processor_pkg/share/ament_index/resource_index/packages/hydrophone_processor_pkg
-- Installing: /home/jzn/hal/HAL/HAL/src/hydrophone_processor_pkg/install/hydrophone_processor_pkg/share/hydrophone_processor_pkg/cmake/hydrophone_processor_pkgConfig.cmake
-- Installing: /home/jzn/hal/HAL/HAL/src/hydrophone_processor_pkg/install/hydrophone_processor_pkg/share/hydrophone_processor_pkg/cmake/hydrophone_processor_pkgConfig-version.cmake
-- Installing: /home/jzn/hal/HAL/HAL/src/hydrophone_processor_pkg/install/hydrophone_processor_pkg/share/hydrophone_processor_pkg/package.xml
