[0.174s] Invoking command in '/home/jzn/hal/HAL/HAL/src/hydrophone_processor_pkg/build/hydrophone_processor_pkg': CMAKE_PREFIX_PATH=${CMAKE_PREFIX_PATH}:/home/jzn/hal/HAL/HAL/install/hydrophone_streamer:/opt/ros/foxy /usr/bin/cmake /home/jzn/hal/HAL/HAL/src/hydrophone_processor_pkg -DCMAKE_INSTALL_PREFIX=/home/jzn/hal/HAL/HAL/src/hydrophone_processor_pkg/install/hydrophone_processor_pkg
[1.384s] -- The C compiler identification is GNU 9.3.0
[2.146s] -- The CXX compiler identification is GNU 9.3.0
[2.228s] -- Check for working C compiler: /usr/bin/cc
[2.361s] -- Check for working C compiler: /usr/bin/cc -- works
[2.364s] -- Detecting C compiler ABI info
[2.446s] -- Detecting C compiler ABI info - done
[2.464s] -- Detecting C compile features
[2.465s] -- Detecting C compile features - done
[2.470s] -- Check for working CXX compiler: /usr/bin/c++
[2.543s] -- Check for working CXX compiler: /usr/bin/c++ -- works
[2.544s] -- Detecting CXX compiler ABI info
[2.628s] -- Detecting CXX compiler ABI info - done
[2.640s] -- Detecting CXX compile features
[2.640s] -- Detecting CXX compile features - done
[2.750s] -- Found ament_cmake: 0.9.8 (/home/jzn/ros2_foxy/ros2-linux/share/ament_cmake/cmake)
[2.827s] -- Found PythonInterp: /usr/bin/python3 (found suitable version "3.8.5", minimum required is "3") 
[2.827s] -- Using PYTHON_EXECUTABLE: /usr/bin/python3
[3.187s] -- Found rclcpp: 2.3.0 (/home/jzn/ros2_foxy/ros2-linux/share/rclcpp/cmake)
[3.602s] -- Using all available rosidl_typesupport_c: rosidl_typesupport_connext_c;rosidl_typesupport_fastrtps_c;rosidl_typesupport_introspection_c
[3.641s] -- Found rosidl_adapter: 1.2.0 (/home/jzn/ros2_foxy/ros2-linux/share/rosidl_adapter/cmake)
[3.790s] -- Could not find RTI Connext - skipping rosidl_typesupport_connext_c
[3.828s] -- Could not find RTI Connext - skipping rosidl_typesupport_connext_cpp
[4.212s] -- Found OpenSSL: /usr/lib/x86_64-linux-gnu/libcrypto.so (found version "1.1.1f")  
[4.259s] -- Found FastRTPS: /home/jzn/ros2_foxy/ros2-linux/include  
[4.358s] -- Using all available rosidl_typesupport_cpp: rosidl_typesupport_connext_cpp;rosidl_typesupport_fastrtps_cpp;rosidl_typesupport_introspection_cpp
[4.494s] -- Found rmw_implementation_cmake: 1.0.2 (/home/jzn/ros2_foxy/ros2-linux/share/rmw_implementation_cmake/cmake)
[4.518s] -- Using RMW implementation 'rmw_fastrtps_cpp' as default
[4.539s] -- Looking for pthread.h
[4.761s] -- Looking for pthread.h - found
[4.761s] -- Performing Test CMAKE_HAVE_LIBC_PTHREAD
[4.860s] -- Performing Test CMAKE_HAVE_LIBC_PTHREAD - Failed
[4.860s] -- Looking for pthread_create in pthreads
[4.933s] -- Looking for pthread_create in pthreads - not found
[4.934s] -- Looking for pthread_create in pthread
[5.002s] -- Looking for pthread_create in pthread - found
[5.003s] -- Found Threads: TRUE  
[5.312s] -- Found rclpy: 1.0.4 (/home/jzn/ros2_foxy/ros2-linux/share/rclpy/cmake)
[5.317s] -- Found ament_lint_auto: 0.9.6 (/home/jzn/ros2_foxy/ros2-linux/share/ament_lint_auto/cmake)
[5.524s] -- Added test 'copyright' to check source files copyright and LICENSE
[5.542s] -- Added test 'cppcheck' to perform static code analysis on C / C++ code
[5.543s] -- Configured cppcheck include dirs: 
[5.543s] -- Configured cppcheck exclude dirs and/or files: 
[5.548s] -- Added test 'cpplint' to check C / C++ code against the Google style
[5.548s] -- Configured cpplint exclude dirs and/or files: 
[5.551s] -- Added test 'flake8' to check Python code syntax and style conventions
[5.554s] -- Added test 'lint_cmake' to check CMake code style
[5.556s] -- Added test 'pep257' to check Python code against some of the style conventions in PEP 257
[5.562s] -- Added test 'uncrustify' to check C / C++ code style
[5.562s] -- Configured uncrustify additional arguments: 
[5.564s] -- Added test 'xmllint' to check XML markup files
[5.570s] -- Configuring done
[5.572s] -- Generating done
[5.574s] -- Build files have been written to: /home/jzn/hal/HAL/HAL/src/hydrophone_processor_pkg/build/hydrophone_processor_pkg
[5.594s] Invoked command in '/home/jzn/hal/HAL/HAL/src/hydrophone_processor_pkg/build/hydrophone_processor_pkg' returned '0': CMAKE_PREFIX_PATH=${CMAKE_PREFIX_PATH}:/home/jzn/hal/HAL/HAL/install/hydrophone_streamer:/opt/ros/foxy /usr/bin/cmake /home/jzn/hal/HAL/HAL/src/hydrophone_processor_pkg -DCMAKE_INSTALL_PREFIX=/home/jzn/hal/HAL/HAL/src/hydrophone_processor_pkg/install/hydrophone_processor_pkg
[5.595s] Invoking command in '/home/jzn/hal/HAL/HAL/src/hydrophone_processor_pkg/build/hydrophone_processor_pkg': CMAKE_PREFIX_PATH=${CMAKE_PREFIX_PATH}:/home/jzn/hal/HAL/HAL/install/hydrophone_streamer:/opt/ros/foxy /usr/bin/cmake --build /home/jzn/hal/HAL/HAL/src/hydrophone_processor_pkg/build/hydrophone_processor_pkg -- -j1 -l1
[5.646s] Invoked command in '/home/jzn/hal/HAL/HAL/src/hydrophone_processor_pkg/build/hydrophone_processor_pkg' returned '0': CMAKE_PREFIX_PATH=${CMAKE_PREFIX_PATH}:/home/jzn/hal/HAL/HAL/install/hydrophone_streamer:/opt/ros/foxy /usr/bin/cmake --build /home/jzn/hal/HAL/HAL/src/hydrophone_processor_pkg/build/hydrophone_processor_pkg -- -j1 -l1
[5.682s] Invoking command in '/home/jzn/hal/HAL/HAL/src/hydrophone_processor_pkg/build/hydrophone_processor_pkg': CMAKE_PREFIX_PATH=${CMAKE_PREFIX_PATH}:/home/jzn/hal/HAL/HAL/install/hydrophone_streamer:/opt/ros/foxy /usr/bin/cmake --install /home/jzn/hal/HAL/HAL/src/hydrophone_processor_pkg/build/hydrophone_processor_pkg
[5.693s] -- Install configuration: ""
[5.693s] -- Installing: /home/jzn/hal/HAL/HAL/src/hydrophone_processor_pkg/install/hydrophone_processor_pkg/share/hydrophone_processor_pkg/environment/pythonpath.sh
[5.693s] -- Installing: /home/jzn/hal/HAL/HAL/src/hydrophone_processor_pkg/install/hydrophone_processor_pkg/share/hydrophone_processor_pkg/environment/pythonpath.dsv
[5.693s] -- Installing: /home/jzn/hal/HAL/HAL/src/hydrophone_processor_pkg/install/hydrophone_processor_pkg/lib/python3.8/site-packages/hydrophone_processor_pkg
[5.694s] -- Installing: /home/jzn/hal/HAL/HAL/src/hydrophone_processor_pkg/install/hydrophone_processor_pkg/lib/python3.8/site-packages/hydrophone_processor_pkg/__init__.py
[5.720s] Listing '/home/jzn/hal/HAL/HAL/src/hydrophone_processor_pkg/install/hydrophone_processor_pkg/lib/python3.8/site-packages/hydrophone_processor_pkg'...
[5.720s] Compiling '/home/jzn/hal/HAL/HAL/src/hydrophone_processor_pkg/install/hydrophone_processor_pkg/lib/python3.8/site-packages/hydrophone_processor_pkg/__init__.py'...
[5.723s] -- Installing: /home/jzn/hal/HAL/HAL/src/hydrophone_processor_pkg/install/hydrophone_processor_pkg/lib/hydrophone_processor_pkg/hydrophone_processor_aclient.py
[5.724s] -- Installing: /home/jzn/hal/HAL/HAL/src/hydrophone_processor_pkg/install/hydrophone_processor_pkg/lib/hydrophone_processor_pkg/hydrophone_processor_aserver.py
[5.724s] -- Installing: /home/jzn/hal/HAL/HAL/src/hydrophone_processor_pkg/install/hydrophone_processor_pkg/share/ament_index/resource_index/package_run_dependencies/hydrophone_processor_pkg
[5.724s] -- Installing: /home/jzn/hal/HAL/HAL/src/hydrophone_processor_pkg/install/hydrophone_processor_pkg/share/ament_index/resource_index/parent_prefix_path/hydrophone_processor_pkg
[5.728s] -- Installing: /home/jzn/hal/HAL/HAL/src/hydrophone_processor_pkg/install/hydrophone_processor_pkg/share/hydrophone_processor_pkg/environment/ament_prefix_path.sh
[5.729s] -- Installing: /home/jzn/hal/HAL/HAL/src/hydrophone_processor_pkg/install/hydrophone_processor_pkg/share/hydrophone_processor_pkg/environment/ament_prefix_path.dsv
[5.729s] -- Installing: /home/jzn/hal/HAL/HAL/src/hydrophone_processor_pkg/install/hydrophone_processor_pkg/share/hydrophone_processor_pkg/environment/path.sh
[5.729s] -- Installing: /home/jzn/hal/HAL/HAL/src/hydrophone_processor_pkg/install/hydrophone_processor_pkg/share/hydrophone_processor_pkg/environment/path.dsv
[5.729s] -- Installing: /home/jzn/hal/HAL/HAL/src/hydrophone_processor_pkg/install/hydrophone_processor_pkg/share/hydrophone_processor_pkg/local_setup.bash
[5.730s] -- Installing: /home/jzn/hal/HAL/HAL/src/hydrophone_processor_pkg/install/hydrophone_processor_pkg/share/hydrophone_processor_pkg/local_setup.sh
[5.730s] -- Installing: /home/jzn/hal/HAL/HAL/src/hydrophone_processor_pkg/install/hydrophone_processor_pkg/share/hydrophone_processor_pkg/local_setup.zsh
[5.730s] -- Installing: /home/jzn/hal/HAL/HAL/src/hydrophone_processor_pkg/install/hydrophone_processor_pkg/share/hydrophone_processor_pkg/local_setup.dsv
[5.730s] -- Installing: /home/jzn/hal/HAL/HAL/src/hydrophone_processor_pkg/install/hydrophone_processor_pkg/share/hydrophone_processor_pkg/package.dsv
[5.731s] -- Installing: /home/jzn/hal/HAL/HAL/src/hydrophone_processor_pkg/install/hydrophone_processor_pkg/share/ament_index/resource_index/packages/hydrophone_processor_pkg
[5.731s] -- Installing: /home/jzn/hal/HAL/HAL/src/hydrophone_processor_pkg/install/hydrophone_processor_pkg/share/hydrophone_processor_pkg/cmake/hydrophone_processor_pkgConfig.cmake
[5.731s] -- Installing: /home/jzn/hal/HAL/HAL/src/hydrophone_processor_pkg/install/hydrophone_processor_pkg/share/hydrophone_processor_pkg/cmake/hydrophone_processor_pkgConfig-version.cmake
[5.731s] -- Installing: /home/jzn/hal/HAL/HAL/src/hydrophone_processor_pkg/install/hydrophone_processor_pkg/share/hydrophone_processor_pkg/package.xml
[5.735s] Invoked command in '/home/jzn/hal/HAL/HAL/src/hydrophone_processor_pkg/build/hydrophone_processor_pkg' returned '0': CMAKE_PREFIX_PATH=${CMAKE_PREFIX_PATH}:/home/jzn/hal/HAL/HAL/install/hydrophone_streamer:/opt/ros/foxy /usr/bin/cmake --install /home/jzn/hal/HAL/HAL/src/hydrophone_processor_pkg/build/hydrophone_processor_pkg
