CMake Error at /home/jzn/ros2_foxy/ros2-linux/share/rosidl_adapter/cmake/rosidl_adapt_interfaces.cmake:60 (message):
  execute_process(/usr/bin/python3 -m rosidl_adapter --package-name
  hydrophone_streamer_pkg --arguments-file
  /home/jzn/hal/HAL/HAL/src/hydrophone_streamer_pkg/build/hydrophone_streamer_pkg/rosidl_adapter__arguments__hydrophone_streamer_pkg.json
  --output-dir
  /home/jzn/hal/HAL/HAL/src/hydrophone_streamer_pkg/build/hydrophone_streamer_pkg/rosidl_adapter/hydrophone_streamer_pkg
  --output-file
  /home/jzn/hal/HAL/HAL/src/hydrophone_streamer_pkg/build/hydrophone_streamer_pkg/rosidl_adapter/hydrophone_streamer_pkg.idls)
  returned error code 1:

  Traceback (most recent call last):

    File "/usr/lib/python3.8/runpy.py", line 194, in _run_module_as_main
      return _run_code(code, main_globals, None,
    File "/usr/lib/python3.8/runpy.py", line 87, in _run_code
      exec(code, run_globals)
    File "/home/jzn/ros2_foxy/ros2-linux/lib/python3.8/site-packages/rosidl_adapter/__main__.py", line 19, in <module>
      sys.exit(main())
    File "/home/jzn/ros2_foxy/ros2-linux/lib/python3.8/site-packages/rosidl_adapter/main.py", line 53, in main
      abs_idl_file = convert_to_idl(
    File "/home/jzn/ros2_foxy/ros2-linux/lib/python3.8/site-packages/rosidl_adapter/__init__.py", line 29, in convert_to_idl
      return convert_action_to_idl(
    File "/home/jzn/ros2_foxy/ros2-linux/lib/python3.8/site-packages/rosidl_adapter/action/__init__.py", line 28, in convert_action_to_idl
      action = parse_action_string(package_name, input_file.stem, content)
    File "/home/jzn/ros2_foxy/ros2-linux/lib/python3.8/site-packages/rosidl_adapter/parser.py", line 882, in parse_action_string
      goal_message = parse_message_string(
    File "/home/jzn/ros2_foxy/ros2-linux/lib/python3.8/site-packages/rosidl_adapter/parser.py", line 537, in parse_message_string
      msg = MessageSpecification(pkg_name, msg_name, fields, constants)
    File "/home/jzn/ros2_foxy/ros2-linux/lib/python3.8/site-packages/rosidl_adapter/parser.py", line 387, in __init__
      self.base_type = BaseType(
    File "/home/jzn/ros2_foxy/ros2-linux/lib/python3.8/site-packages/rosidl_adapter/parser.py", line 204, in __init__
      raise InvalidResourceName(

  rosidl_adapter.parser.InvalidResourceName: 'Hydrophone_raw_Goal' is an
  invalid message name.  It should have the pattern '^[A-Z][A-Za-z0-9]*$'

Call Stack (most recent call first):
  /home/jzn/ros2_foxy/ros2-linux/share/rosidl_cmake/cmake/rosidl_generate_interfaces.cmake:130 (rosidl_adapt_interfaces)
  CMakeLists.txt:35 (rosidl_generate_interfaces)


