[0.009s] Invoking command in '/home/jzn/hal/HAL/HAL/src/hydrophone_streamer_pkg/build/hydrophone_streamer_pkg': /usr/bin/cmake /home/jzn/hal/HAL/HAL/src/hydrophone_streamer_pkg -DCMAKE_INSTALL_PREFIX=/home/jzn/hal/HAL/HAL/src/hydrophone_streamer_pkg/install/hydrophone_streamer_pkg
[0.031s] -- Found ament_cmake: 0.9.8 (/home/jzn/ros2_foxy/ros2-linux/share/ament_cmake/cmake)
[0.059s] -- Using PYTHON_EXECUTABLE: /usr/bin/python3
[0.242s] -- Found rclpy: 1.0.4 (/home/jzn/ros2_foxy/ros2-linux/share/rclpy/cmake)
[0.242s] -- Found std_msgs: 2.0.3 (/home/jzn/ros2_foxy/ros2-linux/share/std_msgs/cmake)
[0.260s] -- Using all available rosidl_typesupport_c: rosidl_typesupport_connext_c;rosidl_typesupport_fastrtps_c;rosidl_typesupport_introspection_c
[0.263s] -- Found rosidl_adapter: 1.2.0 (/home/jzn/ros2_foxy/ros2-linux/share/rosidl_adapter/cmake)
[0.278s] -- Could not find RTI Connext - skipping rosidl_typesupport_connext_c
[0.287s] -- Could not find RTI Connext - skipping rosidl_typesupport_connext_cpp
[0.351s] -- Found OpenSSL: /usr/lib/x86_64-linux-gnu/libcrypto.so (found version "1.1.1f")  
[0.400s] -- Found FastRTPS: /home/jzn/ros2_foxy/ros2-linux/include  
[0.555s] -- Using all available rosidl_typesupport_cpp: rosidl_typesupport_connext_cpp;rosidl_typesupport_fastrtps_cpp;rosidl_typesupport_introspection_cpp
[0.658s] -- Found ament_lint_auto: 0.9.6 (/home/jzn/ros2_foxy/ros2-linux/share/ament_lint_auto/cmake)
[0.803s] -- Found rosidl_default_generators: 1.0.0 (/home/jzn/ros2_foxy/ros2-linux/share/rosidl_default_generators/cmake)
[0.847s] -- Found PythonInterp: /usr/bin/python3 (found version "3.8.5") 
[1.070s] CMake Error at /home/jzn/ros2_foxy/ros2-linux/share/rosidl_adapter/cmake/rosidl_adapt_interfaces.cmake:60 (message):
[1.071s]   execute_process(/usr/bin/python3 -m rosidl_adapter --package-name
[1.071s]   hydrophone_streamer_pkg --arguments-file
[1.071s]   /home/jzn/hal/HAL/HAL/src/hydrophone_streamer_pkg/build/hydrophone_streamer_pkg/rosidl_adapter__arguments__hydrophone_streamer_pkg.json
[1.071s]   --output-dir
[1.071s]   /home/jzn/hal/HAL/HAL/src/hydrophone_streamer_pkg/build/hydrophone_streamer_pkg/rosidl_adapter/hydrophone_streamer_pkg
[1.071s]   --output-file
[1.071s]   /home/jzn/hal/HAL/HAL/src/hydrophone_streamer_pkg/build/hydrophone_streamer_pkg/rosidl_adapter/hydrophone_streamer_pkg.idls)
[1.071s]   returned error code 1:
[1.071s] 
[1.071s]   Traceback (most recent call last):
[1.072s] 
[1.072s]     File "/usr/lib/python3.8/runpy.py", line 194, in _run_module_as_main
[1.072s]       return _run_code(code, main_globals, None,
[1.072s]     File "/usr/lib/python3.8/runpy.py", line 87, in _run_code
[1.072s]       exec(code, run_globals)
[1.072s]     File "/home/jzn/ros2_foxy/ros2-linux/lib/python3.8/site-packages/rosidl_adapter/__main__.py", line 19, in <module>
[1.072s]       sys.exit(main())
[1.072s]     File "/home/jzn/ros2_foxy/ros2-linux/lib/python3.8/site-packages/rosidl_adapter/main.py", line 53, in main
[1.072s]       abs_idl_file = convert_to_idl(
[1.072s]     File "/home/jzn/ros2_foxy/ros2-linux/lib/python3.8/site-packages/rosidl_adapter/__init__.py", line 29, in convert_to_idl
[1.072s]       return convert_action_to_idl(
[1.072s]     File "/home/jzn/ros2_foxy/ros2-linux/lib/python3.8/site-packages/rosidl_adapter/action/__init__.py", line 28, in convert_action_to_idl
[1.072s]       action = parse_action_string(package_name, input_file.stem, content)
[1.072s]     File "/home/jzn/ros2_foxy/ros2-linux/lib/python3.8/site-packages/rosidl_adapter/parser.py", line 882, in parse_action_string
[1.072s]       goal_message = parse_message_string(
[1.075s]     File "/home/jzn/ros2_foxy/ros2-linux/lib/python3.8/site-packages/rosidl_adapter/parser.py", line 537, in parse_message_string
[1.075s]       msg = MessageSpecification(pkg_name, msg_name, fields, constants)
[1.075s]     File "/home/jzn/ros2_foxy/ros2-linux/lib/python3.8/site-packages/rosidl_adapter/parser.py", line 387, in __init__
[1.075s]       self.base_type = BaseType(
[1.075s]     File "/home/jzn/ros2_foxy/ros2-linux/lib/python3.8/site-packages/rosidl_adapter/parser.py", line 204, in __init__
[1.075s]       raise InvalidResourceName(
[1.075s] 
[1.075s]   rosidl_adapter.parser.InvalidResourceName: 'Hydrophone_raw_Goal' is an
[1.075s]   invalid message name.  It should have the pattern '^[A-Z][A-Za-z0-9]*$'
[1.075s] 
[1.075s] Call Stack (most recent call first):
[1.076s]   /home/jzn/ros2_foxy/ros2-linux/share/rosidl_cmake/cmake/rosidl_generate_interfaces.cmake:130 (rosidl_adapt_interfaces)
[1.076s]   CMakeLists.txt:35 (rosidl_generate_interfaces)
[1.076s] 
[1.076s] 
[1.077s] -- Configuring incomplete, errors occurred!
[1.077s] See also "/home/jzn/hal/HAL/HAL/src/hydrophone_streamer_pkg/build/hydrophone_streamer_pkg/CMakeFiles/CMakeOutput.log".
[1.085s] Invoked command in '/home/jzn/hal/HAL/HAL/src/hydrophone_streamer_pkg/build/hydrophone_streamer_pkg' returned '1': /usr/bin/cmake /home/jzn/hal/HAL/HAL/src/hydrophone_streamer_pkg -DCMAKE_INSTALL_PREFIX=/home/jzn/hal/HAL/HAL/src/hydrophone_streamer_pkg/install/hydrophone_streamer_pkg
