[1.174s] DEBUG:colcon:Command line arguments: ['/usr/bin/colcon', 'build']
[1.174s] DEBUG:colcon:Parsed command line arguments: Namespace(ament_cmake_args=None, base_paths=['.'], build_base='build', catkin_cmake_args=None, catkin_skip_building_tests=False, cmake_args=None, cmake_clean_cache=False, cmake_clean_first=False, cmake_force_configure=False, cmake_target=None, cmake_target_skip_unavailable=False, continue_on_error=False, event_handlers=None, executor='parallel', ignore_user_meta=False, install_base='install', log_base=None, log_level=None, main=<bound method BuildVerb.main of <colcon_core.verb.build.BuildVerb object at 0x7f015fc644f0>>, merge_install=False, metas=['./colcon.meta'], packages_above=None, packages_above_and_dependencies=None, packages_above_depth=None, packages_end=None, packages_ignore=None, packages_ignore_regex=None, packages_select=None, packages_select_build_failed=False, packages_select_by_dep=None, packages_select_regex=None, packages_select_test_failures=False, packages_skip=None, packages_skip_build_finished=False, packages_skip_by_dep=None, packages_skip_regex=None, packages_skip_test_passed=False, packages_skip_up_to=None, packages_start=None, packages_up_to=None, packages_up_to_regex=None, parallel_workers=1, paths=None, symlink_install=False, test_result_base=None, verb_extension=<colcon_core.verb.build.BuildVerb object at 0x7f015fc644f0>, verb_name='build', verb_parser=<colcon_defaults.argument_parser.defaults.DefaultArgumentsDecorator object at 0x7f015fc647c0>)
[1.300s] Level 1:colcon.colcon_core.package_discovery:discover_packages(colcon_meta) check parameters
[1.301s] Level 1:colcon.colcon_core.package_discovery:discover_packages(recursive) check parameters
[1.301s] Level 1:colcon.colcon_core.package_discovery:discover_packages(ignore) check parameters
[1.301s] Level 1:colcon.colcon_core.package_discovery:discover_packages(path) check parameters
[1.301s] Level 1:colcon.colcon_core.package_discovery:discover_packages(colcon_meta) discover
[1.301s] Level 1:colcon.colcon_core.package_discovery:discover_packages(recursive) discover
[1.301s] INFO:colcon.colcon_core.package_discovery:Crawling recursively for packages in '/home/jzn/hal/HAL/HAL/src/hydrophone_processor_pkg'
[1.301s] Level 1:colcon.colcon_core.package_identification:_identify(.) by extensions ['ignore', 'ignore_ament_install']
[1.301s] Level 1:colcon.colcon_core.package_identification:_identify(.) by extension 'ignore'
[1.301s] Level 1:colcon.colcon_core.package_identification:_identify(.) by extension 'ignore_ament_install'
[1.301s] Level 1:colcon.colcon_core.package_identification:_identify(.) by extensions ['colcon_pkg']
[1.301s] Level 1:colcon.colcon_core.package_identification:_identify(.) by extension 'colcon_pkg'
[1.301s] Level 1:colcon.colcon_core.package_identification:_identify(.) by extensions ['colcon_meta']
[1.301s] Level 1:colcon.colcon_core.package_identification:_identify(.) by extension 'colcon_meta'
[1.301s] Level 1:colcon.colcon_core.package_identification:_identify(.) by extensions ['ros']
[1.301s] Level 1:colcon.colcon_core.package_identification:_identify(.) by extension 'ros'
[1.419s] DEBUG:colcon.colcon_core.package_identification:Package '.' with type 'ros.ament_cmake' and name 'hydrophone_processor_pkg'
[1.420s] Level 1:colcon.colcon_core.package_discovery:discover_packages(recursive) using defaults
[1.420s] Level 1:colcon.colcon_core.package_discovery:discover_packages(ignore) discover
[1.420s] Level 1:colcon.colcon_core.package_discovery:discover_packages(ignore) using defaults
[1.420s] Level 1:colcon.colcon_core.package_discovery:discover_packages(path) discover
[1.420s] Level 1:colcon.colcon_core.package_discovery:discover_packages(path) using defaults
[1.503s] Level 5:colcon.colcon_core.verb:set package 'hydrophone_processor_pkg' build argument 'cmake_args' from command line to 'None'
[1.503s] Level 5:colcon.colcon_core.verb:set package 'hydrophone_processor_pkg' build argument 'cmake_target' from command line to 'None'
[1.503s] Level 5:colcon.colcon_core.verb:set package 'hydrophone_processor_pkg' build argument 'cmake_target_skip_unavailable' from command line to 'False'
[1.503s] Level 5:colcon.colcon_core.verb:set package 'hydrophone_processor_pkg' build argument 'cmake_clean_cache' from command line to 'False'
[1.503s] Level 5:colcon.colcon_core.verb:set package 'hydrophone_processor_pkg' build argument 'cmake_clean_first' from command line to 'False'
[1.503s] Level 5:colcon.colcon_core.verb:set package 'hydrophone_processor_pkg' build argument 'cmake_force_configure' from command line to 'False'
[1.503s] Level 5:colcon.colcon_core.verb:set package 'hydrophone_processor_pkg' build argument 'ament_cmake_args' from command line to 'None'
[1.503s] Level 5:colcon.colcon_core.verb:set package 'hydrophone_processor_pkg' build argument 'catkin_cmake_args' from command line to 'None'
[1.503s] Level 5:colcon.colcon_core.verb:set package 'hydrophone_processor_pkg' build argument 'catkin_skip_building_tests' from command line to 'False'
[1.503s] DEBUG:colcon.colcon_core.verb:Building package 'hydrophone_processor_pkg' with the following arguments: {'ament_cmake_args': None, 'build_base': '/home/jzn/hal/HAL/HAL/src/hydrophone_processor_pkg/build/hydrophone_processor_pkg', 'catkin_cmake_args': None, 'catkin_skip_building_tests': False, 'cmake_args': None, 'cmake_clean_cache': False, 'cmake_clean_first': False, 'cmake_force_configure': False, 'cmake_target': None, 'cmake_target_skip_unavailable': False, 'install_base': '/home/jzn/hal/HAL/HAL/src/hydrophone_processor_pkg/install/hydrophone_processor_pkg', 'merge_install': False, 'path': '/home/jzn/hal/HAL/HAL/src/hydrophone_processor_pkg', 'symlink_install': False, 'test_result_base': None}
[1.504s] INFO:colcon.colcon_core.executor:Executing jobs using 'parallel' executor
[1.505s] DEBUG:colcon.colcon_parallel_executor.executor.parallel:run_until_complete
[1.505s] INFO:colcon.colcon_ros.task.ament_cmake.build:Building ROS package in '/home/jzn/hal/HAL/HAL/src/hydrophone_processor_pkg' with build type 'ament_cmake'
[1.505s] INFO:colcon.colcon_cmake.task.cmake.build:Building CMake package in '/home/jzn/hal/HAL/HAL/src/hydrophone_processor_pkg'
[1.555s] INFO:colcon.colcon_core.plugin_system:Skipping extension 'colcon_core.shell.bat': Not used on non-Windows systems
[1.555s] INFO:colcon.colcon_core.shell:Skip shell extension 'powershell' for command environment: Not usable outside of PowerShell
[1.555s] DEBUG:colcon.colcon_core.shell:Skip shell extension 'dsv' for command environment
[1.654s] DEBUG:colcon.colcon_core.shell:Ignoring prefix path '/opt/ros/foxy'
[1.680s] DEBUG:colcon.colcon_core.event_handler.log_command:Invoking command in '/home/jzn/hal/HAL/HAL/src/hydrophone_processor_pkg/build/hydrophone_processor_pkg': CMAKE_PREFIX_PATH=${CMAKE_PREFIX_PATH}:/home/jzn/hal/HAL/HAL/install/hydrophone_streamer:/opt/ros/foxy /usr/bin/cmake /home/jzn/hal/HAL/HAL/src/hydrophone_processor_pkg -DCMAKE_INSTALL_PREFIX=/home/jzn/hal/HAL/HAL/src/hydrophone_processor_pkg/install/hydrophone_processor_pkg
[7.100s] DEBUG:colcon.colcon_core.event_handler.log_command:Invoked command in '/home/jzn/hal/HAL/HAL/src/hydrophone_processor_pkg/build/hydrophone_processor_pkg' returned '0': CMAKE_PREFIX_PATH=${CMAKE_PREFIX_PATH}:/home/jzn/hal/HAL/HAL/install/hydrophone_streamer:/opt/ros/foxy /usr/bin/cmake /home/jzn/hal/HAL/HAL/src/hydrophone_processor_pkg -DCMAKE_INSTALL_PREFIX=/home/jzn/hal/HAL/HAL/src/hydrophone_processor_pkg/install/hydrophone_processor_pkg
[7.101s] DEBUG:colcon.colcon_core.event_handler.log_command:Invoking command in '/home/jzn/hal/HAL/HAL/src/hydrophone_processor_pkg/build/hydrophone_processor_pkg': CMAKE_PREFIX_PATH=${CMAKE_PREFIX_PATH}:/home/jzn/hal/HAL/HAL/install/hydrophone_streamer:/opt/ros/foxy /usr/bin/cmake --build /home/jzn/hal/HAL/HAL/src/hydrophone_processor_pkg/build/hydrophone_processor_pkg -- -j1 -l1
[7.152s] DEBUG:colcon.colcon_core.event_handler.log_command:Invoked command in '/home/jzn/hal/HAL/HAL/src/hydrophone_processor_pkg/build/hydrophone_processor_pkg' returned '0': CMAKE_PREFIX_PATH=${CMAKE_PREFIX_PATH}:/home/jzn/hal/HAL/HAL/install/hydrophone_streamer:/opt/ros/foxy /usr/bin/cmake --build /home/jzn/hal/HAL/HAL/src/hydrophone_processor_pkg/build/hydrophone_processor_pkg -- -j1 -l1
[7.189s] DEBUG:colcon.colcon_core.event_handler.log_command:Invoking command in '/home/jzn/hal/HAL/HAL/src/hydrophone_processor_pkg/build/hydrophone_processor_pkg': CMAKE_PREFIX_PATH=${CMAKE_PREFIX_PATH}:/home/jzn/hal/HAL/HAL/install/hydrophone_streamer:/opt/ros/foxy /usr/bin/cmake --install /home/jzn/hal/HAL/HAL/src/hydrophone_processor_pkg/build/hydrophone_processor_pkg
[7.239s] Level 1:colcon.colcon_core.environment:create_environment_scripts_only(hydrophone_processor_pkg)
[7.241s] DEBUG:colcon.colcon_core.event_handler.log_command:Invoked command in '/home/jzn/hal/HAL/HAL/src/hydrophone_processor_pkg/build/hydrophone_processor_pkg' returned '0': CMAKE_PREFIX_PATH=${CMAKE_PREFIX_PATH}:/home/jzn/hal/HAL/HAL/install/hydrophone_streamer:/opt/ros/foxy /usr/bin/cmake --install /home/jzn/hal/HAL/HAL/src/hydrophone_processor_pkg/build/hydrophone_processor_pkg
[7.362s] Level 1:colcon.colcon_core.environment:checking '/home/jzn/hal/HAL/HAL/src/hydrophone_processor_pkg/install/hydrophone_processor_pkg' for CMake module files
[7.363s] Level 1:colcon.colcon_core.environment:checking '/home/jzn/hal/HAL/HAL/src/hydrophone_processor_pkg/install/hydrophone_processor_pkg' for CMake config files
[7.363s] Level 1:colcon.colcon_core.shell:create_environment_hook('hydrophone_processor_pkg', 'cmake_prefix_path')
[7.363s] INFO:colcon.colcon_core.shell:Creating environment hook '/home/jzn/hal/HAL/HAL/src/hydrophone_processor_pkg/install/hydrophone_processor_pkg/share/hydrophone_processor_pkg/hook/cmake_prefix_path.ps1'
[7.404s] INFO:colcon.colcon_core.shell:Creating environment descriptor '/home/jzn/hal/HAL/HAL/src/hydrophone_processor_pkg/install/hydrophone_processor_pkg/share/hydrophone_processor_pkg/hook/cmake_prefix_path.dsv'
[7.415s] INFO:colcon.colcon_core.shell:Creating environment hook '/home/jzn/hal/HAL/HAL/src/hydrophone_processor_pkg/install/hydrophone_processor_pkg/share/hydrophone_processor_pkg/hook/cmake_prefix_path.sh'
[7.417s] Level 1:colcon.colcon_core.environment:checking '/home/jzn/hal/HAL/HAL/src/hydrophone_processor_pkg/install/hydrophone_processor_pkg/lib'
[7.417s] Level 1:colcon.colcon_core.environment:checking '/home/jzn/hal/HAL/HAL/src/hydrophone_processor_pkg/install/hydrophone_processor_pkg/bin'
[7.417s] Level 1:colcon.colcon_core.environment:checking '/home/jzn/hal/HAL/HAL/src/hydrophone_processor_pkg/install/hydrophone_processor_pkg/lib/pkgconfig/hydrophone_processor_pkg.pc'
[7.417s] Level 1:colcon.colcon_core.environment:checking '/home/jzn/hal/HAL/HAL/src/hydrophone_processor_pkg/install/hydrophone_processor_pkg/lib/python3.8/site-packages'
[7.417s] Level 1:colcon.colcon_core.shell:create_environment_hook('hydrophone_processor_pkg', 'pythonpath')
[7.418s] INFO:colcon.colcon_core.shell:Creating environment hook '/home/jzn/hal/HAL/HAL/src/hydrophone_processor_pkg/install/hydrophone_processor_pkg/share/hydrophone_processor_pkg/hook/pythonpath.ps1'
[7.418s] INFO:colcon.colcon_core.shell:Creating environment descriptor '/home/jzn/hal/HAL/HAL/src/hydrophone_processor_pkg/install/hydrophone_processor_pkg/share/hydrophone_processor_pkg/hook/pythonpath.dsv'
[7.418s] INFO:colcon.colcon_core.shell:Creating environment hook '/home/jzn/hal/HAL/HAL/src/hydrophone_processor_pkg/install/hydrophone_processor_pkg/share/hydrophone_processor_pkg/hook/pythonpath.sh'
[7.419s] INFO:colcon.colcon_core.shell:Creating package script '/home/jzn/hal/HAL/HAL/src/hydrophone_processor_pkg/install/hydrophone_processor_pkg/share/hydrophone_processor_pkg/package.ps1'
[7.420s] INFO:colcon.colcon_core.shell:Creating package descriptor '/home/jzn/hal/HAL/HAL/src/hydrophone_processor_pkg/install/hydrophone_processor_pkg/share/hydrophone_processor_pkg/package.dsv'
[7.437s] INFO:colcon.colcon_core.shell:Creating package script '/home/jzn/hal/HAL/HAL/src/hydrophone_processor_pkg/install/hydrophone_processor_pkg/share/hydrophone_processor_pkg/package.sh'
[7.440s] INFO:colcon.colcon_core.shell:Creating package script '/home/jzn/hal/HAL/HAL/src/hydrophone_processor_pkg/install/hydrophone_processor_pkg/share/hydrophone_processor_pkg/package.bash'
[7.442s] INFO:colcon.colcon_core.shell:Creating package script '/home/jzn/hal/HAL/HAL/src/hydrophone_processor_pkg/install/hydrophone_processor_pkg/share/hydrophone_processor_pkg/package.zsh'
[7.452s] Level 1:colcon.colcon_core.environment:create_file_with_runtime_dependencies(/home/jzn/hal/HAL/HAL/src/hydrophone_processor_pkg/install/hydrophone_processor_pkg/share/colcon-core/packages/hydrophone_processor_pkg)
[7.476s] Level 1:colcon.colcon_core.environment:create_environment_scripts_only(hydrophone_processor_pkg)
[7.477s] Level 1:colcon.colcon_core.environment:checking '/home/jzn/hal/HAL/HAL/src/hydrophone_processor_pkg/install/hydrophone_processor_pkg' for CMake module files
[7.477s] Level 1:colcon.colcon_core.environment:checking '/home/jzn/hal/HAL/HAL/src/hydrophone_processor_pkg/install/hydrophone_processor_pkg' for CMake config files
[7.478s] Level 1:colcon.colcon_core.shell:create_environment_hook('hydrophone_processor_pkg', 'cmake_prefix_path')
[7.478s] INFO:colcon.colcon_core.shell:Creating environment hook '/home/jzn/hal/HAL/HAL/src/hydrophone_processor_pkg/install/hydrophone_processor_pkg/share/hydrophone_processor_pkg/hook/cmake_prefix_path.ps1'
[7.480s] INFO:colcon.colcon_core.shell:Creating environment descriptor '/home/jzn/hal/HAL/HAL/src/hydrophone_processor_pkg/install/hydrophone_processor_pkg/share/hydrophone_processor_pkg/hook/cmake_prefix_path.dsv'
[7.481s] INFO:colcon.colcon_core.shell:Creating environment hook '/home/jzn/hal/HAL/HAL/src/hydrophone_processor_pkg/install/hydrophone_processor_pkg/share/hydrophone_processor_pkg/hook/cmake_prefix_path.sh'
[7.481s] Level 1:colcon.colcon_core.environment:checking '/home/jzn/hal/HAL/HAL/src/hydrophone_processor_pkg/install/hydrophone_processor_pkg/lib'
[7.481s] Level 1:colcon.colcon_core.environment:checking '/home/jzn/hal/HAL/HAL/src/hydrophone_processor_pkg/install/hydrophone_processor_pkg/bin'
[7.482s] Level 1:colcon.colcon_core.environment:checking '/home/jzn/hal/HAL/HAL/src/hydrophone_processor_pkg/install/hydrophone_processor_pkg/lib/pkgconfig/hydrophone_processor_pkg.pc'
[7.482s] Level 1:colcon.colcon_core.environment:checking '/home/jzn/hal/HAL/HAL/src/hydrophone_processor_pkg/install/hydrophone_processor_pkg/lib/python3.8/site-packages'
[7.482s] Level 1:colcon.colcon_core.shell:create_environment_hook('hydrophone_processor_pkg', 'pythonpath')
[7.482s] INFO:colcon.colcon_core.shell:Creating environment hook '/home/jzn/hal/HAL/HAL/src/hydrophone_processor_pkg/install/hydrophone_processor_pkg/share/hydrophone_processor_pkg/hook/pythonpath.ps1'
[7.483s] INFO:colcon.colcon_core.shell:Creating environment descriptor '/home/jzn/hal/HAL/HAL/src/hydrophone_processor_pkg/install/hydrophone_processor_pkg/share/hydrophone_processor_pkg/hook/pythonpath.dsv'
[7.484s] INFO:colcon.colcon_core.shell:Creating environment hook '/home/jzn/hal/HAL/HAL/src/hydrophone_processor_pkg/install/hydrophone_processor_pkg/share/hydrophone_processor_pkg/hook/pythonpath.sh'
[7.485s] INFO:colcon.colcon_core.shell:Creating package script '/home/jzn/hal/HAL/HAL/src/hydrophone_processor_pkg/install/hydrophone_processor_pkg/share/hydrophone_processor_pkg/package.ps1'
[7.486s] INFO:colcon.colcon_core.shell:Creating package descriptor '/home/jzn/hal/HAL/HAL/src/hydrophone_processor_pkg/install/hydrophone_processor_pkg/share/hydrophone_processor_pkg/package.dsv'
[7.487s] INFO:colcon.colcon_core.shell:Creating package script '/home/jzn/hal/HAL/HAL/src/hydrophone_processor_pkg/install/hydrophone_processor_pkg/share/hydrophone_processor_pkg/package.sh'
[7.488s] INFO:colcon.colcon_core.shell:Creating package script '/home/jzn/hal/HAL/HAL/src/hydrophone_processor_pkg/install/hydrophone_processor_pkg/share/hydrophone_processor_pkg/package.bash'
[7.488s] INFO:colcon.colcon_core.shell:Creating package script '/home/jzn/hal/HAL/HAL/src/hydrophone_processor_pkg/install/hydrophone_processor_pkg/share/hydrophone_processor_pkg/package.zsh'
[7.489s] Level 1:colcon.colcon_core.environment:create_file_with_runtime_dependencies(/home/jzn/hal/HAL/HAL/src/hydrophone_processor_pkg/install/hydrophone_processor_pkg/share/colcon-core/packages/hydrophone_processor_pkg)
[7.490s] DEBUG:colcon.colcon_parallel_executor.executor.parallel:closing loop
[7.491s] DEBUG:colcon.colcon_parallel_executor.executor.parallel:loop closed
[7.491s] DEBUG:colcon.colcon_parallel_executor.executor.parallel:run_until_complete finished with '0'
[7.491s] DEBUG:colcon.colcon_core.event_reactor:joining thread
[7.577s] INFO:colcon.colcon_core.plugin_system:Skipping extension 'colcon_notification.desktop_notification.terminal_notifier': Not used on non-Darwin systems
[7.577s] INFO:colcon.colcon_core.plugin_system:Skipping extension 'colcon_notification.desktop_notification.win32': Not used on non-Windows systems
[7.577s] INFO:colcon.colcon_notification.desktop_notification:Sending desktop notification using 'notify2'
[7.618s] DEBUG:colcon.colcon_core.event_reactor:joined thread
[7.619s] INFO:colcon.colcon_core.shell:Creating prefix script '/home/jzn/hal/HAL/HAL/src/hydrophone_processor_pkg/install/local_setup.ps1'
[7.633s] INFO:colcon.colcon_core.shell:Creating prefix util module '/home/jzn/hal/HAL/HAL/src/hydrophone_processor_pkg/install/_local_setup_util_ps1.py'
[7.635s] INFO:colcon.colcon_core.shell:Creating prefix chain script '/home/jzn/hal/HAL/HAL/src/hydrophone_processor_pkg/install/setup.ps1'
[7.638s] INFO:colcon.colcon_core.shell:Creating prefix script '/home/jzn/hal/HAL/HAL/src/hydrophone_processor_pkg/install/local_setup.sh'
[7.650s] INFO:colcon.colcon_core.shell:Creating prefix util module '/home/jzn/hal/HAL/HAL/src/hydrophone_processor_pkg/install/_local_setup_util_sh.py'
[7.650s] INFO:colcon.colcon_core.shell:Creating prefix chain script '/home/jzn/hal/HAL/HAL/src/hydrophone_processor_pkg/install/setup.sh'
[7.656s] INFO:colcon.colcon_core.shell:Creating prefix script '/home/jzn/hal/HAL/HAL/src/hydrophone_processor_pkg/install/local_setup.bash'
[7.657s] INFO:colcon.colcon_core.shell:Creating prefix chain script '/home/jzn/hal/HAL/HAL/src/hydrophone_processor_pkg/install/setup.bash'
[7.678s] INFO:colcon.colcon_core.shell:Creating prefix script '/home/jzn/hal/HAL/HAL/src/hydrophone_processor_pkg/install/local_setup.zsh'
[7.680s] INFO:colcon.colcon_core.shell:Creating prefix chain script '/home/jzn/hal/HAL/HAL/src/hydrophone_processor_pkg/install/setup.zsh'
