[0.168s] DEBUG:colcon:Command line arguments: ['/usr/bin/colcon', 'build']
[0.168s] DEBUG:colcon:Parsed command line arguments: Namespace(ament_cmake_args=None, base_paths=['.'], build_base='build', catkin_cmake_args=None, catkin_skip_building_tests=False, cmake_args=None, cmake_clean_cache=False, cmake_clean_first=False, cmake_force_configure=False, cmake_target=None, cmake_target_skip_unavailable=False, continue_on_error=False, event_handlers=None, executor='parallel', ignore_user_meta=False, install_base='install', log_base=None, log_level=None, main=<bound method BuildVerb.main of <colcon_core.verb.build.BuildVerb object at 0x7fdfafeac2b0>>, merge_install=False, metas=['./colcon.meta'], packages_above=None, packages_above_and_dependencies=None, packages_above_depth=None, packages_end=None, packages_ignore=None, packages_ignore_regex=None, packages_select=None, packages_select_build_failed=False, packages_select_by_dep=None, packages_select_regex=None, packages_select_test_failures=False, packages_skip=None, packages_skip_build_finished=False, packages_skip_by_dep=None, packages_skip_regex=None, packages_skip_test_passed=False, packages_skip_up_to=None, packages_start=None, packages_up_to=None, packages_up_to_regex=None, parallel_workers=1, paths=None, symlink_install=False, test_result_base=None, verb_extension=<colcon_core.verb.build.BuildVerb object at 0x7fdfafeac2b0>, verb_name='build', verb_parser=<colcon_defaults.argument_parser.defaults.DefaultArgumentsDecorator object at 0x7fdfafeac7f0>)
[0.173s] Level 1:colcon.colcon_core.package_discovery:discover_packages(colcon_meta) check parameters
[0.173s] Level 1:colcon.colcon_core.package_discovery:discover_packages(recursive) check parameters
[0.173s] Level 1:colcon.colcon_core.package_discovery:discover_packages(ignore) check parameters
[0.173s] Level 1:colcon.colcon_core.package_discovery:discover_packages(path) check parameters
[0.173s] Level 1:colcon.colcon_core.package_discovery:discover_packages(colcon_meta) discover
[0.173s] Level 1:colcon.colcon_core.package_discovery:discover_packages(recursive) discover
[0.173s] INFO:colcon.colcon_core.package_discovery:Crawling recursively for packages in '/home/jzn/hal/HAL/HAL/src/hydrophone_streamer_pkg'
[0.173s] Level 1:colcon.colcon_core.package_identification:_identify(.) by extensions ['ignore', 'ignore_ament_install']
[0.173s] Level 1:colcon.colcon_core.package_identification:_identify(.) by extension 'ignore'
[0.173s] Level 1:colcon.colcon_core.package_identification:_identify(.) by extension 'ignore_ament_install'
[0.173s] Level 1:colcon.colcon_core.package_identification:_identify(.) by extensions ['colcon_pkg']
[0.173s] Level 1:colcon.colcon_core.package_identification:_identify(.) by extension 'colcon_pkg'
[0.173s] Level 1:colcon.colcon_core.package_identification:_identify(.) by extensions ['colcon_meta']
[0.173s] Level 1:colcon.colcon_core.package_identification:_identify(.) by extension 'colcon_meta'
[0.173s] Level 1:colcon.colcon_core.package_identification:_identify(.) by extensions ['ros']
[0.173s] Level 1:colcon.colcon_core.package_identification:_identify(.) by extension 'ros'
[0.187s] DEBUG:colcon.colcon_core.package_identification:Package '.' with type 'ros.ament_cmake' and name 'hydrophone_streamer_pkg'
[0.187s] Level 1:colcon.colcon_core.package_discovery:discover_packages(recursive) using defaults
[0.187s] Level 1:colcon.colcon_core.package_discovery:discover_packages(ignore) discover
[0.187s] Level 1:colcon.colcon_core.package_discovery:discover_packages(ignore) using defaults
[0.187s] Level 1:colcon.colcon_core.package_discovery:discover_packages(path) discover
[0.187s] Level 1:colcon.colcon_core.package_discovery:discover_packages(path) using defaults
[0.206s] Level 5:colcon.colcon_core.verb:set package 'hydrophone_streamer_pkg' build argument 'cmake_args' from command line to 'None'
[0.206s] Level 5:colcon.colcon_core.verb:set package 'hydrophone_streamer_pkg' build argument 'cmake_target' from command line to 'None'
[0.206s] Level 5:colcon.colcon_core.verb:set package 'hydrophone_streamer_pkg' build argument 'cmake_target_skip_unavailable' from command line to 'False'
[0.206s] Level 5:colcon.colcon_core.verb:set package 'hydrophone_streamer_pkg' build argument 'cmake_clean_cache' from command line to 'False'
[0.206s] Level 5:colcon.colcon_core.verb:set package 'hydrophone_streamer_pkg' build argument 'cmake_clean_first' from command line to 'False'
[0.206s] Level 5:colcon.colcon_core.verb:set package 'hydrophone_streamer_pkg' build argument 'cmake_force_configure' from command line to 'False'
[0.206s] Level 5:colcon.colcon_core.verb:set package 'hydrophone_streamer_pkg' build argument 'ament_cmake_args' from command line to 'None'
[0.206s] Level 5:colcon.colcon_core.verb:set package 'hydrophone_streamer_pkg' build argument 'catkin_cmake_args' from command line to 'None'
[0.206s] Level 5:colcon.colcon_core.verb:set package 'hydrophone_streamer_pkg' build argument 'catkin_skip_building_tests' from command line to 'False'
[0.206s] DEBUG:colcon.colcon_core.verb:Building package 'hydrophone_streamer_pkg' with the following arguments: {'ament_cmake_args': None, 'build_base': '/home/jzn/hal/HAL/HAL/src/hydrophone_streamer_pkg/build/hydrophone_streamer_pkg', 'catkin_cmake_args': None, 'catkin_skip_building_tests': False, 'cmake_args': None, 'cmake_clean_cache': False, 'cmake_clean_first': False, 'cmake_force_configure': False, 'cmake_target': None, 'cmake_target_skip_unavailable': False, 'install_base': '/home/jzn/hal/HAL/HAL/src/hydrophone_streamer_pkg/install/hydrophone_streamer_pkg', 'merge_install': False, 'path': '/home/jzn/hal/HAL/HAL/src/hydrophone_streamer_pkg', 'symlink_install': False, 'test_result_base': None}
[0.206s] INFO:colcon.colcon_core.executor:Executing jobs using 'parallel' executor
[0.208s] DEBUG:colcon.colcon_parallel_executor.executor.parallel:run_until_complete
[0.208s] INFO:colcon.colcon_ros.task.ament_cmake.build:Building ROS package in '/home/jzn/hal/HAL/HAL/src/hydrophone_streamer_pkg' with build type 'ament_cmake'
[0.208s] INFO:colcon.colcon_cmake.task.cmake.build:Building CMake package in '/home/jzn/hal/HAL/HAL/src/hydrophone_streamer_pkg'
[0.211s] INFO:colcon.colcon_core.plugin_system:Skipping extension 'colcon_core.shell.bat': Not used on non-Windows systems
[0.212s] INFO:colcon.colcon_core.shell:Skip shell extension 'powershell' for command environment: Not usable outside of PowerShell
[0.212s] DEBUG:colcon.colcon_core.shell:Skip shell extension 'dsv' for command environment
[0.226s] DEBUG:colcon.colcon_core.event_handler.log_command:Invoking command in '/home/jzn/hal/HAL/HAL/src/hydrophone_streamer_pkg/build/hydrophone_streamer_pkg': /usr/bin/cmake /home/jzn/hal/HAL/HAL/src/hydrophone_streamer_pkg -DCMAKE_INSTALL_PREFIX=/home/jzn/hal/HAL/HAL/src/hydrophone_streamer_pkg/install/hydrophone_streamer_pkg
[1.302s] DEBUG:colcon.colcon_core.event_handler.log_command:Invoked command in '/home/jzn/hal/HAL/HAL/src/hydrophone_streamer_pkg/build/hydrophone_streamer_pkg' returned '1': /usr/bin/cmake /home/jzn/hal/HAL/HAL/src/hydrophone_streamer_pkg -DCMAKE_INSTALL_PREFIX=/home/jzn/hal/HAL/HAL/src/hydrophone_streamer_pkg/install/hydrophone_streamer_pkg
[1.317s] Level 1:colcon.colcon_core.environment:create_environment_scripts_only(hydrophone_streamer_pkg)
[1.320s] Level 1:colcon.colcon_core.environment:checking '/home/jzn/hal/HAL/HAL/src/hydrophone_streamer_pkg/install/hydrophone_streamer_pkg' for CMake module files
[1.320s] Level 1:colcon.colcon_core.environment:checking '/home/jzn/hal/HAL/HAL/src/hydrophone_streamer_pkg/install/hydrophone_streamer_pkg' for CMake config files
[1.321s] Level 1:colcon.colcon_core.environment:checking '/home/jzn/hal/HAL/HAL/src/hydrophone_streamer_pkg/install/hydrophone_streamer_pkg/bin'
[1.321s] Level 1:colcon.colcon_core.environment:checking '/home/jzn/hal/HAL/HAL/src/hydrophone_streamer_pkg/install/hydrophone_streamer_pkg/lib/pkgconfig/hydrophone_streamer_pkg.pc'
[1.321s] Level 1:colcon.colcon_core.environment:checking '/home/jzn/hal/HAL/HAL/src/hydrophone_streamer_pkg/install/hydrophone_streamer_pkg/lib/python3.8/site-packages'
[1.321s] INFO:colcon.colcon_core.shell:Creating package script '/home/jzn/hal/HAL/HAL/src/hydrophone_streamer_pkg/install/hydrophone_streamer_pkg/share/hydrophone_streamer_pkg/package.ps1'
[1.322s] INFO:colcon.colcon_core.shell:Creating package descriptor '/home/jzn/hal/HAL/HAL/src/hydrophone_streamer_pkg/install/hydrophone_streamer_pkg/share/hydrophone_streamer_pkg/package.dsv'
[1.323s] INFO:colcon.colcon_core.shell:Creating package script '/home/jzn/hal/HAL/HAL/src/hydrophone_streamer_pkg/install/hydrophone_streamer_pkg/share/hydrophone_streamer_pkg/package.sh'
[1.325s] INFO:colcon.colcon_core.shell:Creating package script '/home/jzn/hal/HAL/HAL/src/hydrophone_streamer_pkg/install/hydrophone_streamer_pkg/share/hydrophone_streamer_pkg/package.bash'
[1.325s] INFO:colcon.colcon_core.shell:Creating package script '/home/jzn/hal/HAL/HAL/src/hydrophone_streamer_pkg/install/hydrophone_streamer_pkg/share/hydrophone_streamer_pkg/package.zsh'
[1.326s] Level 1:colcon.colcon_core.environment:create_file_with_runtime_dependencies(/home/jzn/hal/HAL/HAL/src/hydrophone_streamer_pkg/install/hydrophone_streamer_pkg/share/colcon-core/packages/hydrophone_streamer_pkg)
[1.329s] DEBUG:colcon.colcon_parallel_executor.executor.parallel:closing loop
[1.329s] DEBUG:colcon.colcon_parallel_executor.executor.parallel:loop closed
[1.329s] DEBUG:colcon.colcon_parallel_executor.executor.parallel:run_until_complete finished with '1'
[1.329s] DEBUG:colcon.colcon_core.event_reactor:joining thread
[1.335s] INFO:colcon.colcon_core.plugin_system:Skipping extension 'colcon_notification.desktop_notification.terminal_notifier': Not used on non-Darwin systems
[1.335s] INFO:colcon.colcon_core.plugin_system:Skipping extension 'colcon_notification.desktop_notification.win32': Not used on non-Windows systems
[1.335s] INFO:colcon.colcon_notification.desktop_notification:Sending desktop notification using 'notify2'
[1.353s] DEBUG:colcon.colcon_core.event_reactor:joined thread
[1.353s] INFO:colcon.colcon_core.shell:Creating prefix script '/home/jzn/hal/HAL/HAL/src/hydrophone_streamer_pkg/install/local_setup.ps1'
[1.360s] INFO:colcon.colcon_core.shell:Creating prefix util module '/home/jzn/hal/HAL/HAL/src/hydrophone_streamer_pkg/install/_local_setup_util_ps1.py'
[1.362s] INFO:colcon.colcon_core.shell:Creating prefix chain script '/home/jzn/hal/HAL/HAL/src/hydrophone_streamer_pkg/install/setup.ps1'
[1.377s] INFO:colcon.colcon_core.shell:Creating prefix script '/home/jzn/hal/HAL/HAL/src/hydrophone_streamer_pkg/install/local_setup.sh'
[1.378s] INFO:colcon.colcon_core.shell:Creating prefix util module '/home/jzn/hal/HAL/HAL/src/hydrophone_streamer_pkg/install/_local_setup_util_sh.py'
[1.378s] INFO:colcon.colcon_core.shell:Creating prefix chain script '/home/jzn/hal/HAL/HAL/src/hydrophone_streamer_pkg/install/setup.sh'
[1.381s] INFO:colcon.colcon_core.shell:Creating prefix script '/home/jzn/hal/HAL/HAL/src/hydrophone_streamer_pkg/install/local_setup.bash'
[1.382s] INFO:colcon.colcon_core.shell:Creating prefix chain script '/home/jzn/hal/HAL/HAL/src/hydrophone_streamer_pkg/install/setup.bash'
[1.385s] INFO:colcon.colcon_core.shell:Creating prefix script '/home/jzn/hal/HAL/HAL/src/hydrophone_streamer_pkg/install/local_setup.zsh'
[1.386s] INFO:colcon.colcon_core.shell:Creating prefix chain script '/home/jzn/hal/HAL/HAL/src/hydrophone_streamer_pkg/install/setup.zsh'
