[0.018s] Invoking command in '/home/jzn/hal/HAL/HAL/src/hydrophone_streamer_pkg/build/hydrophone_streamer_pkg': /usr/bin/cmake /home/jzn/hal/HAL/HAL/src/hydrophone_streamer_pkg -DCMAKE_INSTALL_PREFIX=/home/jzn/hal/HAL/HAL/src/hydrophone_streamer_pkg/install/hydrophone_streamer_pkg
[0.051s] -- Found ament_cmake: 0.9.8 (/home/jzn/ros2_foxy/ros2-linux/share/ament_cmake/cmake)
[0.071s] -- Found PythonInterp: /usr/bin/python3 (found suitable version "3.8.5", minimum required is "3") 
[0.071s] -- Using PYTHON_EXECUTABLE: /usr/bin/python3
[0.255s] -- Found rclpy: 1.0.4 (/home/jzn/ros2_foxy/ros2-linux/share/rclpy/cmake)
[0.255s] -- Found std_msgs: 2.0.3 (/home/jzn/ros2_foxy/ros2-linux/share/std_msgs/cmake)
[0.275s] -- Using all available rosidl_typesupport_c: rosidl_typesupport_connext_c;rosidl_typesupport_fastrtps_c;rosidl_typesupport_introspection_c
[0.279s] -- Found rosidl_adapter: 1.2.0 (/home/jzn/ros2_foxy/ros2-linux/share/rosidl_adapter/cmake)
[0.294s] -- Could not find RTI Connext - skipping rosidl_typesupport_connext_c
[0.305s] -- Could not find RTI Connext - skipping rosidl_typesupport_connext_cpp
[0.413s] -- Using all available rosidl_typesupport_cpp: rosidl_typesupport_connext_cpp;rosidl_typesupport_fastrtps_cpp;rosidl_typesupport_introspection_cpp
[0.465s] -- Found ament_lint_auto: 0.9.6 (/home/jzn/ros2_foxy/ros2-linux/share/ament_lint_auto/cmake)
[0.538s] -- Found rosidl_default_generators: 1.0.0 (/home/jzn/ros2_foxy/ros2-linux/share/rosidl_default_generators/cmake)
[0.553s] CMake Error at /home/jzn/ros2_foxy/ros2-linux/share/rosidl_cmake/cmake/rosidl_generate_interfaces.cmake:93 (message):
[0.553s]   rosidl_generate_interfaces() the passed file 'action/Hydrophone_raw.action'
[0.554s]   doesn't exist relative to the CMAKE_CURRENT_SOURCE_DIR
[0.554s]   '/home/jzn/hal/HAL/HAL/src/hydrophone_streamer_pkg'
[0.554s] Call Stack (most recent call first):
[0.554s]   CMakeLists.txt:35 (rosidl_generate_interfaces)
[0.554s] 
[0.554s] 
[0.556s] -- Configuring incomplete, errors occurred!
[0.556s] See also "/home/jzn/hal/HAL/HAL/src/hydrophone_streamer_pkg/build/hydrophone_streamer_pkg/CMakeFiles/CMakeOutput.log".
[0.565s] Invoked command in '/home/jzn/hal/HAL/HAL/src/hydrophone_streamer_pkg/build/hydrophone_streamer_pkg' returned '1': /usr/bin/cmake /home/jzn/hal/HAL/HAL/src/hydrophone_streamer_pkg -DCMAKE_INSTALL_PREFIX=/home/jzn/hal/HAL/HAL/src/hydrophone_streamer_pkg/install/hydrophone_streamer_pkg
