[0.007s] Invoking command in '/home/jzn/hal/HAL/HAL/src/hydrophone_streamer_pkg/build/hydrophone_streamer_pkg': /usr/bin/cmake /home/jzn/hal/HAL/HAL/src/hydrophone_streamer_pkg -DCMAKE_INSTALL_PREFIX=/home/jzn/hal/HAL/HAL/src/hydrophone_streamer_pkg/install/hydrophone_streamer_pkg
[1.160s] -- The C compiler identification is GNU 9.3.0
[1.939s] -- The CXX compiler identification is GNU 9.3.0
[2.041s] -- Check for working C compiler: /usr/bin/cc
[2.192s] -- Check for working C compiler: /usr/bin/cc -- works
[2.196s] -- Detecting C compiler ABI info
[2.283s] -- Detecting C compiler ABI info - done
[2.294s] -- Detecting C compile features
[2.295s] -- Detecting C compile features - done
[2.300s] -- Check for working CXX compiler: /usr/bin/c++
[2.381s] -- Check for working CXX compiler: /usr/bin/c++ -- works
[2.382s] -- Detecting CXX compiler ABI info
[2.468s] -- Detecting CXX compiler ABI info - done
[2.480s] -- Detecting CXX compile features
[2.481s] -- Detecting CXX compile features - done
[2.535s] -- Found ament_cmake: 0.9.8 (/home/jzn/ros2_foxy/ros2-linux/share/ament_cmake/cmake)
[2.603s] -- Found PythonInterp: /usr/bin/python3 (found suitable version "3.8.5", minimum required is "3") 
[2.604s] -- Using PYTHON_EXECUTABLE: /usr/bin/python3
[2.931s] -- Found rclpy: 1.0.4 (/home/jzn/ros2_foxy/ros2-linux/share/rclpy/cmake)
[2.957s] -- Found std_msgs: 2.0.3 (/home/jzn/ros2_foxy/ros2-linux/share/std_msgs/cmake)
[3.064s] -- Using all available rosidl_typesupport_c: rosidl_typesupport_connext_c;rosidl_typesupport_fastrtps_c;rosidl_typesupport_introspection_c
[3.117s] -- Found rosidl_adapter: 1.2.0 (/home/jzn/ros2_foxy/ros2-linux/share/rosidl_adapter/cmake)
[3.219s] -- Could not find RTI Connext - skipping rosidl_typesupport_connext_c
[3.264s] -- Could not find RTI Connext - skipping rosidl_typesupport_connext_cpp
[3.597s] CMake Error at /usr/share/cmake-3.16/Modules/FindPackageHandleStandardArgs.cmake:146 (message):
[3.597s]   Could NOT find OpenSSL, try to set the path to OpenSSL root folder in the
[3.597s]   system variable OPENSSL_ROOT_DIR (missing: OPENSSL_CRYPTO_LIBRARY
[3.597s]   OPENSSL_INCLUDE_DIR)
[3.597s] Call Stack (most recent call first):
[3.597s]   /usr/share/cmake-3.16/Modules/FindPackageHandleStandardArgs.cmake:393 (_FPHSA_FAILURE_MESSAGE)
[3.597s]   /usr/share/cmake-3.16/Modules/FindOpenSSL.cmake:447 (find_package_handle_standard_args)
[3.597s]   /home/jzn/ros2_foxy/ros2-linux/share/fastrtps/cmake/fastrtps-config.cmake:52 (find_package)
[3.597s]   /home/jzn/ros2_foxy/ros2-linux/share/rosidl_typesupport_fastrtps_c/cmake/rosidl_typesupport_fastrtps_c-extras.cmake:6 (find_package)
[3.598s]   /home/jzn/ros2_foxy/ros2-linux/share/rosidl_typesupport_fastrtps_c/cmake/rosidl_typesupport_fastrtps_cConfig.cmake:41 (include)
[3.598s]   /home/jzn/ros2_foxy/ros2-linux/share/rosidl_typesupport_c/cmake/rosidl_typesupport_c-extras.cmake:13 (find_package)
[3.598s]   /home/jzn/ros2_foxy/ros2-linux/share/rosidl_typesupport_c/cmake/rosidl_typesupport_cConfig.cmake:41 (include)
[3.598s]   /home/jzn/ros2_foxy/ros2-linux/share/rosidl_default_runtime/cmake/rosidl_default_runtime-extras.cmake:12 (find_package)
[3.598s]   /home/jzn/ros2_foxy/ros2-linux/share/rosidl_default_runtime/cmake/rosidl_default_runtimeConfig.cmake:41 (include)
[3.598s]   /home/jzn/ros2_foxy/ros2-linux/share/builtin_interfaces/cmake/ament_cmake_export_dependencies-extras.cmake:21 (find_package)
[3.598s]   /home/jzn/ros2_foxy/ros2-linux/share/builtin_interfaces/cmake/builtin_interfacesConfig.cmake:41 (include)
[3.598s]   /home/jzn/ros2_foxy/ros2-linux/share/std_msgs/cmake/ament_cmake_export_dependencies-extras.cmake:21 (find_package)
[3.598s]   /home/jzn/ros2_foxy/ros2-linux/share/std_msgs/cmake/std_msgsConfig.cmake:41 (include)
[3.598s]   CMakeLists.txt:21 (find_package)
[3.598s] 
[3.599s] 
[3.600s] -- Configuring incomplete, errors occurred!
[3.600s] See also "/home/jzn/hal/HAL/HAL/src/hydrophone_streamer_pkg/build/hydrophone_streamer_pkg/CMakeFiles/CMakeOutput.log".
[3.607s] Invoked command in '/home/jzn/hal/HAL/HAL/src/hydrophone_streamer_pkg/build/hydrophone_streamer_pkg' returned '1': /usr/bin/cmake /home/jzn/hal/HAL/HAL/src/hydrophone_streamer_pkg -DCMAKE_INSTALL_PREFIX=/home/jzn/hal/HAL/HAL/src/hydrophone_streamer_pkg/install/hydrophone_streamer_pkg
