[  9%] Built target hydrophone_streamer_pkg__rosidl_generator_c
[ 19%] Built target hydrophone_streamer_pkg__rosidl_typesupport_introspection_c
[ 22%] Built target hydrophone_streamer_pkg__cpp
[ 32%] Built target hydrophone_streamer_pkg__rosidl_typesupport_cpp
[ 41%] Built target hydrophone_streamer_pkg__rosidl_typesupport_fastrtps_cpp
[ 51%] Built target hydrophone_streamer_pkg__rosidl_typesupport_fastrtps_c
[ 61%] Built target hydrophone_streamer_pkg__rosidl_typesupport_c
[ 70%] Built target hydrophone_streamer_pkg__rosidl_typesupport_introspection_cpp
[ 70%] Built target hydrophone_streamer_pkg
[ 74%] Built target hydrophone_streamer_pkg__py
[ 80%] Built target hydrophone_streamer_pkg__python
[ 87%] Built target hydrophone_streamer_pkg__rosidl_typesupport_c__pyext
[ 93%] Built target hydrophone_streamer_pkg__rosidl_typesupport_introspection_c__pyext
[100%] Built target hydrophone_streamer_pkg__rosidl_typesupport_fastrtps_c__pyext
-- Install configuration: ""
-- Up-to-date: /home/jzn/hal/HAL/HAL/src/hydrophone_streamer_pkg/install/hydrophone_streamer_pkg/share/ament_index/resource_index/rosidl_interfaces/hydrophone_streamer_pkg
-- Up-to-date: /home/jzn/hal/HAL/HAL/src/hydrophone_streamer_pkg/install/hydrophone_streamer_pkg/include/hydrophone_streamer_pkg
-- Up-to-date: /home/jzn/hal/HAL/HAL/src/hydrophone_streamer_pkg/install/hydrophone_streamer_pkg/include/hydrophone_streamer_pkg/msg
-- Up-to-date: /home/jzn/hal/HAL/HAL/src/hydrophone_streamer_pkg/install/hydrophone_streamer_pkg/include/hydrophone_streamer_pkg/msg/rosidl_generator_c__visibility_control.h
-- Up-to-date: /home/jzn/hal/HAL/HAL/src/hydrophone_streamer_pkg/install/hydrophone_streamer_pkg/include/hydrophone_streamer_pkg/action
-- Up-to-date: /home/jzn/hal/HAL/HAL/src/hydrophone_streamer_pkg/install/hydrophone_streamer_pkg/include/hydrophone_streamer_pkg/action/hydrophoneraw.h
-- Up-to-date: /home/jzn/hal/HAL/HAL/src/hydrophone_streamer_pkg/install/hydrophone_streamer_pkg/include/hydrophone_streamer_pkg/action/detail
-- Up-to-date: /home/jzn/hal/HAL/HAL/src/hydrophone_streamer_pkg/install/hydrophone_streamer_pkg/include/hydrophone_streamer_pkg/action/detail/hydrophoneraw__type_support.h
-- Up-to-date: /home/jzn/hal/HAL/HAL/src/hydrophone_streamer_pkg/install/hydrophone_streamer_pkg/include/hydrophone_streamer_pkg/action/detail/hydrophoneraw__functions.c
-- Up-to-date: /home/jzn/hal/HAL/HAL/src/hydrophone_streamer_pkg/install/hydrophone_streamer_pkg/include/hydrophone_streamer_pkg/action/detail/hydrophoneraw__struct.h
-- Up-to-date: /home/jzn/hal/HAL/HAL/src/hydrophone_streamer_pkg/install/hydrophone_streamer_pkg/include/hydrophone_streamer_pkg/action/detail/hydrophoneraw__functions.h
-- Up-to-date: /home/jzn/hal/HAL/HAL/src/hydrophone_streamer_pkg/install/hydrophone_streamer_pkg/share/hydrophone_streamer_pkg/environment/library_path.sh
-- Up-to-date: /home/jzn/hal/HAL/HAL/src/hydrophone_streamer_pkg/install/hydrophone_streamer_pkg/share/hydrophone_streamer_pkg/environment/library_path.dsv
-- Up-to-date: /home/jzn/hal/HAL/HAL/src/hydrophone_streamer_pkg/install/hydrophone_streamer_pkg/lib/libhydrophone_streamer_pkg__rosidl_generator_c.so
-- Up-to-date: /home/jzn/hal/HAL/HAL/src/hydrophone_streamer_pkg/install/hydrophone_streamer_pkg/include/hydrophone_streamer_pkg
-- Up-to-date: /home/jzn/hal/HAL/HAL/src/hydrophone_streamer_pkg/install/hydrophone_streamer_pkg/include/hydrophone_streamer_pkg/msg
-- Up-to-date: /home/jzn/hal/HAL/HAL/src/hydrophone_streamer_pkg/install/hydrophone_streamer_pkg/include/hydrophone_streamer_pkg/msg/rosidl_typesupport_fastrtps_c__visibility_control.h
-- Up-to-date: /home/jzn/hal/HAL/HAL/src/hydrophone_streamer_pkg/install/hydrophone_streamer_pkg/include/hydrophone_streamer_pkg/action
-- Up-to-date: /home/jzn/hal/HAL/HAL/src/hydrophone_streamer_pkg/install/hydrophone_streamer_pkg/include/hydrophone_streamer_pkg/action/detail
-- Up-to-date: /home/jzn/hal/HAL/HAL/src/hydrophone_streamer_pkg/install/hydrophone_streamer_pkg/include/hydrophone_streamer_pkg/action/detail/hydrophoneraw__rosidl_typesupport_fastrtps_c.h
-- Up-to-date: /home/jzn/hal/HAL/HAL/src/hydrophone_streamer_pkg/install/hydrophone_streamer_pkg/lib/libhydrophone_streamer_pkg__rosidl_typesupport_fastrtps_c.so
-- Up-to-date: /home/jzn/hal/HAL/HAL/src/hydrophone_streamer_pkg/install/hydrophone_streamer_pkg/include/hydrophone_streamer_pkg
-- Up-to-date: /home/jzn/hal/HAL/HAL/src/hydrophone_streamer_pkg/install/hydrophone_streamer_pkg/include/hydrophone_streamer_pkg/msg
-- Up-to-date: /home/jzn/hal/HAL/HAL/src/hydrophone_streamer_pkg/install/hydrophone_streamer_pkg/include/hydrophone_streamer_pkg/msg/rosidl_typesupport_fastrtps_cpp__visibility_control.h
-- Up-to-date: /home/jzn/hal/HAL/HAL/src/hydrophone_streamer_pkg/install/hydrophone_streamer_pkg/include/hydrophone_streamer_pkg/action
-- Up-to-date: /home/jzn/hal/HAL/HAL/src/hydrophone_streamer_pkg/install/hydrophone_streamer_pkg/include/hydrophone_streamer_pkg/action/detail
-- Up-to-date: /home/jzn/hal/HAL/HAL/src/hydrophone_streamer_pkg/install/hydrophone_streamer_pkg/include/hydrophone_streamer_pkg/action/detail/hydrophoneraw__rosidl_typesupport_fastrtps_cpp.hpp
-- Up-to-date: /home/jzn/hal/HAL/HAL/src/hydrophone_streamer_pkg/install/hydrophone_streamer_pkg/include/hydrophone_streamer_pkg/action/detail/dds_fastrtps
-- Up-to-date: /home/jzn/hal/HAL/HAL/src/hydrophone_streamer_pkg/install/hydrophone_streamer_pkg/lib/libhydrophone_streamer_pkg__rosidl_typesupport_fastrtps_cpp.so
-- Up-to-date: /home/jzn/hal/HAL/HAL/src/hydrophone_streamer_pkg/install/hydrophone_streamer_pkg/include/hydrophone_streamer_pkg
-- Up-to-date: /home/jzn/hal/HAL/HAL/src/hydrophone_streamer_pkg/install/hydrophone_streamer_pkg/include/hydrophone_streamer_pkg/msg
-- Up-to-date: /home/jzn/hal/HAL/HAL/src/hydrophone_streamer_pkg/install/hydrophone_streamer_pkg/include/hydrophone_streamer_pkg/msg/rosidl_typesupport_introspection_c__visibility_control.h
-- Up-to-date: /home/jzn/hal/HAL/HAL/src/hydrophone_streamer_pkg/install/hydrophone_streamer_pkg/include/hydrophone_streamer_pkg/action
-- Up-to-date: /home/jzn/hal/HAL/HAL/src/hydrophone_streamer_pkg/install/hydrophone_streamer_pkg/include/hydrophone_streamer_pkg/action/detail
-- Up-to-date: /home/jzn/hal/HAL/HAL/src/hydrophone_streamer_pkg/install/hydrophone_streamer_pkg/include/hydrophone_streamer_pkg/action/detail/hydrophoneraw__type_support.c
-- Up-to-date: /home/jzn/hal/HAL/HAL/src/hydrophone_streamer_pkg/install/hydrophone_streamer_pkg/include/hydrophone_streamer_pkg/action/detail/hydrophoneraw__rosidl_typesupport_introspection_c.h
-- Up-to-date: /home/jzn/hal/HAL/HAL/src/hydrophone_streamer_pkg/install/hydrophone_streamer_pkg/lib/libhydrophone_streamer_pkg__rosidl_typesupport_introspection_c.so
-- Up-to-date: /home/jzn/hal/HAL/HAL/src/hydrophone_streamer_pkg/install/hydrophone_streamer_pkg/lib/libhydrophone_streamer_pkg__rosidl_typesupport_c.so
-- Up-to-date: /home/jzn/hal/HAL/HAL/src/hydrophone_streamer_pkg/install/hydrophone_streamer_pkg/include/hydrophone_streamer_pkg
-- Up-to-date: /home/jzn/hal/HAL/HAL/src/hydrophone_streamer_pkg/install/hydrophone_streamer_pkg/include/hydrophone_streamer_pkg/action
-- Up-to-date: /home/jzn/hal/HAL/HAL/src/hydrophone_streamer_pkg/install/hydrophone_streamer_pkg/include/hydrophone_streamer_pkg/action/hydrophoneraw.hpp
-- Up-to-date: /home/jzn/hal/HAL/HAL/src/hydrophone_streamer_pkg/install/hydrophone_streamer_pkg/include/hydrophone_streamer_pkg/action/detail
-- Up-to-date: /home/jzn/hal/HAL/HAL/src/hydrophone_streamer_pkg/install/hydrophone_streamer_pkg/include/hydrophone_streamer_pkg/action/detail/hydrophoneraw__traits.hpp
-- Up-to-date: /home/jzn/hal/HAL/HAL/src/hydrophone_streamer_pkg/install/hydrophone_streamer_pkg/include/hydrophone_streamer_pkg/action/detail/hydrophoneraw__builder.hpp
-- Up-to-date: /home/jzn/hal/HAL/HAL/src/hydrophone_streamer_pkg/install/hydrophone_streamer_pkg/include/hydrophone_streamer_pkg/action/detail/hydrophoneraw__struct.hpp
-- Up-to-date: /home/jzn/hal/HAL/HAL/src/hydrophone_streamer_pkg/install/hydrophone_streamer_pkg/include/hydrophone_streamer_pkg
-- Up-to-date: /home/jzn/hal/HAL/HAL/src/hydrophone_streamer_pkg/install/hydrophone_streamer_pkg/include/hydrophone_streamer_pkg/action
-- Up-to-date: /home/jzn/hal/HAL/HAL/src/hydrophone_streamer_pkg/install/hydrophone_streamer_pkg/include/hydrophone_streamer_pkg/action/detail
-- Up-to-date: /home/jzn/hal/HAL/HAL/src/hydrophone_streamer_pkg/install/hydrophone_streamer_pkg/include/hydrophone_streamer_pkg/action/detail/hydrophoneraw__rosidl_typesupport_introspection_cpp.hpp
-- Up-to-date: /home/jzn/hal/HAL/HAL/src/hydrophone_streamer_pkg/install/hydrophone_streamer_pkg/include/hydrophone_streamer_pkg/action/detail/hydrophoneraw__type_support.cpp
-- Up-to-date: /home/jzn/hal/HAL/HAL/src/hydrophone_streamer_pkg/install/hydrophone_streamer_pkg/lib/libhydrophone_streamer_pkg__rosidl_typesupport_introspection_cpp.so
-- Up-to-date: /home/jzn/hal/HAL/HAL/src/hydrophone_streamer_pkg/install/hydrophone_streamer_pkg/lib/libhydrophone_streamer_pkg__rosidl_typesupport_cpp.so
-- Up-to-date: /home/jzn/hal/HAL/HAL/src/hydrophone_streamer_pkg/install/hydrophone_streamer_pkg/share/hydrophone_streamer_pkg/environment/pythonpath.sh
-- Up-to-date: /home/jzn/hal/HAL/HAL/src/hydrophone_streamer_pkg/install/hydrophone_streamer_pkg/share/hydrophone_streamer_pkg/environment/pythonpath.dsv
-- Up-to-date: /home/jzn/hal/HAL/HAL/src/hydrophone_streamer_pkg/install/hydrophone_streamer_pkg/lib/python3.8/site-packages/hydrophone_streamer_pkg/__init__.py
-- Up-to-date: /home/jzn/hal/HAL/HAL/src/hydrophone_streamer_pkg/install/hydrophone_streamer_pkg/lib/python3.8/site-packages/hydrophone_streamer_pkg/action
-- Up-to-date: /home/jzn/hal/HAL/HAL/src/hydrophone_streamer_pkg/install/hydrophone_streamer_pkg/lib/python3.8/site-packages/hydrophone_streamer_pkg/action/_hydrophoneraw.py
-- Up-to-date: /home/jzn/hal/HAL/HAL/src/hydrophone_streamer_pkg/install/hydrophone_streamer_pkg/lib/python3.8/site-packages/hydrophone_streamer_pkg/action/__init__.py
-- Up-to-date: /home/jzn/hal/HAL/HAL/src/hydrophone_streamer_pkg/install/hydrophone_streamer_pkg/lib/python3.8/site-packages/hydrophone_streamer_pkg/action/_hydrophoneraw_s.c
-- Up-to-date: /home/jzn/hal/HAL/HAL/src/hydrophone_streamer_pkg/install/hydrophone_streamer_pkg/lib/python3.8/site-packages/hydrophone_streamer_pkg/hydrophone_streamer_pkg_s__rosidl_typesupport_fastrtps_c.cpython-38-x86_64-linux-gnu.so
-- Up-to-date: /home/jzn/hal/HAL/HAL/src/hydrophone_streamer_pkg/install/hydrophone_streamer_pkg/lib/python3.8/site-packages/hydrophone_streamer_pkg/hydrophone_streamer_pkg_s__rosidl_typesupport_introspection_c.cpython-38-x86_64-linux-gnu.so
-- Up-to-date: /home/jzn/hal/HAL/HAL/src/hydrophone_streamer_pkg/install/hydrophone_streamer_pkg/lib/python3.8/site-packages/hydrophone_streamer_pkg/hydrophone_streamer_pkg_s__rosidl_typesupport_c.cpython-38-x86_64-linux-gnu.so
-- Up-to-date: /home/jzn/hal/HAL/HAL/src/hydrophone_streamer_pkg/install/hydrophone_streamer_pkg/lib/libhydrophone_streamer_pkg__python.so
-- Up-to-date: /home/jzn/hal/HAL/HAL/src/hydrophone_streamer_pkg/install/hydrophone_streamer_pkg/share/hydrophone_streamer_pkg/action/Hydrophoneraw.idl
-- Up-to-date: /home/jzn/hal/HAL/HAL/src/hydrophone_streamer_pkg/install/hydrophone_streamer_pkg/share/hydrophone_streamer_pkg/action/Hydrophoneraw.action
-- Up-to-date: /home/jzn/hal/HAL/HAL/src/hydrophone_streamer_pkg/install/hydrophone_streamer_pkg/share/ament_index/resource_index/package_run_dependencies/hydrophone_streamer_pkg
-- Up-to-date: /home/jzn/hal/HAL/HAL/src/hydrophone_streamer_pkg/install/hydrophone_streamer_pkg/share/ament_index/resource_index/parent_prefix_path/hydrophone_streamer_pkg
-- Up-to-date: /home/jzn/hal/HAL/HAL/src/hydrophone_streamer_pkg/install/hydrophone_streamer_pkg/share/hydrophone_streamer_pkg/environment/ament_prefix_path.sh
-- Up-to-date: /home/jzn/hal/HAL/HAL/src/hydrophone_streamer_pkg/install/hydrophone_streamer_pkg/share/hydrophone_streamer_pkg/environment/ament_prefix_path.dsv
-- Up-to-date: /home/jzn/hal/HAL/HAL/src/hydrophone_streamer_pkg/install/hydrophone_streamer_pkg/share/hydrophone_streamer_pkg/environment/path.sh
-- Up-to-date: /home/jzn/hal/HAL/HAL/src/hydrophone_streamer_pkg/install/hydrophone_streamer_pkg/share/hydrophone_streamer_pkg/environment/path.dsv
-- Up-to-date: /home/jzn/hal/HAL/HAL/src/hydrophone_streamer_pkg/install/hydrophone_streamer_pkg/share/hydrophone_streamer_pkg/local_setup.bash
-- Up-to-date: /home/jzn/hal/HAL/HAL/src/hydrophone_streamer_pkg/install/hydrophone_streamer_pkg/share/hydrophone_streamer_pkg/local_setup.sh
-- Up-to-date: /home/jzn/hal/HAL/HAL/src/hydrophone_streamer_pkg/install/hydrophone_streamer_pkg/share/hydrophone_streamer_pkg/local_setup.zsh
-- Up-to-date: /home/jzn/hal/HAL/HAL/src/hydrophone_streamer_pkg/install/hydrophone_streamer_pkg/share/hydrophone_streamer_pkg/local_setup.dsv
-- Installing: /home/jzn/hal/HAL/HAL/src/hydrophone_streamer_pkg/install/hydrophone_streamer_pkg/share/hydrophone_streamer_pkg/package.dsv
-- Up-to-date: /home/jzn/hal/HAL/HAL/src/hydrophone_streamer_pkg/install/hydrophone_streamer_pkg/share/ament_index/resource_index/packages/hydrophone_streamer_pkg
-- Up-to-date: /home/jzn/hal/HAL/HAL/src/hydrophone_streamer_pkg/install/hydrophone_streamer_pkg/share/hydrophone_streamer_pkg/cmake/hydrophone_streamer_pkg__rosidl_generator_cExport.cmake
-- Up-to-date: /home/jzn/hal/HAL/HAL/src/hydrophone_streamer_pkg/install/hydrophone_streamer_pkg/share/hydrophone_streamer_pkg/cmake/hydrophone_streamer_pkg__rosidl_generator_cExport-noconfig.cmake
-- Up-to-date: /home/jzn/hal/HAL/HAL/src/hydrophone_streamer_pkg/install/hydrophone_streamer_pkg/share/hydrophone_streamer_pkg/cmake/hydrophone_streamer_pkg__rosidl_typesupport_introspection_cExport.cmake
-- Up-to-date: /home/jzn/hal/HAL/HAL/src/hydrophone_streamer_pkg/install/hydrophone_streamer_pkg/share/hydrophone_streamer_pkg/cmake/hydrophone_streamer_pkg__rosidl_typesupport_introspection_cExport-noconfig.cmake
-- Up-to-date: /home/jzn/hal/HAL/HAL/src/hydrophone_streamer_pkg/install/hydrophone_streamer_pkg/share/hydrophone_streamer_pkg/cmake/hydrophone_streamer_pkg__rosidl_typesupport_cExport.cmake
-- Up-to-date: /home/jzn/hal/HAL/HAL/src/hydrophone_streamer_pkg/install/hydrophone_streamer_pkg/share/hydrophone_streamer_pkg/cmake/hydrophone_streamer_pkg__rosidl_typesupport_cExport-noconfig.cmake
-- Up-to-date: /home/jzn/hal/HAL/HAL/src/hydrophone_streamer_pkg/install/hydrophone_streamer_pkg/share/hydrophone_streamer_pkg/cmake/hydrophone_streamer_pkg__rosidl_generator_cppExport.cmake
-- Up-to-date: /home/jzn/hal/HAL/HAL/src/hydrophone_streamer_pkg/install/hydrophone_streamer_pkg/share/hydrophone_streamer_pkg/cmake/hydrophone_streamer_pkg__rosidl_typesupport_introspection_cppExport.cmake
-- Up-to-date: /home/jzn/hal/HAL/HAL/src/hydrophone_streamer_pkg/install/hydrophone_streamer_pkg/share/hydrophone_streamer_pkg/cmake/hydrophone_streamer_pkg__rosidl_typesupport_introspection_cppExport-noconfig.cmake
-- Up-to-date: /home/jzn/hal/HAL/HAL/src/hydrophone_streamer_pkg/install/hydrophone_streamer_pkg/share/hydrophone_streamer_pkg/cmake/hydrophone_streamer_pkg__rosidl_typesupport_cppExport.cmake
-- Up-to-date: /home/jzn/hal/HAL/HAL/src/hydrophone_streamer_pkg/install/hydrophone_streamer_pkg/share/hydrophone_streamer_pkg/cmake/hydrophone_streamer_pkg__rosidl_typesupport_cppExport-noconfig.cmake
-- Up-to-date: /home/jzn/hal/HAL/HAL/src/hydrophone_streamer_pkg/install/hydrophone_streamer_pkg/share/hydrophone_streamer_pkg/cmake/rosidl_cmake-extras.cmake
-- Up-to-date: /home/jzn/hal/HAL/HAL/src/hydrophone_streamer_pkg/install/hydrophone_streamer_pkg/share/hydrophone_streamer_pkg/cmake/ament_cmake_export_dependencies-extras.cmake
-- Up-to-date: /home/jzn/hal/HAL/HAL/src/hydrophone_streamer_pkg/install/hydrophone_streamer_pkg/share/hydrophone_streamer_pkg/cmake/ament_cmake_export_libraries-extras.cmake
-- Up-to-date: /home/jzn/hal/HAL/HAL/src/hydrophone_streamer_pkg/install/hydrophone_streamer_pkg/share/hydrophone_streamer_pkg/cmake/ament_cmake_export_targets-extras.cmake
-- Up-to-date: /home/jzn/hal/HAL/HAL/src/hydrophone_streamer_pkg/install/hydrophone_streamer_pkg/share/hydrophone_streamer_pkg/cmake/ament_cmake_export_include_directories-extras.cmake
-- Up-to-date: /home/jzn/hal/HAL/HAL/src/hydrophone_streamer_pkg/install/hydrophone_streamer_pkg/share/hydrophone_streamer_pkg/cmake/rosidl_cmake_export_typesupport_libraries-extras.cmake
-- Up-to-date: /home/jzn/hal/HAL/HAL/src/hydrophone_streamer_pkg/install/hydrophone_streamer_pkg/share/hydrophone_streamer_pkg/cmake/rosidl_cmake_export_typesupport_targets-extras.cmake
-- Up-to-date: /home/jzn/hal/HAL/HAL/src/hydrophone_streamer_pkg/install/hydrophone_streamer_pkg/share/hydrophone_streamer_pkg/cmake/hydrophone_streamer_pkgConfig.cmake
-- Up-to-date: /home/jzn/hal/HAL/HAL/src/hydrophone_streamer_pkg/install/hydrophone_streamer_pkg/share/hydrophone_streamer_pkg/cmake/hydrophone_streamer_pkgConfig-version.cmake
-- Up-to-date: /home/jzn/hal/HAL/HAL/src/hydrophone_streamer_pkg/install/hydrophone_streamer_pkg/share/hydrophone_streamer_pkg/package.xml
