[0.185s] Invoking command in '/home/jzn/hal/HAL/HAL/src/hydrophone_streamer_pkg/build/hydrophone_streamer_pkg': CMAKE_PREFIX_PATH=${CMAKE_PREFIX_PATH}:/home/jzn/hal/HAL/HAL/install/hydrophone_streamer:/opt/ros/foxy /usr/bin/cmake --build /home/jzn/hal/HAL/HAL/src/hydrophone_streamer_pkg/build/hydrophone_streamer_pkg -- -j1 -l1
[0.898s] [  9%] Built target hydrophone_streamer_pkg__rosidl_generator_c
[0.975s] [ 19%] Built target hydrophone_streamer_pkg__rosidl_typesupport_introspection_c
[1.010s] [ 22%] Built target hydrophone_streamer_pkg__cpp
[1.050s] [ 32%] Built target hydrophone_streamer_pkg__rosidl_typesupport_cpp
[1.133s] [ 41%] Built target hydrophone_streamer_pkg__rosidl_typesupport_fastrtps_cpp
[1.188s] [ 51%] Built target hydrophone_streamer_pkg__rosidl_typesupport_fastrtps_c
[1.219s] [ 61%] Built target hydrophone_streamer_pkg__rosidl_typesupport_c
[1.257s] [ 70%] Built target hydrophone_streamer_pkg__rosidl_typesupport_introspection_cpp
[1.288s] [ 70%] Built target hydrophone_streamer_pkg
[1.316s] [ 74%] Built target hydrophone_streamer_pkg__py
[1.444s] [ 80%] Built target hydrophone_streamer_pkg__python
[1.477s] [ 87%] Built target hydrophone_streamer_pkg__rosidl_typesupport_c__pyext
[1.514s] [ 93%] Built target hydrophone_streamer_pkg__rosidl_typesupport_introspection_c__pyext
[1.549s] [100%] Built target hydrophone_streamer_pkg__rosidl_typesupport_fastrtps_c__pyext
[1.568s] Invoked command in '/home/jzn/hal/HAL/HAL/src/hydrophone_streamer_pkg/build/hydrophone_streamer_pkg' returned '0': CMAKE_PREFIX_PATH=${CMAKE_PREFIX_PATH}:/home/jzn/hal/HAL/HAL/install/hydrophone_streamer:/opt/ros/foxy /usr/bin/cmake --build /home/jzn/hal/HAL/HAL/src/hydrophone_streamer_pkg/build/hydrophone_streamer_pkg -- -j1 -l1
[1.646s] Invoking command in '/home/jzn/hal/HAL/HAL/src/hydrophone_streamer_pkg/build/hydrophone_streamer_pkg': CMAKE_PREFIX_PATH=${CMAKE_PREFIX_PATH}:/home/jzn/hal/HAL/HAL/install/hydrophone_streamer:/opt/ros/foxy /usr/bin/cmake --install /home/jzn/hal/HAL/HAL/src/hydrophone_streamer_pkg/build/hydrophone_streamer_pkg
[1.660s] -- Install configuration: ""
[1.660s] -- Up-to-date: /home/jzn/hal/HAL/HAL/src/hydrophone_streamer_pkg/install/hydrophone_streamer_pkg/share/ament_index/resource_index/rosidl_interfaces/hydrophone_streamer_pkg
[1.661s] -- Up-to-date: /home/jzn/hal/HAL/HAL/src/hydrophone_streamer_pkg/install/hydrophone_streamer_pkg/include/hydrophone_streamer_pkg
[1.661s] -- Up-to-date: /home/jzn/hal/HAL/HAL/src/hydrophone_streamer_pkg/install/hydrophone_streamer_pkg/include/hydrophone_streamer_pkg/msg
[1.661s] -- Up-to-date: /home/jzn/hal/HAL/HAL/src/hydrophone_streamer_pkg/install/hydrophone_streamer_pkg/include/hydrophone_streamer_pkg/msg/rosidl_generator_c__visibility_control.h
[1.661s] -- Up-to-date: /home/jzn/hal/HAL/HAL/src/hydrophone_streamer_pkg/install/hydrophone_streamer_pkg/include/hydrophone_streamer_pkg/action
[1.661s] -- Up-to-date: /home/jzn/hal/HAL/HAL/src/hydrophone_streamer_pkg/install/hydrophone_streamer_pkg/include/hydrophone_streamer_pkg/action/hydrophoneraw.h
[1.661s] -- Up-to-date: /home/jzn/hal/HAL/HAL/src/hydrophone_streamer_pkg/install/hydrophone_streamer_pkg/include/hydrophone_streamer_pkg/action/detail
[1.661s] -- Up-to-date: /home/jzn/hal/HAL/HAL/src/hydrophone_streamer_pkg/install/hydrophone_streamer_pkg/include/hydrophone_streamer_pkg/action/detail/hydrophoneraw__type_support.h
[1.661s] -- Up-to-date: /home/jzn/hal/HAL/HAL/src/hydrophone_streamer_pkg/install/hydrophone_streamer_pkg/include/hydrophone_streamer_pkg/action/detail/hydrophoneraw__functions.c
[1.662s] -- Up-to-date: /home/jzn/hal/HAL/HAL/src/hydrophone_streamer_pkg/install/hydrophone_streamer_pkg/include/hydrophone_streamer_pkg/action/detail/hydrophoneraw__struct.h
[1.662s] -- Up-to-date: /home/jzn/hal/HAL/HAL/src/hydrophone_streamer_pkg/install/hydrophone_streamer_pkg/include/hydrophone_streamer_pkg/action/detail/hydrophoneraw__functions.h
[1.662s] -- Up-to-date: /home/jzn/hal/HAL/HAL/src/hydrophone_streamer_pkg/install/hydrophone_streamer_pkg/share/hydrophone_streamer_pkg/environment/library_path.sh
[1.662s] -- Up-to-date: /home/jzn/hal/HAL/HAL/src/hydrophone_streamer_pkg/install/hydrophone_streamer_pkg/share/hydrophone_streamer_pkg/environment/library_path.dsv
[1.664s] -- Up-to-date: /home/jzn/hal/HAL/HAL/src/hydrophone_streamer_pkg/install/hydrophone_streamer_pkg/lib/libhydrophone_streamer_pkg__rosidl_generator_c.so
[1.665s] -- Up-to-date: /home/jzn/hal/HAL/HAL/src/hydrophone_streamer_pkg/install/hydrophone_streamer_pkg/include/hydrophone_streamer_pkg
[1.665s] -- Up-to-date: /home/jzn/hal/HAL/HAL/src/hydrophone_streamer_pkg/install/hydrophone_streamer_pkg/include/hydrophone_streamer_pkg/msg
[1.665s] -- Up-to-date: /home/jzn/hal/HAL/HAL/src/hydrophone_streamer_pkg/install/hydrophone_streamer_pkg/include/hydrophone_streamer_pkg/msg/rosidl_typesupport_fastrtps_c__visibility_control.h
[1.665s] -- Up-to-date: /home/jzn/hal/HAL/HAL/src/hydrophone_streamer_pkg/install/hydrophone_streamer_pkg/include/hydrophone_streamer_pkg/action
[1.665s] -- Up-to-date: /home/jzn/hal/HAL/HAL/src/hydrophone_streamer_pkg/install/hydrophone_streamer_pkg/include/hydrophone_streamer_pkg/action/detail
[1.665s] -- Up-to-date: /home/jzn/hal/HAL/HAL/src/hydrophone_streamer_pkg/install/hydrophone_streamer_pkg/include/hydrophone_streamer_pkg/action/detail/hydrophoneraw__rosidl_typesupport_fastrtps_c.h
[1.668s] -- Up-to-date: /home/jzn/hal/HAL/HAL/src/hydrophone_streamer_pkg/install/hydrophone_streamer_pkg/lib/libhydrophone_streamer_pkg__rosidl_typesupport_fastrtps_c.so
[1.668s] -- Up-to-date: /home/jzn/hal/HAL/HAL/src/hydrophone_streamer_pkg/install/hydrophone_streamer_pkg/include/hydrophone_streamer_pkg
[1.669s] -- Up-to-date: /home/jzn/hal/HAL/HAL/src/hydrophone_streamer_pkg/install/hydrophone_streamer_pkg/include/hydrophone_streamer_pkg/msg
[1.669s] -- Up-to-date: /home/jzn/hal/HAL/HAL/src/hydrophone_streamer_pkg/install/hydrophone_streamer_pkg/include/hydrophone_streamer_pkg/msg/rosidl_typesupport_fastrtps_cpp__visibility_control.h
[1.669s] -- Up-to-date: /home/jzn/hal/HAL/HAL/src/hydrophone_streamer_pkg/install/hydrophone_streamer_pkg/include/hydrophone_streamer_pkg/action
[1.669s] -- Up-to-date: /home/jzn/hal/HAL/HAL/src/hydrophone_streamer_pkg/install/hydrophone_streamer_pkg/include/hydrophone_streamer_pkg/action/detail
[1.669s] -- Up-to-date: /home/jzn/hal/HAL/HAL/src/hydrophone_streamer_pkg/install/hydrophone_streamer_pkg/include/hydrophone_streamer_pkg/action/detail/hydrophoneraw__rosidl_typesupport_fastrtps_cpp.hpp
[1.669s] -- Up-to-date: /home/jzn/hal/HAL/HAL/src/hydrophone_streamer_pkg/install/hydrophone_streamer_pkg/include/hydrophone_streamer_pkg/action/detail/dds_fastrtps
[1.671s] -- Up-to-date: /home/jzn/hal/HAL/HAL/src/hydrophone_streamer_pkg/install/hydrophone_streamer_pkg/lib/libhydrophone_streamer_pkg__rosidl_typesupport_fastrtps_cpp.so
[1.672s] -- Up-to-date: /home/jzn/hal/HAL/HAL/src/hydrophone_streamer_pkg/install/hydrophone_streamer_pkg/include/hydrophone_streamer_pkg
[1.672s] -- Up-to-date: /home/jzn/hal/HAL/HAL/src/hydrophone_streamer_pkg/install/hydrophone_streamer_pkg/include/hydrophone_streamer_pkg/msg
[1.672s] -- Up-to-date: /home/jzn/hal/HAL/HAL/src/hydrophone_streamer_pkg/install/hydrophone_streamer_pkg/include/hydrophone_streamer_pkg/msg/rosidl_typesupport_introspection_c__visibility_control.h
[1.672s] -- Up-to-date: /home/jzn/hal/HAL/HAL/src/hydrophone_streamer_pkg/install/hydrophone_streamer_pkg/include/hydrophone_streamer_pkg/action
[1.672s] -- Up-to-date: /home/jzn/hal/HAL/HAL/src/hydrophone_streamer_pkg/install/hydrophone_streamer_pkg/include/hydrophone_streamer_pkg/action/detail
[1.672s] -- Up-to-date: /home/jzn/hal/HAL/HAL/src/hydrophone_streamer_pkg/install/hydrophone_streamer_pkg/include/hydrophone_streamer_pkg/action/detail/hydrophoneraw__type_support.c
[1.673s] -- Up-to-date: /home/jzn/hal/HAL/HAL/src/hydrophone_streamer_pkg/install/hydrophone_streamer_pkg/include/hydrophone_streamer_pkg/action/detail/hydrophoneraw__rosidl_typesupport_introspection_c.h
[1.675s] -- Up-to-date: /home/jzn/hal/HAL/HAL/src/hydrophone_streamer_pkg/install/hydrophone_streamer_pkg/lib/libhydrophone_streamer_pkg__rosidl_typesupport_introspection_c.so
[1.678s] -- Up-to-date: /home/jzn/hal/HAL/HAL/src/hydrophone_streamer_pkg/install/hydrophone_streamer_pkg/lib/libhydrophone_streamer_pkg__rosidl_typesupport_c.so
[1.678s] -- Up-to-date: /home/jzn/hal/HAL/HAL/src/hydrophone_streamer_pkg/install/hydrophone_streamer_pkg/include/hydrophone_streamer_pkg
[1.678s] -- Up-to-date: /home/jzn/hal/HAL/HAL/src/hydrophone_streamer_pkg/install/hydrophone_streamer_pkg/include/hydrophone_streamer_pkg/action
[1.679s] -- Up-to-date: /home/jzn/hal/HAL/HAL/src/hydrophone_streamer_pkg/install/hydrophone_streamer_pkg/include/hydrophone_streamer_pkg/action/hydrophoneraw.hpp
[1.679s] -- Up-to-date: /home/jzn/hal/HAL/HAL/src/hydrophone_streamer_pkg/install/hydrophone_streamer_pkg/include/hydrophone_streamer_pkg/action/detail
[1.679s] -- Up-to-date: /home/jzn/hal/HAL/HAL/src/hydrophone_streamer_pkg/install/hydrophone_streamer_pkg/include/hydrophone_streamer_pkg/action/detail/hydrophoneraw__traits.hpp
[1.679s] -- Up-to-date: /home/jzn/hal/HAL/HAL/src/hydrophone_streamer_pkg/install/hydrophone_streamer_pkg/include/hydrophone_streamer_pkg/action/detail/hydrophoneraw__builder.hpp
[1.679s] -- Up-to-date: /home/jzn/hal/HAL/HAL/src/hydrophone_streamer_pkg/install/hydrophone_streamer_pkg/include/hydrophone_streamer_pkg/action/detail/hydrophoneraw__struct.hpp
[1.679s] -- Up-to-date: /home/jzn/hal/HAL/HAL/src/hydrophone_streamer_pkg/install/hydrophone_streamer_pkg/include/hydrophone_streamer_pkg
[1.679s] -- Up-to-date: /home/jzn/hal/HAL/HAL/src/hydrophone_streamer_pkg/install/hydrophone_streamer_pkg/include/hydrophone_streamer_pkg/action
[1.680s] -- Up-to-date: /home/jzn/hal/HAL/HAL/src/hydrophone_streamer_pkg/install/hydrophone_streamer_pkg/include/hydrophone_streamer_pkg/action/detail
[1.680s] -- Up-to-date: /home/jzn/hal/HAL/HAL/src/hydrophone_streamer_pkg/install/hydrophone_streamer_pkg/include/hydrophone_streamer_pkg/action/detail/hydrophoneraw__rosidl_typesupport_introspection_cpp.hpp
[1.680s] -- Up-to-date: /home/jzn/hal/HAL/HAL/src/hydrophone_streamer_pkg/install/hydrophone_streamer_pkg/include/hydrophone_streamer_pkg/action/detail/hydrophoneraw__type_support.cpp
[1.682s] -- Up-to-date: /home/jzn/hal/HAL/HAL/src/hydrophone_streamer_pkg/install/hydrophone_streamer_pkg/lib/libhydrophone_streamer_pkg__rosidl_typesupport_introspection_cpp.so
[1.684s] -- Up-to-date: /home/jzn/hal/HAL/HAL/src/hydrophone_streamer_pkg/install/hydrophone_streamer_pkg/lib/libhydrophone_streamer_pkg__rosidl_typesupport_cpp.so
[1.685s] -- Up-to-date: /home/jzn/hal/HAL/HAL/src/hydrophone_streamer_pkg/install/hydrophone_streamer_pkg/share/hydrophone_streamer_pkg/environment/pythonpath.sh
[1.685s] -- Up-to-date: /home/jzn/hal/HAL/HAL/src/hydrophone_streamer_pkg/install/hydrophone_streamer_pkg/share/hydrophone_streamer_pkg/environment/pythonpath.dsv
[1.685s] -- Up-to-date: /home/jzn/hal/HAL/HAL/src/hydrophone_streamer_pkg/install/hydrophone_streamer_pkg/lib/python3.8/site-packages/hydrophone_streamer_pkg/__init__.py
[1.716s] -- Up-to-date: /home/jzn/hal/HAL/HAL/src/hydrophone_streamer_pkg/install/hydrophone_streamer_pkg/lib/python3.8/site-packages/hydrophone_streamer_pkg/action
[1.717s] -- Up-to-date: /home/jzn/hal/HAL/HAL/src/hydrophone_streamer_pkg/install/hydrophone_streamer_pkg/lib/python3.8/site-packages/hydrophone_streamer_pkg/action/_hydrophoneraw.py
[1.717s] -- Up-to-date: /home/jzn/hal/HAL/HAL/src/hydrophone_streamer_pkg/install/hydrophone_streamer_pkg/lib/python3.8/site-packages/hydrophone_streamer_pkg/action/__init__.py
[1.717s] -- Up-to-date: /home/jzn/hal/HAL/HAL/src/hydrophone_streamer_pkg/install/hydrophone_streamer_pkg/lib/python3.8/site-packages/hydrophone_streamer_pkg/action/_hydrophoneraw_s.c
[1.720s] -- Up-to-date: /home/jzn/hal/HAL/HAL/src/hydrophone_streamer_pkg/install/hydrophone_streamer_pkg/lib/python3.8/site-packages/hydrophone_streamer_pkg/hydrophone_streamer_pkg_s__rosidl_typesupport_fastrtps_c.cpython-38-x86_64-linux-gnu.so
[1.724s] -- Up-to-date: /home/jzn/hal/HAL/HAL/src/hydrophone_streamer_pkg/install/hydrophone_streamer_pkg/lib/python3.8/site-packages/hydrophone_streamer_pkg/hydrophone_streamer_pkg_s__rosidl_typesupport_introspection_c.cpython-38-x86_64-linux-gnu.so
[1.727s] -- Up-to-date: /home/jzn/hal/HAL/HAL/src/hydrophone_streamer_pkg/install/hydrophone_streamer_pkg/lib/python3.8/site-packages/hydrophone_streamer_pkg/hydrophone_streamer_pkg_s__rosidl_typesupport_c.cpython-38-x86_64-linux-gnu.so
[1.744s] -- Up-to-date: /home/jzn/hal/HAL/HAL/src/hydrophone_streamer_pkg/install/hydrophone_streamer_pkg/lib/libhydrophone_streamer_pkg__python.so
[1.744s] -- Up-to-date: /home/jzn/hal/HAL/HAL/src/hydrophone_streamer_pkg/install/hydrophone_streamer_pkg/share/hydrophone_streamer_pkg/action/Hydrophoneraw.idl
[1.744s] -- Up-to-date: /home/jzn/hal/HAL/HAL/src/hydrophone_streamer_pkg/install/hydrophone_streamer_pkg/share/hydrophone_streamer_pkg/action/Hydrophoneraw.action
[1.744s] -- Up-to-date: /home/jzn/hal/HAL/HAL/src/hydrophone_streamer_pkg/install/hydrophone_streamer_pkg/share/ament_index/resource_index/package_run_dependencies/hydrophone_streamer_pkg
[1.745s] -- Up-to-date: /home/jzn/hal/HAL/HAL/src/hydrophone_streamer_pkg/install/hydrophone_streamer_pkg/share/ament_index/resource_index/parent_prefix_path/hydrophone_streamer_pkg
[1.745s] -- Up-to-date: /home/jzn/hal/HAL/HAL/src/hydrophone_streamer_pkg/install/hydrophone_streamer_pkg/share/hydrophone_streamer_pkg/environment/ament_prefix_path.sh
[1.745s] -- Up-to-date: /home/jzn/hal/HAL/HAL/src/hydrophone_streamer_pkg/install/hydrophone_streamer_pkg/share/hydrophone_streamer_pkg/environment/ament_prefix_path.dsv
[1.745s] -- Up-to-date: /home/jzn/hal/HAL/HAL/src/hydrophone_streamer_pkg/install/hydrophone_streamer_pkg/share/hydrophone_streamer_pkg/environment/path.sh
[1.745s] -- Up-to-date: /home/jzn/hal/HAL/HAL/src/hydrophone_streamer_pkg/install/hydrophone_streamer_pkg/share/hydrophone_streamer_pkg/environment/path.dsv
[1.746s] -- Up-to-date: /home/jzn/hal/HAL/HAL/src/hydrophone_streamer_pkg/install/hydrophone_streamer_pkg/share/hydrophone_streamer_pkg/local_setup.bash
[1.746s] -- Up-to-date: /home/jzn/hal/HAL/HAL/src/hydrophone_streamer_pkg/install/hydrophone_streamer_pkg/share/hydrophone_streamer_pkg/local_setup.sh
[1.746s] -- Up-to-date: /home/jzn/hal/HAL/HAL/src/hydrophone_streamer_pkg/install/hydrophone_streamer_pkg/share/hydrophone_streamer_pkg/local_setup.zsh
[1.746s] -- Up-to-date: /home/jzn/hal/HAL/HAL/src/hydrophone_streamer_pkg/install/hydrophone_streamer_pkg/share/hydrophone_streamer_pkg/local_setup.dsv
[1.746s] -- Installing: /home/jzn/hal/HAL/HAL/src/hydrophone_streamer_pkg/install/hydrophone_streamer_pkg/share/hydrophone_streamer_pkg/package.dsv
[1.747s] -- Up-to-date: /home/jzn/hal/HAL/HAL/src/hydrophone_streamer_pkg/install/hydrophone_streamer_pkg/share/ament_index/resource_index/packages/hydrophone_streamer_pkg
[1.749s] -- Up-to-date: /home/jzn/hal/HAL/HAL/src/hydrophone_streamer_pkg/install/hydrophone_streamer_pkg/share/hydrophone_streamer_pkg/cmake/hydrophone_streamer_pkg__rosidl_generator_cExport.cmake
[1.749s] -- Up-to-date: /home/jzn/hal/HAL/HAL/src/hydrophone_streamer_pkg/install/hydrophone_streamer_pkg/share/hydrophone_streamer_pkg/cmake/hydrophone_streamer_pkg__rosidl_generator_cExport-noconfig.cmake
[1.751s] -- Up-to-date: /home/jzn/hal/HAL/HAL/src/hydrophone_streamer_pkg/install/hydrophone_streamer_pkg/share/hydrophone_streamer_pkg/cmake/hydrophone_streamer_pkg__rosidl_typesupport_introspection_cExport.cmake
[1.751s] -- Up-to-date: /home/jzn/hal/HAL/HAL/src/hydrophone_streamer_pkg/install/hydrophone_streamer_pkg/share/hydrophone_streamer_pkg/cmake/hydrophone_streamer_pkg__rosidl_typesupport_introspection_cExport-noconfig.cmake
[1.752s] -- Up-to-date: /home/jzn/hal/HAL/HAL/src/hydrophone_streamer_pkg/install/hydrophone_streamer_pkg/share/hydrophone_streamer_pkg/cmake/hydrophone_streamer_pkg__rosidl_typesupport_cExport.cmake
[1.753s] -- Up-to-date: /home/jzn/hal/HAL/HAL/src/hydrophone_streamer_pkg/install/hydrophone_streamer_pkg/share/hydrophone_streamer_pkg/cmake/hydrophone_streamer_pkg__rosidl_typesupport_cExport-noconfig.cmake
[1.754s] -- Up-to-date: /home/jzn/hal/HAL/HAL/src/hydrophone_streamer_pkg/install/hydrophone_streamer_pkg/share/hydrophone_streamer_pkg/cmake/hydrophone_streamer_pkg__rosidl_generator_cppExport.cmake
[1.756s] -- Up-to-date: /home/jzn/hal/HAL/HAL/src/hydrophone_streamer_pkg/install/hydrophone_streamer_pkg/share/hydrophone_streamer_pkg/cmake/hydrophone_streamer_pkg__rosidl_typesupport_introspection_cppExport.cmake
[1.756s] -- Up-to-date: /home/jzn/hal/HAL/HAL/src/hydrophone_streamer_pkg/install/hydrophone_streamer_pkg/share/hydrophone_streamer_pkg/cmake/hydrophone_streamer_pkg__rosidl_typesupport_introspection_cppExport-noconfig.cmake
[1.758s] -- Up-to-date: /home/jzn/hal/HAL/HAL/src/hydrophone_streamer_pkg/install/hydrophone_streamer_pkg/share/hydrophone_streamer_pkg/cmake/hydrophone_streamer_pkg__rosidl_typesupport_cppExport.cmake
[1.758s] -- Up-to-date: /home/jzn/hal/HAL/HAL/src/hydrophone_streamer_pkg/install/hydrophone_streamer_pkg/share/hydrophone_streamer_pkg/cmake/hydrophone_streamer_pkg__rosidl_typesupport_cppExport-noconfig.cmake
[1.758s] -- Up-to-date: /home/jzn/hal/HAL/HAL/src/hydrophone_streamer_pkg/install/hydrophone_streamer_pkg/share/hydrophone_streamer_pkg/cmake/rosidl_cmake-extras.cmake
[1.759s] -- Up-to-date: /home/jzn/hal/HAL/HAL/src/hydrophone_streamer_pkg/install/hydrophone_streamer_pkg/share/hydrophone_streamer_pkg/cmake/ament_cmake_export_dependencies-extras.cmake
[1.759s] -- Up-to-date: /home/jzn/hal/HAL/HAL/src/hydrophone_streamer_pkg/install/hydrophone_streamer_pkg/share/hydrophone_streamer_pkg/cmake/ament_cmake_export_libraries-extras.cmake
[1.759s] -- Up-to-date: /home/jzn/hal/HAL/HAL/src/hydrophone_streamer_pkg/install/hydrophone_streamer_pkg/share/hydrophone_streamer_pkg/cmake/ament_cmake_export_targets-extras.cmake
[1.759s] -- Up-to-date: /home/jzn/hal/HAL/HAL/src/hydrophone_streamer_pkg/install/hydrophone_streamer_pkg/share/hydrophone_streamer_pkg/cmake/ament_cmake_export_include_directories-extras.cmake
[1.759s] -- Up-to-date: /home/jzn/hal/HAL/HAL/src/hydrophone_streamer_pkg/install/hydrophone_streamer_pkg/share/hydrophone_streamer_pkg/cmake/rosidl_cmake_export_typesupport_libraries-extras.cmake
[1.760s] -- Up-to-date: /home/jzn/hal/HAL/HAL/src/hydrophone_streamer_pkg/install/hydrophone_streamer_pkg/share/hydrophone_streamer_pkg/cmake/rosidl_cmake_export_typesupport_targets-extras.cmake
[1.760s] -- Up-to-date: /home/jzn/hal/HAL/HAL/src/hydrophone_streamer_pkg/install/hydrophone_streamer_pkg/share/hydrophone_streamer_pkg/cmake/hydrophone_streamer_pkgConfig.cmake
[1.760s] -- Up-to-date: /home/jzn/hal/HAL/HAL/src/hydrophone_streamer_pkg/install/hydrophone_streamer_pkg/share/hydrophone_streamer_pkg/cmake/hydrophone_streamer_pkgConfig-version.cmake
[1.760s] -- Up-to-date: /home/jzn/hal/HAL/HAL/src/hydrophone_streamer_pkg/install/hydrophone_streamer_pkg/share/hydrophone_streamer_pkg/package.xml
[1.785s] Invoked command in '/home/jzn/hal/HAL/HAL/src/hydrophone_streamer_pkg/build/hydrophone_streamer_pkg' returned '0': CMAKE_PREFIX_PATH=${CMAKE_PREFIX_PATH}:/home/jzn/hal/HAL/HAL/install/hydrophone_streamer:/opt/ros/foxy /usr/bin/cmake --install /home/jzn/hal/HAL/HAL/src/hydrophone_streamer_pkg/build/hydrophone_streamer_pkg
