-- Found ament_cmake: 0.9.8 (/home/jzn/ros2_foxy/ros2-linux/share/ament_cmake/cmake)
-- Using PYTHON_EXECUTABLE: /usr/bin/python3
-- Found rclpy: 1.0.4 (/home/jzn/ros2_foxy/ros2-linux/share/rclpy/cmake)
-- Found std_msgs: 2.0.3 (/home/jzn/ros2_foxy/ros2-linux/share/std_msgs/cmake)
-- Using all available rosidl_typesupport_c: rosidl_typesupport_connext_c;rosidl_typesupport_fastrtps_c;rosidl_typesupport_introspection_c
-- Found rosidl_adapter: 1.2.0 (/home/jzn/ros2_foxy/ros2-linux/share/rosidl_adapter/cmake)
-- Could not find RTI Connext - skipping rosidl_typesupport_connext_c
-- Could not find RTI Connext - skipping rosidl_typesupport_connext_cpp
-- Using all available rosidl_typesupport_cpp: rosidl_typesupport_connext_cpp;rosidl_typesupport_fastrtps_cpp;rosidl_typesupport_introspection_cpp
-- Found ament_lint_auto: 0.9.6 (/home/jzn/ros2_foxy/ros2-linux/share/ament_lint_auto/cmake)
-- Found rosidl_default_generators: 1.0.0 (/home/jzn/ros2_foxy/ros2-linux/share/rosidl_default_generators/cmake)
-- Found PythonInterp: /usr/bin/python3 (found version "3.8.5") 
-- Found ament_cmake_ros: 0.9.0 (/home/jzn/ros2_foxy/ros2-linux/share/ament_cmake_ros/cmake)
-- Using all available rosidl_typesupport_c: rosidl_typesupport_connext_c;rosidl_typesupport_fastrtps_c;rosidl_typesupport_introspection_c
-- Using all available rosidl_typesupport_cpp: rosidl_typesupport_connext_cpp;rosidl_typesupport_fastrtps_cpp;rosidl_typesupport_introspection_cpp
-- Found PythonInterp: /usr/bin/python3 (found suitable version "3.8.5", minimum required is "3.5") 
-- Found python_cmake_module: 0.8.0 (/home/jzn/ros2_foxy/ros2-linux/share/python_cmake_module/cmake)
-- Found PythonLibs: /usr/lib/x86_64-linux-gnu/libpython3.8.so (found suitable version "3.8.5", minimum required is "3.5") 
-- Using PYTHON_EXECUTABLE: /usr/bin/python3
-- Using PYTHON_INCLUDE_DIRS: /usr/include/python3.8
-- Using PYTHON_LIBRARIES: /usr/lib/x86_64-linux-gnu/libpython3.8.so
-- Found PythonExtra: .so  
-- Added test 'copyright' to check source files copyright and LICENSE
-- Added test 'cppcheck' to perform static code analysis on C / C++ code
-- Configured cppcheck include dirs: $<BUILD_INTERFACE:/home/jzn/hal/HAL/HAL/src/hydrophone_streamer_pkg/build/hydrophone_streamer_pkg/rosidl_generator_c>;/home/jzn/hal/HAL/HAL/src/hydrophone_streamer_pkg/build/hydrophone_streamer_pkg/rosidl_generator_c;/home/jzn/hal/HAL/HAL/src/hydrophone_streamer_pkg/build/hydrophone_streamer_pkg/rosidl_generator_cpp;/home/jzn/hal/HAL/HAL/src/hydrophone_streamer_pkg/build/hydrophone_streamer_pkg/rosidl_typesupport_fastrtps_c;/home/jzn/hal/HAL/HAL/src/hydrophone_streamer_pkg/build/hydrophone_streamer_pkg/rosidl_typesupport_fastrtps_cpp;$<BUILD_INTERFACE:/home/jzn/hal/HAL/HAL/src/hydrophone_streamer_pkg/build/hydrophone_streamer_pkg/rosidl_typesupport_introspection_c>;$<BUILD_INTERFACE:/home/jzn/hal/HAL/HAL/src/hydrophone_streamer_pkg/build/hydrophone_streamer_pkg/rosidl_typesupport_c>;$<BUILD_INTERFACE:/home/jzn/hal/HAL/HAL/src/hydrophone_streamer_pkg/build/hydrophone_streamer_pkg/rosidl_generator_cpp>;/home/jzn/hal/HAL/HAL/src/hydrophone_streamer_pkg/build/hydrophone_streamer_pkg/rosidl_generator_py
-- Configured cppcheck exclude dirs and/or files: 
-- Added test 'cpplint' to check C / C++ code against the Google style
-- Configured cpplint exclude dirs and/or files: 
-- Added test 'flake8' to check Python code syntax and style conventions
-- Added test 'lint_cmake' to check CMake code style
-- Added test 'pep257' to check Python code against some of the style conventions in PEP 257
-- Added test 'uncrustify' to check C / C++ code style
-- Configured uncrustify additional arguments: 
-- Added test 'xmllint' to check XML markup files
-- Configuring done
-- Generating done
-- Build files have been written to: /home/jzn/hal/HAL/HAL/src/hydrophone_streamer_pkg/build/hydrophone_streamer_pkg
[  3%] [34m[1mGenerating C code for ROS interfaces[0m
[35m[1mScanning dependencies of target hydrophone_streamer_pkg__rosidl_generator_c[0m
[  6%] [32mBuilding C object CMakeFiles/hydrophone_streamer_pkg__rosidl_generator_c.dir/rosidl_generator_c/hydrophone_streamer_pkg/action/detail/hydrophoneraw__functions.c.o[0m
[  9%] [32m[1mLinking C shared library libhydrophone_streamer_pkg__rosidl_generator_c.so[0m
[  9%] Built target hydrophone_streamer_pkg__rosidl_generator_c
[ 12%] [34m[1mGenerating C introspection for ROS interfaces[0m
[35m[1mScanning dependencies of target hydrophone_streamer_pkg__rosidl_typesupport_introspection_c[0m
[ 16%] [32mBuilding C object CMakeFiles/hydrophone_streamer_pkg__rosidl_typesupport_introspection_c.dir/rosidl_typesupport_introspection_c/hydrophone_streamer_pkg/action/detail/hydrophoneraw__type_support.c.o[0m
[ 19%] [32m[1mLinking C shared library libhydrophone_streamer_pkg__rosidl_typesupport_introspection_c.so[0m
[ 19%] Built target hydrophone_streamer_pkg__rosidl_typesupport_introspection_c
[35m[1mScanning dependencies of target hydrophone_streamer_pkg__cpp[0m
[ 22%] [34m[1mGenerating C++ code for ROS interfaces[0m
[ 22%] Built target hydrophone_streamer_pkg__cpp
[ 25%] [34m[1mGenerating C++ type support dispatch for ROS interfaces[0m
[35m[1mScanning dependencies of target hydrophone_streamer_pkg__rosidl_typesupport_cpp[0m
[ 29%] [32mBuilding CXX object CMakeFiles/hydrophone_streamer_pkg__rosidl_typesupport_cpp.dir/rosidl_typesupport_cpp/hydrophone_streamer_pkg/action/hydrophoneraw__type_support.cpp.o[0m
[ 32%] [32m[1mLinking CXX shared library libhydrophone_streamer_pkg__rosidl_typesupport_cpp.so[0m
[ 32%] Built target hydrophone_streamer_pkg__rosidl_typesupport_cpp
[ 35%] [34m[1mGenerating C++ type support for eProsima Fast-RTPS[0m
[35m[1mScanning dependencies of target hydrophone_streamer_pkg__rosidl_typesupport_fastrtps_cpp[0m
[ 38%] [32mBuilding CXX object CMakeFiles/hydrophone_streamer_pkg__rosidl_typesupport_fastrtps_cpp.dir/rosidl_typesupport_fastrtps_cpp/hydrophone_streamer_pkg/action/detail/dds_fastrtps/hydrophoneraw__type_support.cpp.o[0m
[ 41%] [32m[1mLinking CXX shared library libhydrophone_streamer_pkg__rosidl_typesupport_fastrtps_cpp.so[0m
[ 41%] Built target hydrophone_streamer_pkg__rosidl_typesupport_fastrtps_cpp
[ 45%] [34m[1mGenerating C type support for eProsima Fast-RTPS[0m
[35m[1mScanning dependencies of target hydrophone_streamer_pkg__rosidl_typesupport_fastrtps_c[0m
[ 48%] [32mBuilding CXX object CMakeFiles/hydrophone_streamer_pkg__rosidl_typesupport_fastrtps_c.dir/rosidl_typesupport_fastrtps_c/hydrophone_streamer_pkg/action/detail/hydrophoneraw__type_support_c.cpp.o[0m
[ 51%] [32m[1mLinking CXX shared library libhydrophone_streamer_pkg__rosidl_typesupport_fastrtps_c.so[0m
[ 51%] Built target hydrophone_streamer_pkg__rosidl_typesupport_fastrtps_c
[ 54%] [34m[1mGenerating C type support dispatch for ROS interfaces[0m
[35m[1mScanning dependencies of target hydrophone_streamer_pkg__rosidl_typesupport_c[0m
[ 58%] [32mBuilding CXX object CMakeFiles/hydrophone_streamer_pkg__rosidl_typesupport_c.dir/rosidl_typesupport_c/hydrophone_streamer_pkg/action/hydrophoneraw__type_support.cpp.o[0m
[ 61%] [32m[1mLinking CXX shared library libhydrophone_streamer_pkg__rosidl_typesupport_c.so[0m
[ 61%] Built target hydrophone_streamer_pkg__rosidl_typesupport_c
[ 64%] [34m[1mGenerating C++ introspection for ROS interfaces[0m
[35m[1mScanning dependencies of target hydrophone_streamer_pkg__rosidl_typesupport_introspection_cpp[0m
[ 67%] [32mBuilding CXX object CMakeFiles/hydrophone_streamer_pkg__rosidl_typesupport_introspection_cpp.dir/rosidl_typesupport_introspection_cpp/hydrophone_streamer_pkg/action/detail/hydrophoneraw__type_support.cpp.o[0m
[ 70%] [32m[1mLinking CXX shared library libhydrophone_streamer_pkg__rosidl_typesupport_introspection_cpp.so[0m
[ 70%] Built target hydrophone_streamer_pkg__rosidl_typesupport_introspection_cpp
[35m[1mScanning dependencies of target hydrophone_streamer_pkg[0m
[ 70%] Built target hydrophone_streamer_pkg
[35m[1mScanning dependencies of target hydrophone_streamer_pkg__py[0m
[ 74%] [34m[1mGenerating Python code for ROS interfaces[0m
[ 74%] Built target hydrophone_streamer_pkg__py
[35m[1mScanning dependencies of target hydrophone_streamer_pkg__python[0m
[ 77%] [32mBuilding C object CMakeFiles/hydrophone_streamer_pkg__python.dir/rosidl_generator_py/hydrophone_streamer_pkg/action/_hydrophoneraw_s.c.o[0m
[ 80%] [32m[1mLinking C shared library rosidl_generator_py/hydrophone_streamer_pkg/libhydrophone_streamer_pkg__python.so[0m
[ 80%] Built target hydrophone_streamer_pkg__python
[35m[1mScanning dependencies of target hydrophone_streamer_pkg__rosidl_typesupport_c__pyext[0m
[ 83%] [32mBuilding C object CMakeFiles/hydrophone_streamer_pkg__rosidl_typesupport_c__pyext.dir/rosidl_generator_py/hydrophone_streamer_pkg/_hydrophone_streamer_pkg_s.ep.rosidl_typesupport_c.c.o[0m
[ 87%] [32m[1mLinking C shared library rosidl_generator_py/hydrophone_streamer_pkg/hydrophone_streamer_pkg_s__rosidl_typesupport_c.cpython-38-x86_64-linux-gnu.so[0m
[ 87%] Built target hydrophone_streamer_pkg__rosidl_typesupport_c__pyext
[35m[1mScanning dependencies of target hydrophone_streamer_pkg__rosidl_typesupport_introspection_c__pyext[0m
[ 90%] [32mBuilding C object CMakeFiles/hydrophone_streamer_pkg__rosidl_typesupport_introspection_c__pyext.dir/rosidl_generator_py/hydrophone_streamer_pkg/_hydrophone_streamer_pkg_s.ep.rosidl_typesupport_introspection_c.c.o[0m
[ 93%] [32m[1mLinking C shared library rosidl_generator_py/hydrophone_streamer_pkg/hydrophone_streamer_pkg_s__rosidl_typesupport_introspection_c.cpython-38-x86_64-linux-gnu.so[0m
[ 93%] Built target hydrophone_streamer_pkg__rosidl_typesupport_introspection_c__pyext
[35m[1mScanning dependencies of target hydrophone_streamer_pkg__rosidl_typesupport_fastrtps_c__pyext[0m
[ 96%] [32mBuilding C object CMakeFiles/hydrophone_streamer_pkg__rosidl_typesupport_fastrtps_c__pyext.dir/rosidl_generator_py/hydrophone_streamer_pkg/_hydrophone_streamer_pkg_s.ep.rosidl_typesupport_fastrtps_c.c.o[0m
[100%] [32m[1mLinking CXX shared library rosidl_generator_py/hydrophone_streamer_pkg/hydrophone_streamer_pkg_s__rosidl_typesupport_fastrtps_c.cpython-38-x86_64-linux-gnu.so[0m
[100%] Built target hydrophone_streamer_pkg__rosidl_typesupport_fastrtps_c__pyext
-- Install configuration: ""
-- Installing: /home/jzn/hal/HAL/HAL/src/hydrophone_streamer_pkg/install/hydrophone_streamer_pkg/share/ament_index/resource_index/rosidl_interfaces/hydrophone_streamer_pkg
-- Installing: /home/jzn/hal/HAL/HAL/src/hydrophone_streamer_pkg/install/hydrophone_streamer_pkg/include/hydrophone_streamer_pkg
-- Installing: /home/jzn/hal/HAL/HAL/src/hydrophone_streamer_pkg/install/hydrophone_streamer_pkg/include/hydrophone_streamer_pkg/msg
-- Installing: /home/jzn/hal/HAL/HAL/src/hydrophone_streamer_pkg/install/hydrophone_streamer_pkg/include/hydrophone_streamer_pkg/msg/rosidl_generator_c__visibility_control.h
-- Installing: /home/jzn/hal/HAL/HAL/src/hydrophone_streamer_pkg/install/hydrophone_streamer_pkg/include/hydrophone_streamer_pkg/action
-- Installing: /home/jzn/hal/HAL/HAL/src/hydrophone_streamer_pkg/install/hydrophone_streamer_pkg/include/hydrophone_streamer_pkg/action/hydrophoneraw.h
-- Installing: /home/jzn/hal/HAL/HAL/src/hydrophone_streamer_pkg/install/hydrophone_streamer_pkg/include/hydrophone_streamer_pkg/action/detail
-- Installing: /home/jzn/hal/HAL/HAL/src/hydrophone_streamer_pkg/install/hydrophone_streamer_pkg/include/hydrophone_streamer_pkg/action/detail/hydrophoneraw__type_support.h
-- Installing: /home/jzn/hal/HAL/HAL/src/hydrophone_streamer_pkg/install/hydrophone_streamer_pkg/include/hydrophone_streamer_pkg/action/detail/hydrophoneraw__functions.c
-- Installing: /home/jzn/hal/HAL/HAL/src/hydrophone_streamer_pkg/install/hydrophone_streamer_pkg/include/hydrophone_streamer_pkg/action/detail/hydrophoneraw__struct.h
-- Installing: /home/jzn/hal/HAL/HAL/src/hydrophone_streamer_pkg/install/hydrophone_streamer_pkg/include/hydrophone_streamer_pkg/action/detail/hydrophoneraw__functions.h
-- Installing: /home/jzn/hal/HAL/HAL/src/hydrophone_streamer_pkg/install/hydrophone_streamer_pkg/share/hydrophone_streamer_pkg/environment/library_path.sh
-- Installing: /home/jzn/hal/HAL/HAL/src/hydrophone_streamer_pkg/install/hydrophone_streamer_pkg/share/hydrophone_streamer_pkg/environment/library_path.dsv
-- Installing: /home/jzn/hal/HAL/HAL/src/hydrophone_streamer_pkg/install/hydrophone_streamer_pkg/lib/libhydrophone_streamer_pkg__rosidl_generator_c.so
-- Set runtime path of "/home/jzn/hal/HAL/HAL/src/hydrophone_streamer_pkg/install/hydrophone_streamer_pkg/lib/libhydrophone_streamer_pkg__rosidl_generator_c.so" to ""
-- Up-to-date: /home/jzn/hal/HAL/HAL/src/hydrophone_streamer_pkg/install/hydrophone_streamer_pkg/include/hydrophone_streamer_pkg
-- Up-to-date: /home/jzn/hal/HAL/HAL/src/hydrophone_streamer_pkg/install/hydrophone_streamer_pkg/include/hydrophone_streamer_pkg/msg
-- Installing: /home/jzn/hal/HAL/HAL/src/hydrophone_streamer_pkg/install/hydrophone_streamer_pkg/include/hydrophone_streamer_pkg/msg/rosidl_typesupport_fastrtps_c__visibility_control.h
-- Up-to-date: /home/jzn/hal/HAL/HAL/src/hydrophone_streamer_pkg/install/hydrophone_streamer_pkg/include/hydrophone_streamer_pkg/action
-- Up-to-date: /home/jzn/hal/HAL/HAL/src/hydrophone_streamer_pkg/install/hydrophone_streamer_pkg/include/hydrophone_streamer_pkg/action/detail
-- Installing: /home/jzn/hal/HAL/HAL/src/hydrophone_streamer_pkg/install/hydrophone_streamer_pkg/include/hydrophone_streamer_pkg/action/detail/hydrophoneraw__rosidl_typesupport_fastrtps_c.h
-- Installing: /home/jzn/hal/HAL/HAL/src/hydrophone_streamer_pkg/install/hydrophone_streamer_pkg/lib/libhydrophone_streamer_pkg__rosidl_typesupport_fastrtps_c.so
-- Set runtime path of "/home/jzn/hal/HAL/HAL/src/hydrophone_streamer_pkg/install/hydrophone_streamer_pkg/lib/libhydrophone_streamer_pkg__rosidl_typesupport_fastrtps_c.so" to ""
-- Up-to-date: /home/jzn/hal/HAL/HAL/src/hydrophone_streamer_pkg/install/hydrophone_streamer_pkg/include/hydrophone_streamer_pkg
-- Up-to-date: /home/jzn/hal/HAL/HAL/src/hydrophone_streamer_pkg/install/hydrophone_streamer_pkg/include/hydrophone_streamer_pkg/msg
-- Installing: /home/jzn/hal/HAL/HAL/src/hydrophone_streamer_pkg/install/hydrophone_streamer_pkg/include/hydrophone_streamer_pkg/msg/rosidl_typesupport_fastrtps_cpp__visibility_control.h
-- Up-to-date: /home/jzn/hal/HAL/HAL/src/hydrophone_streamer_pkg/install/hydrophone_streamer_pkg/include/hydrophone_streamer_pkg/action
-- Up-to-date: /home/jzn/hal/HAL/HAL/src/hydrophone_streamer_pkg/install/hydrophone_streamer_pkg/include/hydrophone_streamer_pkg/action/detail
-- Installing: /home/jzn/hal/HAL/HAL/src/hydrophone_streamer_pkg/install/hydrophone_streamer_pkg/include/hydrophone_streamer_pkg/action/detail/hydrophoneraw__rosidl_typesupport_fastrtps_cpp.hpp
-- Installing: /home/jzn/hal/HAL/HAL/src/hydrophone_streamer_pkg/install/hydrophone_streamer_pkg/include/hydrophone_streamer_pkg/action/detail/dds_fastrtps
-- Installing: /home/jzn/hal/HAL/HAL/src/hydrophone_streamer_pkg/install/hydrophone_streamer_pkg/lib/libhydrophone_streamer_pkg__rosidl_typesupport_fastrtps_cpp.so
-- Set runtime path of "/home/jzn/hal/HAL/HAL/src/hydrophone_streamer_pkg/install/hydrophone_streamer_pkg/lib/libhydrophone_streamer_pkg__rosidl_typesupport_fastrtps_cpp.so" to ""
-- Up-to-date: /home/jzn/hal/HAL/HAL/src/hydrophone_streamer_pkg/install/hydrophone_streamer_pkg/include/hydrophone_streamer_pkg
-- Up-to-date: /home/jzn/hal/HAL/HAL/src/hydrophone_streamer_pkg/install/hydrophone_streamer_pkg/include/hydrophone_streamer_pkg/msg
-- Installing: /home/jzn/hal/HAL/HAL/src/hydrophone_streamer_pkg/install/hydrophone_streamer_pkg/include/hydrophone_streamer_pkg/msg/rosidl_typesupport_introspection_c__visibility_control.h
-- Up-to-date: /home/jzn/hal/HAL/HAL/src/hydrophone_streamer_pkg/install/hydrophone_streamer_pkg/include/hydrophone_streamer_pkg/action
-- Up-to-date: /home/jzn/hal/HAL/HAL/src/hydrophone_streamer_pkg/install/hydrophone_streamer_pkg/include/hydrophone_streamer_pkg/action/detail
-- Installing: /home/jzn/hal/HAL/HAL/src/hydrophone_streamer_pkg/install/hydrophone_streamer_pkg/include/hydrophone_streamer_pkg/action/detail/hydrophoneraw__type_support.c
-- Installing: /home/jzn/hal/HAL/HAL/src/hydrophone_streamer_pkg/install/hydrophone_streamer_pkg/include/hydrophone_streamer_pkg/action/detail/hydrophoneraw__rosidl_typesupport_introspection_c.h
-- Installing: /home/jzn/hal/HAL/HAL/src/hydrophone_streamer_pkg/install/hydrophone_streamer_pkg/lib/libhydrophone_streamer_pkg__rosidl_typesupport_introspection_c.so
-- Set runtime path of "/home/jzn/hal/HAL/HAL/src/hydrophone_streamer_pkg/install/hydrophone_streamer_pkg/lib/libhydrophone_streamer_pkg__rosidl_typesupport_introspection_c.so" to ""
-- Installing: /home/jzn/hal/HAL/HAL/src/hydrophone_streamer_pkg/install/hydrophone_streamer_pkg/lib/libhydrophone_streamer_pkg__rosidl_typesupport_c.so
-- Set runtime path of "/home/jzn/hal/HAL/HAL/src/hydrophone_streamer_pkg/install/hydrophone_streamer_pkg/lib/libhydrophone_streamer_pkg__rosidl_typesupport_c.so" to ""
-- Up-to-date: /home/jzn/hal/HAL/HAL/src/hydrophone_streamer_pkg/install/hydrophone_streamer_pkg/include/hydrophone_streamer_pkg
-- Up-to-date: /home/jzn/hal/HAL/HAL/src/hydrophone_streamer_pkg/install/hydrophone_streamer_pkg/include/hydrophone_streamer_pkg/action
-- Installing: /home/jzn/hal/HAL/HAL/src/hydrophone_streamer_pkg/install/hydrophone_streamer_pkg/include/hydrophone_streamer_pkg/action/hydrophoneraw.hpp
-- Up-to-date: /home/jzn/hal/HAL/HAL/src/hydrophone_streamer_pkg/install/hydrophone_streamer_pkg/include/hydrophone_streamer_pkg/action/detail
-- Installing: /home/jzn/hal/HAL/HAL/src/hydrophone_streamer_pkg/install/hydrophone_streamer_pkg/include/hydrophone_streamer_pkg/action/detail/hydrophoneraw__traits.hpp
-- Installing: /home/jzn/hal/HAL/HAL/src/hydrophone_streamer_pkg/install/hydrophone_streamer_pkg/include/hydrophone_streamer_pkg/action/detail/hydrophoneraw__builder.hpp
-- Installing: /home/jzn/hal/HAL/HAL/src/hydrophone_streamer_pkg/install/hydrophone_streamer_pkg/include/hydrophone_streamer_pkg/action/detail/hydrophoneraw__struct.hpp
-- Up-to-date: /home/jzn/hal/HAL/HAL/src/hydrophone_streamer_pkg/install/hydrophone_streamer_pkg/include/hydrophone_streamer_pkg
-- Up-to-date: /home/jzn/hal/HAL/HAL/src/hydrophone_streamer_pkg/install/hydrophone_streamer_pkg/include/hydrophone_streamer_pkg/action
-- Up-to-date: /home/jzn/hal/HAL/HAL/src/hydrophone_streamer_pkg/install/hydrophone_streamer_pkg/include/hydrophone_streamer_pkg/action/detail
-- Installing: /home/jzn/hal/HAL/HAL/src/hydrophone_streamer_pkg/install/hydrophone_streamer_pkg/include/hydrophone_streamer_pkg/action/detail/hydrophoneraw__rosidl_typesupport_introspection_cpp.hpp
-- Installing: /home/jzn/hal/HAL/HAL/src/hydrophone_streamer_pkg/install/hydrophone_streamer_pkg/include/hydrophone_streamer_pkg/action/detail/hydrophoneraw__type_support.cpp
-- Installing: /home/jzn/hal/HAL/HAL/src/hydrophone_streamer_pkg/install/hydrophone_streamer_pkg/lib/libhydrophone_streamer_pkg__rosidl_typesupport_introspection_cpp.so
-- Set runtime path of "/home/jzn/hal/HAL/HAL/src/hydrophone_streamer_pkg/install/hydrophone_streamer_pkg/lib/libhydrophone_streamer_pkg__rosidl_typesupport_introspection_cpp.so" to ""
-- Installing: /home/jzn/hal/HAL/HAL/src/hydrophone_streamer_pkg/install/hydrophone_streamer_pkg/lib/libhydrophone_streamer_pkg__rosidl_typesupport_cpp.so
-- Set runtime path of "/home/jzn/hal/HAL/HAL/src/hydrophone_streamer_pkg/install/hydrophone_streamer_pkg/lib/libhydrophone_streamer_pkg__rosidl_typesupport_cpp.so" to ""
-- Installing: /home/jzn/hal/HAL/HAL/src/hydrophone_streamer_pkg/install/hydrophone_streamer_pkg/share/hydrophone_streamer_pkg/environment/pythonpath.sh
-- Installing: /home/jzn/hal/HAL/HAL/src/hydrophone_streamer_pkg/install/hydrophone_streamer_pkg/share/hydrophone_streamer_pkg/environment/pythonpath.dsv
-- Installing: /home/jzn/hal/HAL/HAL/src/hydrophone_streamer_pkg/install/hydrophone_streamer_pkg/lib/python3.8/site-packages/hydrophone_streamer_pkg/__init__.py
Compiling '/home/jzn/hal/HAL/HAL/src/hydrophone_streamer_pkg/install/hydrophone_streamer_pkg/lib/python3.8/site-packages/hydrophone_streamer_pkg/__init__.py'...
-- Installing: /home/jzn/hal/HAL/HAL/src/hydrophone_streamer_pkg/install/hydrophone_streamer_pkg/lib/python3.8/site-packages/hydrophone_streamer_pkg/action
-- Installing: /home/jzn/hal/HAL/HAL/src/hydrophone_streamer_pkg/install/hydrophone_streamer_pkg/lib/python3.8/site-packages/hydrophone_streamer_pkg/action/_hydrophoneraw.py
-- Installing: /home/jzn/hal/HAL/HAL/src/hydrophone_streamer_pkg/install/hydrophone_streamer_pkg/lib/python3.8/site-packages/hydrophone_streamer_pkg/action/__init__.py
-- Installing: /home/jzn/hal/HAL/HAL/src/hydrophone_streamer_pkg/install/hydrophone_streamer_pkg/lib/python3.8/site-packages/hydrophone_streamer_pkg/action/_hydrophoneraw_s.c
-- Installing: /home/jzn/hal/HAL/HAL/src/hydrophone_streamer_pkg/install/hydrophone_streamer_pkg/lib/python3.8/site-packages/hydrophone_streamer_pkg/hydrophone_streamer_pkg_s__rosidl_typesupport_fastrtps_c.cpython-38-x86_64-linux-gnu.so
-- Set runtime path of "/home/jzn/hal/HAL/HAL/src/hydrophone_streamer_pkg/install/hydrophone_streamer_pkg/lib/python3.8/site-packages/hydrophone_streamer_pkg/hydrophone_streamer_pkg_s__rosidl_typesupport_fastrtps_c.cpython-38-x86_64-linux-gnu.so" to ""
-- Installing: /home/jzn/hal/HAL/HAL/src/hydrophone_streamer_pkg/install/hydrophone_streamer_pkg/lib/python3.8/site-packages/hydrophone_streamer_pkg/hydrophone_streamer_pkg_s__rosidl_typesupport_introspection_c.cpython-38-x86_64-linux-gnu.so
-- Set runtime path of "/home/jzn/hal/HAL/HAL/src/hydrophone_streamer_pkg/install/hydrophone_streamer_pkg/lib/python3.8/site-packages/hydrophone_streamer_pkg/hydrophone_streamer_pkg_s__rosidl_typesupport_introspection_c.cpython-38-x86_64-linux-gnu.so" to ""
-- Installing: /home/jzn/hal/HAL/HAL/src/hydrophone_streamer_pkg/install/hydrophone_streamer_pkg/lib/python3.8/site-packages/hydrophone_streamer_pkg/hydrophone_streamer_pkg_s__rosidl_typesupport_c.cpython-38-x86_64-linux-gnu.so
-- Set runtime path of "/home/jzn/hal/HAL/HAL/src/hydrophone_streamer_pkg/install/hydrophone_streamer_pkg/lib/python3.8/site-packages/hydrophone_streamer_pkg/hydrophone_streamer_pkg_s__rosidl_typesupport_c.cpython-38-x86_64-linux-gnu.so" to ""
-- Installing: /home/jzn/hal/HAL/HAL/src/hydrophone_streamer_pkg/install/hydrophone_streamer_pkg/lib/libhydrophone_streamer_pkg__python.so
-- Set runtime path of "/home/jzn/hal/HAL/HAL/src/hydrophone_streamer_pkg/install/hydrophone_streamer_pkg/lib/libhydrophone_streamer_pkg__python.so" to ""
-- Installing: /home/jzn/hal/HAL/HAL/src/hydrophone_streamer_pkg/install/hydrophone_streamer_pkg/share/hydrophone_streamer_pkg/action/Hydrophoneraw.idl
-- Installing: /home/jzn/hal/HAL/HAL/src/hydrophone_streamer_pkg/install/hydrophone_streamer_pkg/share/hydrophone_streamer_pkg/action/Hydrophoneraw.action
-- Installing: /home/jzn/hal/HAL/HAL/src/hydrophone_streamer_pkg/install/hydrophone_streamer_pkg/share/ament_index/resource_index/package_run_dependencies/hydrophone_streamer_pkg
-- Installing: /home/jzn/hal/HAL/HAL/src/hydrophone_streamer_pkg/install/hydrophone_streamer_pkg/share/ament_index/resource_index/parent_prefix_path/hydrophone_streamer_pkg
-- Installing: /home/jzn/hal/HAL/HAL/src/hydrophone_streamer_pkg/install/hydrophone_streamer_pkg/share/hydrophone_streamer_pkg/environment/ament_prefix_path.sh
-- Installing: /home/jzn/hal/HAL/HAL/src/hydrophone_streamer_pkg/install/hydrophone_streamer_pkg/share/hydrophone_streamer_pkg/environment/ament_prefix_path.dsv
-- Installing: /home/jzn/hal/HAL/HAL/src/hydrophone_streamer_pkg/install/hydrophone_streamer_pkg/share/hydrophone_streamer_pkg/environment/path.sh
-- Installing: /home/jzn/hal/HAL/HAL/src/hydrophone_streamer_pkg/install/hydrophone_streamer_pkg/share/hydrophone_streamer_pkg/environment/path.dsv
-- Installing: /home/jzn/hal/HAL/HAL/src/hydrophone_streamer_pkg/install/hydrophone_streamer_pkg/share/hydrophone_streamer_pkg/local_setup.bash
-- Installing: /home/jzn/hal/HAL/HAL/src/hydrophone_streamer_pkg/install/hydrophone_streamer_pkg/share/hydrophone_streamer_pkg/local_setup.sh
-- Installing: /home/jzn/hal/HAL/HAL/src/hydrophone_streamer_pkg/install/hydrophone_streamer_pkg/share/hydrophone_streamer_pkg/local_setup.zsh
-- Installing: /home/jzn/hal/HAL/HAL/src/hydrophone_streamer_pkg/install/hydrophone_streamer_pkg/share/hydrophone_streamer_pkg/local_setup.dsv
-- Installing: /home/jzn/hal/HAL/HAL/src/hydrophone_streamer_pkg/install/hydrophone_streamer_pkg/share/hydrophone_streamer_pkg/package.dsv
-- Installing: /home/jzn/hal/HAL/HAL/src/hydrophone_streamer_pkg/install/hydrophone_streamer_pkg/share/ament_index/resource_index/packages/hydrophone_streamer_pkg
-- Installing: /home/jzn/hal/HAL/HAL/src/hydrophone_streamer_pkg/install/hydrophone_streamer_pkg/share/hydrophone_streamer_pkg/cmake/hydrophone_streamer_pkg__rosidl_generator_cExport.cmake
-- Installing: /home/jzn/hal/HAL/HAL/src/hydrophone_streamer_pkg/install/hydrophone_streamer_pkg/share/hydrophone_streamer_pkg/cmake/hydrophone_streamer_pkg__rosidl_generator_cExport-noconfig.cmake
-- Installing: /home/jzn/hal/HAL/HAL/src/hydrophone_streamer_pkg/install/hydrophone_streamer_pkg/share/hydrophone_streamer_pkg/cmake/hydrophone_streamer_pkg__rosidl_typesupport_introspection_cExport.cmake
-- Installing: /home/jzn/hal/HAL/HAL/src/hydrophone_streamer_pkg/install/hydrophone_streamer_pkg/share/hydrophone_streamer_pkg/cmake/hydrophone_streamer_pkg__rosidl_typesupport_introspection_cExport-noconfig.cmake
-- Installing: /home/jzn/hal/HAL/HAL/src/hydrophone_streamer_pkg/install/hydrophone_streamer_pkg/share/hydrophone_streamer_pkg/cmake/hydrophone_streamer_pkg__rosidl_typesupport_cExport.cmake
-- Installing: /home/jzn/hal/HAL/HAL/src/hydrophone_streamer_pkg/install/hydrophone_streamer_pkg/share/hydrophone_streamer_pkg/cmake/hydrophone_streamer_pkg__rosidl_typesupport_cExport-noconfig.cmake
-- Installing: /home/jzn/hal/HAL/HAL/src/hydrophone_streamer_pkg/install/hydrophone_streamer_pkg/share/hydrophone_streamer_pkg/cmake/hydrophone_streamer_pkg__rosidl_generator_cppExport.cmake
-- Installing: /home/jzn/hal/HAL/HAL/src/hydrophone_streamer_pkg/install/hydrophone_streamer_pkg/share/hydrophone_streamer_pkg/cmake/hydrophone_streamer_pkg__rosidl_typesupport_introspection_cppExport.cmake
-- Installing: /home/jzn/hal/HAL/HAL/src/hydrophone_streamer_pkg/install/hydrophone_streamer_pkg/share/hydrophone_streamer_pkg/cmake/hydrophone_streamer_pkg__rosidl_typesupport_introspection_cppExport-noconfig.cmake
-- Installing: /home/jzn/hal/HAL/HAL/src/hydrophone_streamer_pkg/install/hydrophone_streamer_pkg/share/hydrophone_streamer_pkg/cmake/hydrophone_streamer_pkg__rosidl_typesupport_cppExport.cmake
-- Installing: /home/jzn/hal/HAL/HAL/src/hydrophone_streamer_pkg/install/hydrophone_streamer_pkg/share/hydrophone_streamer_pkg/cmake/hydrophone_streamer_pkg__rosidl_typesupport_cppExport-noconfig.cmake
-- Installing: /home/jzn/hal/HAL/HAL/src/hydrophone_streamer_pkg/install/hydrophone_streamer_pkg/share/hydrophone_streamer_pkg/cmake/rosidl_cmake-extras.cmake
-- Installing: /home/jzn/hal/HAL/HAL/src/hydrophone_streamer_pkg/install/hydrophone_streamer_pkg/share/hydrophone_streamer_pkg/cmake/ament_cmake_export_dependencies-extras.cmake
-- Installing: /home/jzn/hal/HAL/HAL/src/hydrophone_streamer_pkg/install/hydrophone_streamer_pkg/share/hydrophone_streamer_pkg/cmake/ament_cmake_export_libraries-extras.cmake
-- Installing: /home/jzn/hal/HAL/HAL/src/hydrophone_streamer_pkg/install/hydrophone_streamer_pkg/share/hydrophone_streamer_pkg/cmake/ament_cmake_export_targets-extras.cmake
-- Installing: /home/jzn/hal/HAL/HAL/src/hydrophone_streamer_pkg/install/hydrophone_streamer_pkg/share/hydrophone_streamer_pkg/cmake/ament_cmake_export_include_directories-extras.cmake
-- Installing: /home/jzn/hal/HAL/HAL/src/hydrophone_streamer_pkg/install/hydrophone_streamer_pkg/share/hydrophone_streamer_pkg/cmake/rosidl_cmake_export_typesupport_libraries-extras.cmake
-- Installing: /home/jzn/hal/HAL/HAL/src/hydrophone_streamer_pkg/install/hydrophone_streamer_pkg/share/hydrophone_streamer_pkg/cmake/rosidl_cmake_export_typesupport_targets-extras.cmake
-- Installing: /home/jzn/hal/HAL/HAL/src/hydrophone_streamer_pkg/install/hydrophone_streamer_pkg/share/hydrophone_streamer_pkg/cmake/hydrophone_streamer_pkgConfig.cmake
-- Installing: /home/jzn/hal/HAL/HAL/src/hydrophone_streamer_pkg/install/hydrophone_streamer_pkg/share/hydrophone_streamer_pkg/cmake/hydrophone_streamer_pkgConfig-version.cmake
-- Installing: /home/jzn/hal/HAL/HAL/src/hydrophone_streamer_pkg/install/hydrophone_streamer_pkg/share/hydrophone_streamer_pkg/package.xml
