[0.012s] Invoking command in '/home/jzn/hal/HAL/HAL/src/hydrophone_streamer_pkg/build/hydrophone_streamer_pkg': /usr/bin/cmake /home/jzn/hal/HAL/HAL/src/hydrophone_streamer_pkg -DCMAKE_INSTALL_PREFIX=/home/jzn/hal/HAL/HAL/src/hydrophone_streamer_pkg/install/hydrophone_streamer_pkg
[0.036s] -- Found ament_cmake: 0.9.8 (/home/jzn/ros2_foxy/ros2-linux/share/ament_cmake/cmake)
[0.068s] -- Using PYTHON_EXECUTABLE: /usr/bin/python3
[0.238s] -- Found rclpy: 1.0.4 (/home/jzn/ros2_foxy/ros2-linux/share/rclpy/cmake)
[0.238s] -- Found std_msgs: 2.0.3 (/home/jzn/ros2_foxy/ros2-linux/share/std_msgs/cmake)
[0.260s] -- Using all available rosidl_typesupport_c: rosidl_typesupport_connext_c;rosidl_typesupport_fastrtps_c;rosidl_typesupport_introspection_c
[0.264s] -- Found rosidl_adapter: 1.2.0 (/home/jzn/ros2_foxy/ros2-linux/share/rosidl_adapter/cmake)
[0.279s] -- Could not find RTI Connext - skipping rosidl_typesupport_connext_c
[0.292s] -- Could not find RTI Connext - skipping rosidl_typesupport_connext_cpp
[0.390s] -- Using all available rosidl_typesupport_cpp: rosidl_typesupport_connext_cpp;rosidl_typesupport_fastrtps_cpp;rosidl_typesupport_introspection_cpp
[0.437s] -- Found ament_lint_auto: 0.9.6 (/home/jzn/ros2_foxy/ros2-linux/share/ament_lint_auto/cmake)
[0.494s] -- Found rosidl_default_generators: 1.0.0 (/home/jzn/ros2_foxy/ros2-linux/share/rosidl_default_generators/cmake)
[0.523s] -- Found PythonInterp: /usr/bin/python3 (found version "3.8.5") 
[0.849s] -- Found ament_cmake_ros: 0.9.0 (/home/jzn/ros2_foxy/ros2-linux/share/ament_cmake_ros/cmake)
[1.034s] -- Using all available rosidl_typesupport_c: rosidl_typesupport_connext_c;rosidl_typesupport_fastrtps_c;rosidl_typesupport_introspection_c
[1.075s] -- Using all available rosidl_typesupport_cpp: rosidl_typesupport_connext_cpp;rosidl_typesupport_fastrtps_cpp;rosidl_typesupport_introspection_cpp
[1.097s] -- Found PythonInterp: /usr/bin/python3 (found suitable version "3.8.5", minimum required is "3.5") 
[1.109s] -- Found python_cmake_module: 0.8.0 (/home/jzn/ros2_foxy/ros2-linux/share/python_cmake_module/cmake)
[1.255s] -- Found PythonLibs: /usr/lib/x86_64-linux-gnu/libpython3.8.so (found suitable version "3.8.5", minimum required is "3.5") 
[1.255s] -- Using PYTHON_EXECUTABLE: /usr/bin/python3
[1.255s] -- Using PYTHON_INCLUDE_DIRS: /usr/include/python3.8
[1.255s] -- Using PYTHON_LIBRARIES: /usr/lib/x86_64-linux-gnu/libpython3.8.so
[1.273s] -- Found PythonExtra: .so  
[1.391s] -- Added test 'copyright' to check source files copyright and LICENSE
[1.403s] -- Added test 'cppcheck' to perform static code analysis on C / C++ code
[1.405s] -- Configured cppcheck include dirs: $<BUILD_INTERFACE:/home/jzn/hal/HAL/HAL/src/hydrophone_streamer_pkg/build/hydrophone_streamer_pkg/rosidl_generator_c>;/home/jzn/hal/HAL/HAL/src/hydrophone_streamer_pkg/build/hydrophone_streamer_pkg/rosidl_generator_c;/home/jzn/hal/HAL/HAL/src/hydrophone_streamer_pkg/build/hydrophone_streamer_pkg/rosidl_generator_cpp;/home/jzn/hal/HAL/HAL/src/hydrophone_streamer_pkg/build/hydrophone_streamer_pkg/rosidl_typesupport_fastrtps_c;/home/jzn/hal/HAL/HAL/src/hydrophone_streamer_pkg/build/hydrophone_streamer_pkg/rosidl_typesupport_fastrtps_cpp;$<BUILD_INTERFACE:/home/jzn/hal/HAL/HAL/src/hydrophone_streamer_pkg/build/hydrophone_streamer_pkg/rosidl_typesupport_introspection_c>;$<BUILD_INTERFACE:/home/jzn/hal/HAL/HAL/src/hydrophone_streamer_pkg/build/hydrophone_streamer_pkg/rosidl_typesupport_c>;$<BUILD_INTERFACE:/home/jzn/hal/HAL/HAL/src/hydrophone_streamer_pkg/build/hydrophone_streamer_pkg/rosidl_generator_cpp>;/home/jzn/hal/HAL/HAL/src/hydrophone_streamer_pkg/build/hydrophone_streamer_pkg/rosidl_generator_py
[1.405s] -- Configured cppcheck exclude dirs and/or files: 
[1.415s] -- Added test 'cpplint' to check C / C++ code against the Google style
[1.415s] -- Configured cpplint exclude dirs and/or files: 
[1.417s] -- Added test 'flake8' to check Python code syntax and style conventions
[1.427s] -- Added test 'lint_cmake' to check CMake code style
[1.429s] -- Added test 'pep257' to check Python code against some of the style conventions in PEP 257
[1.445s] -- Added test 'uncrustify' to check C / C++ code style
[1.446s] -- Configured uncrustify additional arguments: 
[1.448s] -- Added test 'xmllint' to check XML markup files
[1.473s] -- Configuring done
[1.693s] -- Generating done
[1.697s] -- Build files have been written to: /home/jzn/hal/HAL/HAL/src/hydrophone_streamer_pkg/build/hydrophone_streamer_pkg
[1.704s] Invoked command in '/home/jzn/hal/HAL/HAL/src/hydrophone_streamer_pkg/build/hydrophone_streamer_pkg' returned '0': /usr/bin/cmake /home/jzn/hal/HAL/HAL/src/hydrophone_streamer_pkg -DCMAKE_INSTALL_PREFIX=/home/jzn/hal/HAL/HAL/src/hydrophone_streamer_pkg/install/hydrophone_streamer_pkg
[1.704s] Invoking command in '/home/jzn/hal/HAL/HAL/src/hydrophone_streamer_pkg/build/hydrophone_streamer_pkg': /usr/bin/cmake --build /home/jzn/hal/HAL/HAL/src/hydrophone_streamer_pkg/build/hydrophone_streamer_pkg -- -j1 -l1
[1.750s] [  3%] [34m[1mGenerating C code for ROS interfaces[0m
[2.261s] [35m[1mScanning dependencies of target hydrophone_streamer_pkg__rosidl_generator_c[0m
[2.352s] [  6%] [32mBuilding C object CMakeFiles/hydrophone_streamer_pkg__rosidl_generator_c.dir/rosidl_generator_c/hydrophone_streamer_pkg/action/detail/hydrophoneraw__functions.c.o[0m
[2.616s] [  9%] [32m[1mLinking C shared library libhydrophone_streamer_pkg__rosidl_generator_c.so[0m
[2.803s] [  9%] Built target hydrophone_streamer_pkg__rosidl_generator_c
[2.814s] [ 12%] [34m[1mGenerating C introspection for ROS interfaces[0m
[3.166s] [35m[1mScanning dependencies of target hydrophone_streamer_pkg__rosidl_typesupport_introspection_c[0m
[3.194s] [ 16%] [32mBuilding C object CMakeFiles/hydrophone_streamer_pkg__rosidl_typesupport_introspection_c.dir/rosidl_typesupport_introspection_c/hydrophone_streamer_pkg/action/detail/hydrophoneraw__type_support.c.o[0m
[3.245s] [ 19%] [32m[1mLinking C shared library libhydrophone_streamer_pkg__rosidl_typesupport_introspection_c.so[0m
[3.281s] [ 19%] Built target hydrophone_streamer_pkg__rosidl_typesupport_introspection_c
[3.291s] [35m[1mScanning dependencies of target hydrophone_streamer_pkg__cpp[0m
[3.306s] [ 22%] [34m[1mGenerating C++ code for ROS interfaces[0m
[3.684s] [ 22%] Built target hydrophone_streamer_pkg__cpp
[3.695s] [ 25%] [34m[1mGenerating C++ type support dispatch for ROS interfaces[0m
[3.961s] [35m[1mScanning dependencies of target hydrophone_streamer_pkg__rosidl_typesupport_cpp[0m
[4.036s] [ 29%] [32mBuilding CXX object CMakeFiles/hydrophone_streamer_pkg__rosidl_typesupport_cpp.dir/rosidl_typesupport_cpp/hydrophone_streamer_pkg/action/hydrophoneraw__type_support.cpp.o[0m
[4.915s] [ 32%] [32m[1mLinking CXX shared library libhydrophone_streamer_pkg__rosidl_typesupport_cpp.so[0m
[4.962s] [ 32%] Built target hydrophone_streamer_pkg__rosidl_typesupport_cpp
[4.972s] [ 35%] [34m[1mGenerating C++ type support for eProsima Fast-RTPS[0m
[5.314s] [35m[1mScanning dependencies of target hydrophone_streamer_pkg__rosidl_typesupport_fastrtps_cpp[0m
[5.454s] [ 38%] [32mBuilding CXX object CMakeFiles/hydrophone_streamer_pkg__rosidl_typesupport_fastrtps_cpp.dir/rosidl_typesupport_fastrtps_cpp/hydrophone_streamer_pkg/action/detail/dds_fastrtps/hydrophoneraw__type_support.cpp.o[0m
[6.013s] [ 41%] [32m[1mLinking CXX shared library libhydrophone_streamer_pkg__rosidl_typesupport_fastrtps_cpp.so[0m
[6.310s] [ 41%] Built target hydrophone_streamer_pkg__rosidl_typesupport_fastrtps_cpp
[6.321s] [ 45%] [34m[1mGenerating C type support for eProsima Fast-RTPS[0m
[6.661s] [35m[1mScanning dependencies of target hydrophone_streamer_pkg__rosidl_typesupport_fastrtps_c[0m
[6.681s] [ 48%] [32mBuilding CXX object CMakeFiles/hydrophone_streamer_pkg__rosidl_typesupport_fastrtps_c.dir/rosidl_typesupport_fastrtps_c/hydrophone_streamer_pkg/action/detail/hydrophoneraw__type_support_c.cpp.o[0m
[7.060s] [ 51%] [32m[1mLinking CXX shared library libhydrophone_streamer_pkg__rosidl_typesupport_fastrtps_c.so[0m
[7.192s] [ 51%] Built target hydrophone_streamer_pkg__rosidl_typesupport_fastrtps_c
[7.202s] [ 54%] [34m[1mGenerating C type support dispatch for ROS interfaces[0m
[7.459s] [35m[1mScanning dependencies of target hydrophone_streamer_pkg__rosidl_typesupport_c[0m
[7.504s] [ 58%] [32mBuilding CXX object CMakeFiles/hydrophone_streamer_pkg__rosidl_typesupport_c.dir/rosidl_typesupport_c/hydrophone_streamer_pkg/action/hydrophoneraw__type_support.cpp.o[0m
[7.554s] [ 61%] [32m[1mLinking CXX shared library libhydrophone_streamer_pkg__rosidl_typesupport_c.so[0m
[7.602s] [ 61%] Built target hydrophone_streamer_pkg__rosidl_typesupport_c
[7.617s] [ 64%] [34m[1mGenerating C++ introspection for ROS interfaces[0m
[7.898s] [35m[1mScanning dependencies of target hydrophone_streamer_pkg__rosidl_typesupport_introspection_cpp[0m
[7.917s] [ 67%] [32mBuilding CXX object CMakeFiles/hydrophone_streamer_pkg__rosidl_typesupport_introspection_cpp.dir/rosidl_typesupport_introspection_cpp/hydrophone_streamer_pkg/action/detail/hydrophoneraw__type_support.cpp.o[0m
[8.264s] [ 70%] [32m[1mLinking CXX shared library libhydrophone_streamer_pkg__rosidl_typesupport_introspection_cpp.so[0m
[8.349s] [ 70%] Built target hydrophone_streamer_pkg__rosidl_typesupport_introspection_cpp
[8.359s] [35m[1mScanning dependencies of target hydrophone_streamer_pkg[0m
[8.369s] [ 70%] Built target hydrophone_streamer_pkg
[8.380s] [35m[1mScanning dependencies of target hydrophone_streamer_pkg__py[0m
[8.390s] [ 74%] [34m[1mGenerating Python code for ROS interfaces[0m
[10.066s] [ 74%] Built target hydrophone_streamer_pkg__py
[10.079s] [35m[1mScanning dependencies of target hydrophone_streamer_pkg__python[0m
[10.277s] [ 77%] [32mBuilding C object CMakeFiles/hydrophone_streamer_pkg__python.dir/rosidl_generator_py/hydrophone_streamer_pkg/action/_hydrophoneraw_s.c.o[0m
[10.628s] [ 80%] [32m[1mLinking C shared library rosidl_generator_py/hydrophone_streamer_pkg/libhydrophone_streamer_pkg__python.so[0m
[10.675s] [ 80%] Built target hydrophone_streamer_pkg__python
[10.685s] [35m[1mScanning dependencies of target hydrophone_streamer_pkg__rosidl_typesupport_c__pyext[0m
[10.708s] [ 83%] [32mBuilding C object CMakeFiles/hydrophone_streamer_pkg__rosidl_typesupport_c__pyext.dir/rosidl_generator_py/hydrophone_streamer_pkg/_hydrophone_streamer_pkg_s.ep.rosidl_typesupport_c.c.o[0m
[10.812s] [ 87%] [32m[1mLinking C shared library rosidl_generator_py/hydrophone_streamer_pkg/hydrophone_streamer_pkg_s__rosidl_typesupport_c.cpython-38-x86_64-linux-gnu.so[0m
[10.865s] [ 87%] Built target hydrophone_streamer_pkg__rosidl_typesupport_c__pyext
[10.877s] [35m[1mScanning dependencies of target hydrophone_streamer_pkg__rosidl_typesupport_introspection_c__pyext[0m
[10.898s] [ 90%] [32mBuilding C object CMakeFiles/hydrophone_streamer_pkg__rosidl_typesupport_introspection_c__pyext.dir/rosidl_generator_py/hydrophone_streamer_pkg/_hydrophone_streamer_pkg_s.ep.rosidl_typesupport_introspection_c.c.o[0m
[10.990s] [ 93%] [32m[1mLinking C shared library rosidl_generator_py/hydrophone_streamer_pkg/hydrophone_streamer_pkg_s__rosidl_typesupport_introspection_c.cpython-38-x86_64-linux-gnu.so[0m
[11.033s] [ 93%] Built target hydrophone_streamer_pkg__rosidl_typesupport_introspection_c__pyext
[11.044s] [35m[1mScanning dependencies of target hydrophone_streamer_pkg__rosidl_typesupport_fastrtps_c__pyext[0m
[11.064s] [ 96%] [32mBuilding C object CMakeFiles/hydrophone_streamer_pkg__rosidl_typesupport_fastrtps_c__pyext.dir/rosidl_generator_py/hydrophone_streamer_pkg/_hydrophone_streamer_pkg_s.ep.rosidl_typesupport_fastrtps_c.c.o[0m
[11.161s] [100%] [32m[1mLinking CXX shared library rosidl_generator_py/hydrophone_streamer_pkg/hydrophone_streamer_pkg_s__rosidl_typesupport_fastrtps_c.cpython-38-x86_64-linux-gnu.so[0m
[11.233s] [100%] Built target hydrophone_streamer_pkg__rosidl_typesupport_fastrtps_c__pyext
[11.247s] Invoked command in '/home/jzn/hal/HAL/HAL/src/hydrophone_streamer_pkg/build/hydrophone_streamer_pkg' returned '0': /usr/bin/cmake --build /home/jzn/hal/HAL/HAL/src/hydrophone_streamer_pkg/build/hydrophone_streamer_pkg -- -j1 -l1
[11.320s] Invoking command in '/home/jzn/hal/HAL/HAL/src/hydrophone_streamer_pkg/build/hydrophone_streamer_pkg': /usr/bin/cmake --install /home/jzn/hal/HAL/HAL/src/hydrophone_streamer_pkg/build/hydrophone_streamer_pkg
[11.333s] -- Install configuration: ""
[11.333s] -- Installing: /home/jzn/hal/HAL/HAL/src/hydrophone_streamer_pkg/install/hydrophone_streamer_pkg/share/ament_index/resource_index/rosidl_interfaces/hydrophone_streamer_pkg
[11.333s] -- Installing: /home/jzn/hal/HAL/HAL/src/hydrophone_streamer_pkg/install/hydrophone_streamer_pkg/include/hydrophone_streamer_pkg
[11.334s] -- Installing: /home/jzn/hal/HAL/HAL/src/hydrophone_streamer_pkg/install/hydrophone_streamer_pkg/include/hydrophone_streamer_pkg/msg
[11.334s] -- Installing: /home/jzn/hal/HAL/HAL/src/hydrophone_streamer_pkg/install/hydrophone_streamer_pkg/include/hydrophone_streamer_pkg/msg/rosidl_generator_c__visibility_control.h
[11.334s] -- Installing: /home/jzn/hal/HAL/HAL/src/hydrophone_streamer_pkg/install/hydrophone_streamer_pkg/include/hydrophone_streamer_pkg/action
[11.334s] -- Installing: /home/jzn/hal/HAL/HAL/src/hydrophone_streamer_pkg/install/hydrophone_streamer_pkg/include/hydrophone_streamer_pkg/action/hydrophoneraw.h
[11.334s] -- Installing: /home/jzn/hal/HAL/HAL/src/hydrophone_streamer_pkg/install/hydrophone_streamer_pkg/include/hydrophone_streamer_pkg/action/detail
[11.335s] -- Installing: /home/jzn/hal/HAL/HAL/src/hydrophone_streamer_pkg/install/hydrophone_streamer_pkg/include/hydrophone_streamer_pkg/action/detail/hydrophoneraw__type_support.h
[11.335s] -- Installing: /home/jzn/hal/HAL/HAL/src/hydrophone_streamer_pkg/install/hydrophone_streamer_pkg/include/hydrophone_streamer_pkg/action/detail/hydrophoneraw__functions.c
[11.335s] -- Installing: /home/jzn/hal/HAL/HAL/src/hydrophone_streamer_pkg/install/hydrophone_streamer_pkg/include/hydrophone_streamer_pkg/action/detail/hydrophoneraw__struct.h
[11.335s] -- Installing: /home/jzn/hal/HAL/HAL/src/hydrophone_streamer_pkg/install/hydrophone_streamer_pkg/include/hydrophone_streamer_pkg/action/detail/hydrophoneraw__functions.h
[11.336s] -- Installing: /home/jzn/hal/HAL/HAL/src/hydrophone_streamer_pkg/install/hydrophone_streamer_pkg/share/hydrophone_streamer_pkg/environment/library_path.sh
[11.336s] -- Installing: /home/jzn/hal/HAL/HAL/src/hydrophone_streamer_pkg/install/hydrophone_streamer_pkg/share/hydrophone_streamer_pkg/environment/library_path.dsv
[11.336s] -- Installing: /home/jzn/hal/HAL/HAL/src/hydrophone_streamer_pkg/install/hydrophone_streamer_pkg/lib/libhydrophone_streamer_pkg__rosidl_generator_c.so
[11.337s] -- Set runtime path of "/home/jzn/hal/HAL/HAL/src/hydrophone_streamer_pkg/install/hydrophone_streamer_pkg/lib/libhydrophone_streamer_pkg__rosidl_generator_c.so" to ""
[11.337s] -- Up-to-date: /home/jzn/hal/HAL/HAL/src/hydrophone_streamer_pkg/install/hydrophone_streamer_pkg/include/hydrophone_streamer_pkg
[11.337s] -- Up-to-date: /home/jzn/hal/HAL/HAL/src/hydrophone_streamer_pkg/install/hydrophone_streamer_pkg/include/hydrophone_streamer_pkg/msg
[11.337s] -- Installing: /home/jzn/hal/HAL/HAL/src/hydrophone_streamer_pkg/install/hydrophone_streamer_pkg/include/hydrophone_streamer_pkg/msg/rosidl_typesupport_fastrtps_c__visibility_control.h
[11.338s] -- Up-to-date: /home/jzn/hal/HAL/HAL/src/hydrophone_streamer_pkg/install/hydrophone_streamer_pkg/include/hydrophone_streamer_pkg/action
[11.338s] -- Up-to-date: /home/jzn/hal/HAL/HAL/src/hydrophone_streamer_pkg/install/hydrophone_streamer_pkg/include/hydrophone_streamer_pkg/action/detail
[11.338s] -- Installing: /home/jzn/hal/HAL/HAL/src/hydrophone_streamer_pkg/install/hydrophone_streamer_pkg/include/hydrophone_streamer_pkg/action/detail/hydrophoneraw__rosidl_typesupport_fastrtps_c.h
[11.338s] -- Installing: /home/jzn/hal/HAL/HAL/src/hydrophone_streamer_pkg/install/hydrophone_streamer_pkg/lib/libhydrophone_streamer_pkg__rosidl_typesupport_fastrtps_c.so
[11.339s] -- Set runtime path of "/home/jzn/hal/HAL/HAL/src/hydrophone_streamer_pkg/install/hydrophone_streamer_pkg/lib/libhydrophone_streamer_pkg__rosidl_typesupport_fastrtps_c.so" to ""
[11.339s] -- Up-to-date: /home/jzn/hal/HAL/HAL/src/hydrophone_streamer_pkg/install/hydrophone_streamer_pkg/include/hydrophone_streamer_pkg
[11.339s] -- Up-to-date: /home/jzn/hal/HAL/HAL/src/hydrophone_streamer_pkg/install/hydrophone_streamer_pkg/include/hydrophone_streamer_pkg/msg
[11.339s] -- Installing: /home/jzn/hal/HAL/HAL/src/hydrophone_streamer_pkg/install/hydrophone_streamer_pkg/include/hydrophone_streamer_pkg/msg/rosidl_typesupport_fastrtps_cpp__visibility_control.h
[11.339s] -- Up-to-date: /home/jzn/hal/HAL/HAL/src/hydrophone_streamer_pkg/install/hydrophone_streamer_pkg/include/hydrophone_streamer_pkg/action
[11.340s] -- Up-to-date: /home/jzn/hal/HAL/HAL/src/hydrophone_streamer_pkg/install/hydrophone_streamer_pkg/include/hydrophone_streamer_pkg/action/detail
[11.340s] -- Installing: /home/jzn/hal/HAL/HAL/src/hydrophone_streamer_pkg/install/hydrophone_streamer_pkg/include/hydrophone_streamer_pkg/action/detail/hydrophoneraw__rosidl_typesupport_fastrtps_cpp.hpp
[11.340s] -- Installing: /home/jzn/hal/HAL/HAL/src/hydrophone_streamer_pkg/install/hydrophone_streamer_pkg/include/hydrophone_streamer_pkg/action/detail/dds_fastrtps
[11.340s] -- Installing: /home/jzn/hal/HAL/HAL/src/hydrophone_streamer_pkg/install/hydrophone_streamer_pkg/lib/libhydrophone_streamer_pkg__rosidl_typesupport_fastrtps_cpp.so
[11.341s] -- Set runtime path of "/home/jzn/hal/HAL/HAL/src/hydrophone_streamer_pkg/install/hydrophone_streamer_pkg/lib/libhydrophone_streamer_pkg__rosidl_typesupport_fastrtps_cpp.so" to ""
[11.341s] -- Up-to-date: /home/jzn/hal/HAL/HAL/src/hydrophone_streamer_pkg/install/hydrophone_streamer_pkg/include/hydrophone_streamer_pkg
[11.341s] -- Up-to-date: /home/jzn/hal/HAL/HAL/src/hydrophone_streamer_pkg/install/hydrophone_streamer_pkg/include/hydrophone_streamer_pkg/msg
[11.341s] -- Installing: /home/jzn/hal/HAL/HAL/src/hydrophone_streamer_pkg/install/hydrophone_streamer_pkg/include/hydrophone_streamer_pkg/msg/rosidl_typesupport_introspection_c__visibility_control.h
[11.341s] -- Up-to-date: /home/jzn/hal/HAL/HAL/src/hydrophone_streamer_pkg/install/hydrophone_streamer_pkg/include/hydrophone_streamer_pkg/action
[11.343s] -- Up-to-date: /home/jzn/hal/HAL/HAL/src/hydrophone_streamer_pkg/install/hydrophone_streamer_pkg/include/hydrophone_streamer_pkg/action/detail
[11.343s] -- Installing: /home/jzn/hal/HAL/HAL/src/hydrophone_streamer_pkg/install/hydrophone_streamer_pkg/include/hydrophone_streamer_pkg/action/detail/hydrophoneraw__type_support.c
[11.344s] -- Installing: /home/jzn/hal/HAL/HAL/src/hydrophone_streamer_pkg/install/hydrophone_streamer_pkg/include/hydrophone_streamer_pkg/action/detail/hydrophoneraw__rosidl_typesupport_introspection_c.h
[11.344s] -- Installing: /home/jzn/hal/HAL/HAL/src/hydrophone_streamer_pkg/install/hydrophone_streamer_pkg/lib/libhydrophone_streamer_pkg__rosidl_typesupport_introspection_c.so
[11.344s] -- Set runtime path of "/home/jzn/hal/HAL/HAL/src/hydrophone_streamer_pkg/install/hydrophone_streamer_pkg/lib/libhydrophone_streamer_pkg__rosidl_typesupport_introspection_c.so" to ""
[11.345s] -- Installing: /home/jzn/hal/HAL/HAL/src/hydrophone_streamer_pkg/install/hydrophone_streamer_pkg/lib/libhydrophone_streamer_pkg__rosidl_typesupport_c.so
[11.345s] -- Set runtime path of "/home/jzn/hal/HAL/HAL/src/hydrophone_streamer_pkg/install/hydrophone_streamer_pkg/lib/libhydrophone_streamer_pkg__rosidl_typesupport_c.so" to ""
[11.345s] -- Up-to-date: /home/jzn/hal/HAL/HAL/src/hydrophone_streamer_pkg/install/hydrophone_streamer_pkg/include/hydrophone_streamer_pkg
[11.345s] -- Up-to-date: /home/jzn/hal/HAL/HAL/src/hydrophone_streamer_pkg/install/hydrophone_streamer_pkg/include/hydrophone_streamer_pkg/action
[11.346s] -- Installing: /home/jzn/hal/HAL/HAL/src/hydrophone_streamer_pkg/install/hydrophone_streamer_pkg/include/hydrophone_streamer_pkg/action/hydrophoneraw.hpp
[11.346s] -- Up-to-date: /home/jzn/hal/HAL/HAL/src/hydrophone_streamer_pkg/install/hydrophone_streamer_pkg/include/hydrophone_streamer_pkg/action/detail
[11.346s] -- Installing: /home/jzn/hal/HAL/HAL/src/hydrophone_streamer_pkg/install/hydrophone_streamer_pkg/include/hydrophone_streamer_pkg/action/detail/hydrophoneraw__traits.hpp
[11.346s] -- Installing: /home/jzn/hal/HAL/HAL/src/hydrophone_streamer_pkg/install/hydrophone_streamer_pkg/include/hydrophone_streamer_pkg/action/detail/hydrophoneraw__builder.hpp
[11.346s] -- Installing: /home/jzn/hal/HAL/HAL/src/hydrophone_streamer_pkg/install/hydrophone_streamer_pkg/include/hydrophone_streamer_pkg/action/detail/hydrophoneraw__struct.hpp
[11.347s] -- Up-to-date: /home/jzn/hal/HAL/HAL/src/hydrophone_streamer_pkg/install/hydrophone_streamer_pkg/include/hydrophone_streamer_pkg
[11.347s] -- Up-to-date: /home/jzn/hal/HAL/HAL/src/hydrophone_streamer_pkg/install/hydrophone_streamer_pkg/include/hydrophone_streamer_pkg/action
[11.347s] -- Up-to-date: /home/jzn/hal/HAL/HAL/src/hydrophone_streamer_pkg/install/hydrophone_streamer_pkg/include/hydrophone_streamer_pkg/action/detail
[11.347s] -- Installing: /home/jzn/hal/HAL/HAL/src/hydrophone_streamer_pkg/install/hydrophone_streamer_pkg/include/hydrophone_streamer_pkg/action/detail/hydrophoneraw__rosidl_typesupport_introspection_cpp.hpp
[11.347s] -- Installing: /home/jzn/hal/HAL/HAL/src/hydrophone_streamer_pkg/install/hydrophone_streamer_pkg/include/hydrophone_streamer_pkg/action/detail/hydrophoneraw__type_support.cpp
[11.348s] -- Installing: /home/jzn/hal/HAL/HAL/src/hydrophone_streamer_pkg/install/hydrophone_streamer_pkg/lib/libhydrophone_streamer_pkg__rosidl_typesupport_introspection_cpp.so
[11.348s] -- Set runtime path of "/home/jzn/hal/HAL/HAL/src/hydrophone_streamer_pkg/install/hydrophone_streamer_pkg/lib/libhydrophone_streamer_pkg__rosidl_typesupport_introspection_cpp.so" to ""
[11.349s] -- Installing: /home/jzn/hal/HAL/HAL/src/hydrophone_streamer_pkg/install/hydrophone_streamer_pkg/lib/libhydrophone_streamer_pkg__rosidl_typesupport_cpp.so
[11.349s] -- Set runtime path of "/home/jzn/hal/HAL/HAL/src/hydrophone_streamer_pkg/install/hydrophone_streamer_pkg/lib/libhydrophone_streamer_pkg__rosidl_typesupport_cpp.so" to ""
[11.349s] -- Installing: /home/jzn/hal/HAL/HAL/src/hydrophone_streamer_pkg/install/hydrophone_streamer_pkg/share/hydrophone_streamer_pkg/environment/pythonpath.sh
[11.350s] -- Installing: /home/jzn/hal/HAL/HAL/src/hydrophone_streamer_pkg/install/hydrophone_streamer_pkg/share/hydrophone_streamer_pkg/environment/pythonpath.dsv
[11.350s] -- Installing: /home/jzn/hal/HAL/HAL/src/hydrophone_streamer_pkg/install/hydrophone_streamer_pkg/lib/python3.8/site-packages/hydrophone_streamer_pkg/__init__.py
[11.377s] Compiling '/home/jzn/hal/HAL/HAL/src/hydrophone_streamer_pkg/install/hydrophone_streamer_pkg/lib/python3.8/site-packages/hydrophone_streamer_pkg/__init__.py'...
[11.381s] -- Installing: /home/jzn/hal/HAL/HAL/src/hydrophone_streamer_pkg/install/hydrophone_streamer_pkg/lib/python3.8/site-packages/hydrophone_streamer_pkg/action
[11.403s] -- Installing: /home/jzn/hal/HAL/HAL/src/hydrophone_streamer_pkg/install/hydrophone_streamer_pkg/lib/python3.8/site-packages/hydrophone_streamer_pkg/action/_hydrophoneraw.py
[11.404s] -- Installing: /home/jzn/hal/HAL/HAL/src/hydrophone_streamer_pkg/install/hydrophone_streamer_pkg/lib/python3.8/site-packages/hydrophone_streamer_pkg/action/__init__.py
[11.404s] -- Installing: /home/jzn/hal/HAL/HAL/src/hydrophone_streamer_pkg/install/hydrophone_streamer_pkg/lib/python3.8/site-packages/hydrophone_streamer_pkg/action/_hydrophoneraw_s.c
[11.404s] -- Installing: /home/jzn/hal/HAL/HAL/src/hydrophone_streamer_pkg/install/hydrophone_streamer_pkg/lib/python3.8/site-packages/hydrophone_streamer_pkg/hydrophone_streamer_pkg_s__rosidl_typesupport_fastrtps_c.cpython-38-x86_64-linux-gnu.so
[11.405s] -- Set runtime path of "/home/jzn/hal/HAL/HAL/src/hydrophone_streamer_pkg/install/hydrophone_streamer_pkg/lib/python3.8/site-packages/hydrophone_streamer_pkg/hydrophone_streamer_pkg_s__rosidl_typesupport_fastrtps_c.cpython-38-x86_64-linux-gnu.so" to ""
[11.405s] -- Installing: /home/jzn/hal/HAL/HAL/src/hydrophone_streamer_pkg/install/hydrophone_streamer_pkg/lib/python3.8/site-packages/hydrophone_streamer_pkg/hydrophone_streamer_pkg_s__rosidl_typesupport_introspection_c.cpython-38-x86_64-linux-gnu.so
[11.406s] -- Set runtime path of "/home/jzn/hal/HAL/HAL/src/hydrophone_streamer_pkg/install/hydrophone_streamer_pkg/lib/python3.8/site-packages/hydrophone_streamer_pkg/hydrophone_streamer_pkg_s__rosidl_typesupport_introspection_c.cpython-38-x86_64-linux-gnu.so" to ""
[11.409s] -- Installing: /home/jzn/hal/HAL/HAL/src/hydrophone_streamer_pkg/install/hydrophone_streamer_pkg/lib/python3.8/site-packages/hydrophone_streamer_pkg/hydrophone_streamer_pkg_s__rosidl_typesupport_c.cpython-38-x86_64-linux-gnu.so
[11.409s] -- Set runtime path of "/home/jzn/hal/HAL/HAL/src/hydrophone_streamer_pkg/install/hydrophone_streamer_pkg/lib/python3.8/site-packages/hydrophone_streamer_pkg/hydrophone_streamer_pkg_s__rosidl_typesupport_c.cpython-38-x86_64-linux-gnu.so" to ""
[11.409s] -- Installing: /home/jzn/hal/HAL/HAL/src/hydrophone_streamer_pkg/install/hydrophone_streamer_pkg/lib/libhydrophone_streamer_pkg__python.so
[11.410s] -- Set runtime path of "/home/jzn/hal/HAL/HAL/src/hydrophone_streamer_pkg/install/hydrophone_streamer_pkg/lib/libhydrophone_streamer_pkg__python.so" to ""
[11.410s] -- Installing: /home/jzn/hal/HAL/HAL/src/hydrophone_streamer_pkg/install/hydrophone_streamer_pkg/share/hydrophone_streamer_pkg/action/Hydrophoneraw.idl
[11.410s] -- Installing: /home/jzn/hal/HAL/HAL/src/hydrophone_streamer_pkg/install/hydrophone_streamer_pkg/share/hydrophone_streamer_pkg/action/Hydrophoneraw.action
[11.411s] -- Installing: /home/jzn/hal/HAL/HAL/src/hydrophone_streamer_pkg/install/hydrophone_streamer_pkg/share/ament_index/resource_index/package_run_dependencies/hydrophone_streamer_pkg
[11.411s] -- Installing: /home/jzn/hal/HAL/HAL/src/hydrophone_streamer_pkg/install/hydrophone_streamer_pkg/share/ament_index/resource_index/parent_prefix_path/hydrophone_streamer_pkg
[11.411s] -- Installing: /home/jzn/hal/HAL/HAL/src/hydrophone_streamer_pkg/install/hydrophone_streamer_pkg/share/hydrophone_streamer_pkg/environment/ament_prefix_path.sh
[11.412s] -- Installing: /home/jzn/hal/HAL/HAL/src/hydrophone_streamer_pkg/install/hydrophone_streamer_pkg/share/hydrophone_streamer_pkg/environment/ament_prefix_path.dsv
[11.412s] -- Installing: /home/jzn/hal/HAL/HAL/src/hydrophone_streamer_pkg/install/hydrophone_streamer_pkg/share/hydrophone_streamer_pkg/environment/path.sh
[11.412s] -- Installing: /home/jzn/hal/HAL/HAL/src/hydrophone_streamer_pkg/install/hydrophone_streamer_pkg/share/hydrophone_streamer_pkg/environment/path.dsv
[11.412s] -- Installing: /home/jzn/hal/HAL/HAL/src/hydrophone_streamer_pkg/install/hydrophone_streamer_pkg/share/hydrophone_streamer_pkg/local_setup.bash
[11.413s] -- Installing: /home/jzn/hal/HAL/HAL/src/hydrophone_streamer_pkg/install/hydrophone_streamer_pkg/share/hydrophone_streamer_pkg/local_setup.sh
[11.413s] -- Installing: /home/jzn/hal/HAL/HAL/src/hydrophone_streamer_pkg/install/hydrophone_streamer_pkg/share/hydrophone_streamer_pkg/local_setup.zsh
[11.413s] -- Installing: /home/jzn/hal/HAL/HAL/src/hydrophone_streamer_pkg/install/hydrophone_streamer_pkg/share/hydrophone_streamer_pkg/local_setup.dsv
[11.414s] -- Installing: /home/jzn/hal/HAL/HAL/src/hydrophone_streamer_pkg/install/hydrophone_streamer_pkg/share/hydrophone_streamer_pkg/package.dsv
[11.414s] -- Installing: /home/jzn/hal/HAL/HAL/src/hydrophone_streamer_pkg/install/hydrophone_streamer_pkg/share/ament_index/resource_index/packages/hydrophone_streamer_pkg
[11.414s] -- Installing: /home/jzn/hal/HAL/HAL/src/hydrophone_streamer_pkg/install/hydrophone_streamer_pkg/share/hydrophone_streamer_pkg/cmake/hydrophone_streamer_pkg__rosidl_generator_cExport.cmake
[11.414s] -- Installing: /home/jzn/hal/HAL/HAL/src/hydrophone_streamer_pkg/install/hydrophone_streamer_pkg/share/hydrophone_streamer_pkg/cmake/hydrophone_streamer_pkg__rosidl_generator_cExport-noconfig.cmake
[11.415s] -- Installing: /home/jzn/hal/HAL/HAL/src/hydrophone_streamer_pkg/install/hydrophone_streamer_pkg/share/hydrophone_streamer_pkg/cmake/hydrophone_streamer_pkg__rosidl_typesupport_introspection_cExport.cmake
[11.415s] -- Installing: /home/jzn/hal/HAL/HAL/src/hydrophone_streamer_pkg/install/hydrophone_streamer_pkg/share/hydrophone_streamer_pkg/cmake/hydrophone_streamer_pkg__rosidl_typesupport_introspection_cExport-noconfig.cmake
[11.415s] -- Installing: /home/jzn/hal/HAL/HAL/src/hydrophone_streamer_pkg/install/hydrophone_streamer_pkg/share/hydrophone_streamer_pkg/cmake/hydrophone_streamer_pkg__rosidl_typesupport_cExport.cmake
[11.416s] -- Installing: /home/jzn/hal/HAL/HAL/src/hydrophone_streamer_pkg/install/hydrophone_streamer_pkg/share/hydrophone_streamer_pkg/cmake/hydrophone_streamer_pkg__rosidl_typesupport_cExport-noconfig.cmake
[11.416s] -- Installing: /home/jzn/hal/HAL/HAL/src/hydrophone_streamer_pkg/install/hydrophone_streamer_pkg/share/hydrophone_streamer_pkg/cmake/hydrophone_streamer_pkg__rosidl_generator_cppExport.cmake
[11.416s] -- Installing: /home/jzn/hal/HAL/HAL/src/hydrophone_streamer_pkg/install/hydrophone_streamer_pkg/share/hydrophone_streamer_pkg/cmake/hydrophone_streamer_pkg__rosidl_typesupport_introspection_cppExport.cmake
[11.416s] -- Installing: /home/jzn/hal/HAL/HAL/src/hydrophone_streamer_pkg/install/hydrophone_streamer_pkg/share/hydrophone_streamer_pkg/cmake/hydrophone_streamer_pkg__rosidl_typesupport_introspection_cppExport-noconfig.cmake
[11.417s] -- Installing: /home/jzn/hal/HAL/HAL/src/hydrophone_streamer_pkg/install/hydrophone_streamer_pkg/share/hydrophone_streamer_pkg/cmake/hydrophone_streamer_pkg__rosidl_typesupport_cppExport.cmake
[11.417s] -- Installing: /home/jzn/hal/HAL/HAL/src/hydrophone_streamer_pkg/install/hydrophone_streamer_pkg/share/hydrophone_streamer_pkg/cmake/hydrophone_streamer_pkg__rosidl_typesupport_cppExport-noconfig.cmake
[11.418s] -- Installing: /home/jzn/hal/HAL/HAL/src/hydrophone_streamer_pkg/install/hydrophone_streamer_pkg/share/hydrophone_streamer_pkg/cmake/rosidl_cmake-extras.cmake
[11.418s] -- Installing: /home/jzn/hal/HAL/HAL/src/hydrophone_streamer_pkg/install/hydrophone_streamer_pkg/share/hydrophone_streamer_pkg/cmake/ament_cmake_export_dependencies-extras.cmake
[11.418s] -- Installing: /home/jzn/hal/HAL/HAL/src/hydrophone_streamer_pkg/install/hydrophone_streamer_pkg/share/hydrophone_streamer_pkg/cmake/ament_cmake_export_libraries-extras.cmake
[11.419s] -- Installing: /home/jzn/hal/HAL/HAL/src/hydrophone_streamer_pkg/install/hydrophone_streamer_pkg/share/hydrophone_streamer_pkg/cmake/ament_cmake_export_targets-extras.cmake
[11.419s] -- Installing: /home/jzn/hal/HAL/HAL/src/hydrophone_streamer_pkg/install/hydrophone_streamer_pkg/share/hydrophone_streamer_pkg/cmake/ament_cmake_export_include_directories-extras.cmake
[11.419s] -- Installing: /home/jzn/hal/HAL/HAL/src/hydrophone_streamer_pkg/install/hydrophone_streamer_pkg/share/hydrophone_streamer_pkg/cmake/rosidl_cmake_export_typesupport_libraries-extras.cmake
[11.419s] -- Installing: /home/jzn/hal/HAL/HAL/src/hydrophone_streamer_pkg/install/hydrophone_streamer_pkg/share/hydrophone_streamer_pkg/cmake/rosidl_cmake_export_typesupport_targets-extras.cmake
[11.420s] -- Installing: /home/jzn/hal/HAL/HAL/src/hydrophone_streamer_pkg/install/hydrophone_streamer_pkg/share/hydrophone_streamer_pkg/cmake/hydrophone_streamer_pkgConfig.cmake
[11.420s] -- Installing: /home/jzn/hal/HAL/HAL/src/hydrophone_streamer_pkg/install/hydrophone_streamer_pkg/share/hydrophone_streamer_pkg/cmake/hydrophone_streamer_pkgConfig-version.cmake
[11.420s] -- Installing: /home/jzn/hal/HAL/HAL/src/hydrophone_streamer_pkg/install/hydrophone_streamer_pkg/share/hydrophone_streamer_pkg/package.xml
[11.428s] Invoked command in '/home/jzn/hal/HAL/HAL/src/hydrophone_streamer_pkg/build/hydrophone_streamer_pkg' returned '0': /usr/bin/cmake --install /home/jzn/hal/HAL/HAL/src/hydrophone_streamer_pkg/build/hydrophone_streamer_pkg
