-- Found ament_cmake: 0.9.8 (/home/jzn/ros2_foxy/ros2-linux/share/ament_cmake/cmake)
-- Using PYTHON_EXECUTABLE: /usr/bin/python3
-- Found rclpy: 1.0.4 (/home/jzn/ros2_foxy/ros2-linux/share/rclpy/cmake)
-- Found std_msgs: 2.0.3 (/home/jzn/ros2_foxy/ros2-linux/share/std_msgs/cmake)
-- Using all available rosidl_typesupport_c: rosidl_typesupport_connext_c;rosidl_typesupport_fastrtps_c;rosidl_typesupport_introspection_c
-- Found rosidl_adapter: 1.2.0 (/home/jzn/ros2_foxy/ros2-linux/share/rosidl_adapter/cmake)
-- Could not find RTI Connext - skipping rosidl_typesupport_connext_c
-- Could not find RTI Connext - skipping rosidl_typesupport_connext_cpp
CMake Error at /usr/share/cmake-3.16/Modules/FindPackageHandleStandardArgs.cmake:146 (message):
  Could NOT find OpenSSL, try to set the path to OpenSSL root folder in the
  system variable OPENSSL_ROOT_DIR (missing: OPENSSL_CRYPTO_LIBRARY
  OPENSSL_INCLUDE_DIR)
Call Stack (most recent call first):
  /usr/share/cmake-3.16/Modules/FindPackageHandleStandardArgs.cmake:393 (_FPHSA_FAILURE_MESSAGE)
  /usr/share/cmake-3.16/Modules/FindOpenSSL.cmake:447 (find_package_handle_standard_args)
  /home/jzn/ros2_foxy/ros2-linux/share/fastrtps/cmake/fastrtps-config.cmake:52 (find_package)
  /home/jzn/ros2_foxy/ros2-linux/share/rosidl_typesupport_fastrtps_c/cmake/rosidl_typesupport_fastrtps_c-extras.cmake:6 (find_package)
  /home/jzn/ros2_foxy/ros2-linux/share/rosidl_typesupport_fastrtps_c/cmake/rosidl_typesupport_fastrtps_cConfig.cmake:41 (include)
  /home/jzn/ros2_foxy/ros2-linux/share/rosidl_typesupport_c/cmake/rosidl_typesupport_c-extras.cmake:13 (find_package)
  /home/jzn/ros2_foxy/ros2-linux/share/rosidl_typesupport_c/cmake/rosidl_typesupport_cConfig.cmake:41 (include)
  /home/jzn/ros2_foxy/ros2-linux/share/rosidl_default_runtime/cmake/rosidl_default_runtime-extras.cmake:12 (find_package)
  /home/jzn/ros2_foxy/ros2-linux/share/rosidl_default_runtime/cmake/rosidl_default_runtimeConfig.cmake:41 (include)
  /home/jzn/ros2_foxy/ros2-linux/share/builtin_interfaces/cmake/ament_cmake_export_dependencies-extras.cmake:21 (find_package)
  /home/jzn/ros2_foxy/ros2-linux/share/builtin_interfaces/cmake/builtin_interfacesConfig.cmake:41 (include)
  /home/jzn/ros2_foxy/ros2-linux/share/std_msgs/cmake/ament_cmake_export_dependencies-extras.cmake:21 (find_package)
  /home/jzn/ros2_foxy/ros2-linux/share/std_msgs/cmake/std_msgsConfig.cmake:41 (include)
  CMakeLists.txt:21 (find_package)


-- Configuring incomplete, errors occurred!
See also "/home/jzn/hal/HAL/HAL/src/hydrophone_streamer_pkg/build/hydrophone_streamer_pkg/CMakeFiles/CMakeOutput.log".
